<?xml version="1.0" encoding="UTF-8"?>
<coverage generated="1760398594923" clover="3.2.0">
  <project timestamp="1760398594923" name="All files">
    <metrics statements="993" coveredstatements="858" conditionals="451" coveredconditionals="332" methods="241" coveredmethods="196" elements="1685" coveredelements="1386" complexity="0" loc="993" ncloc="993" packages="46" files="70" classes="70"/>
    <package name="src">
      <metrics statements="18" coveredstatements="18" conditionals="8" coveredconditionals="5" methods="5" coveredmethods="4"/>
      <file name="App.tsx" path="/home/runner/work/Typescript_Capacitor_SecurePlanner/Typescript_Capacitor_SecurePlanner/src/App.tsx">
        <metrics statements="6" coveredstatements="6" conditionals="4" coveredconditionals="4" methods="1" coveredmethods="1"/>
        <line num="18" count="2" type="stmt"/>
        <line num="19" count="11" type="stmt"/>
        <line num="20" count="11" type="stmt"/>
        <line num="22" count="11" type="stmt"/>
        <line num="23" count="11" type="stmt"/>
        <line num="25" count="11" type="stmt"/>
      </file>
      <file name="darkModeDetector.ts" path="/home/runner/work/Typescript_Capacitor_SecurePlanner/Typescript_Capacitor_SecurePlanner/src/darkModeDetector.ts">
        <metrics statements="8" coveredstatements="8" conditionals="4" coveredconditionals="1" methods="4" coveredmethods="3"/>
        <line num="4" count="11" type="stmt"/>
        <line num="6" count="11" type="stmt"/>
        <line num="7" count="5" type="stmt"/>
        <line num="8" count="5" type="cond" truecount="0" falsecount="2"/>
        <line num="10" count="5" type="stmt"/>
        <line num="12" count="5" type="cond" truecount="1" falsecount="1"/>
        <line num="14" count="5" type="stmt"/>
        <line num="17" count="11" type="stmt"/>
      </file>
      <file name="i18n.ts" path="/home/runner/work/Typescript_Capacitor_SecurePlanner/Typescript_Capacitor_SecurePlanner/src/i18n.ts">
        <metrics statements="2" coveredstatements="2" conditionals="0" coveredconditionals="0" methods="0" coveredmethods="0"/>
        <line num="24" count="53" type="stmt"/>
        <line num="44" count="53" type="stmt"/>
      </file>
      <file name="index.tsx" path="/home/runner/work/Typescript_Capacitor_SecurePlanner/Typescript_Capacitor_SecurePlanner/src/index.tsx">
        <metrics statements="2" coveredstatements="2" conditionals="0" coveredconditionals="0" methods="0" coveredmethods="0"/>
        <line num="6" count="1" type="stmt"/>
        <line num="9" count="1" type="stmt"/>
      </file>
    </package>
    <package name="src.custom_components.config">
      <metrics statements="8" coveredstatements="8" conditionals="0" coveredconditionals="0" methods="0" coveredmethods="0"/>
      <file name="featureFlags.ts" path="/home/runner/work/Typescript_Capacitor_SecurePlanner/Typescript_Capacitor_SecurePlanner/src/custom_components/config/featureFlags.ts">
        <metrics statements="6" coveredstatements="6" conditionals="0" coveredconditionals="0" methods="0" coveredmethods="0"/>
        <line num="1" count="19" type="stmt"/>
        <line num="2" count="19" type="stmt"/>
        <line num="4" count="19" type="stmt"/>
        <line num="5" count="19" type="stmt"/>
        <line num="7" count="19" type="stmt"/>
        <line num="9" count="19" type="stmt"/>
      </file>
      <file name="notAllowedStrings.ts" path="/home/runner/work/Typescript_Capacitor_SecurePlanner/Typescript_Capacitor_SecurePlanner/src/custom_components/config/notAllowedStrings.ts">
        <metrics statements="1" coveredstatements="1" conditionals="0" coveredconditionals="0" methods="0" coveredmethods="0"/>
        <line num="5" count="13" type="stmt"/>
      </file>
      <file name="toIgnoreKeys.ts" path="/home/runner/work/Typescript_Capacitor_SecurePlanner/Typescript_Capacitor_SecurePlanner/src/custom_components/config/toIgnoreKeys.ts">
        <metrics statements="1" coveredstatements="1" conditionals="0" coveredconditionals="0" methods="0" coveredmethods="0"/>
        <line num="2" count="4" type="stmt"/>
      </file>
    </package>
    <package name="src.custom_components.enums">
      <metrics statements="0" coveredstatements="0" conditionals="0" coveredconditionals="0" methods="0" coveredmethods="0"/>
      <file name="SecurityLevel.enum.ts" path="/home/runner/work/Typescript_Capacitor_SecurePlanner/Typescript_Capacitor_SecurePlanner/src/custom_components/enums/SecurityLevel.enum.ts">
        <metrics statements="0" coveredstatements="0" conditionals="0" coveredconditionals="0" methods="0" coveredmethods="0"/>
      </file>
      <file name="priority.enum.ts" path="/home/runner/work/Typescript_Capacitor_SecurePlanner/Typescript_Capacitor_SecurePlanner/src/custom_components/enums/priority.enum.ts">
        <metrics statements="0" coveredstatements="0" conditionals="0" coveredconditionals="0" methods="0" coveredmethods="0"/>
      </file>
    </package>
    <package name="src.custom_components.handleNotes.editNote.container">
      <metrics statements="91" coveredstatements="55" conditionals="30" coveredconditionals="13" methods="20" coveredmethods="8"/>
      <file name="container-editNote.tsx" path="/home/runner/work/Typescript_Capacitor_SecurePlanner/Typescript_Capacitor_SecurePlanner/src/custom_components/handleNotes/editNote/container/container-editNote.tsx">
        <metrics statements="91" coveredstatements="55" conditionals="30" coveredconditionals="13" methods="20" coveredmethods="8"/>
        <line num="22" count="3" type="stmt"/>
        <line num="25" count="15" type="stmt"/>
        <line num="26" count="15" type="stmt"/>
        <line num="27" count="15" type="stmt"/>
        <line num="28" count="15" type="stmt"/>
        <line num="29" count="15" type="stmt"/>
        <line num="31" count="15" type="stmt"/>
        <line num="32" count="29" type="cond" truecount="2" falsecount="0"/>
        <line num="35" count="15" type="stmt"/>
        <line num="38" count="15" type="stmt"/>
        <line num="46" count="15" type="stmt"/>
        <line num="54" count="15" type="stmt"/>
        <line num="56" count="15" type="stmt"/>
        <line num="57" count="7" type="stmt"/>
        <line num="58" count="7" type="stmt"/>
        <line num="60" count="7" type="cond" truecount="1" falsecount="1"/>
        <line num="61" count="7" type="stmt"/>
        <line num="62" count="0" type="cond" truecount="0" falsecount="2"/>
        <line num="63" count="0" type="stmt"/>
        <line num="68" count="0" type="cond" truecount="0" falsecount="2"/>
        <line num="69" count="0" type="stmt"/>
        <line num="74" count="0" type="cond" truecount="0" falsecount="2"/>
        <line num="75" count="0" type="stmt"/>
        <line num="84" count="0" type="stmt"/>
        <line num="91" count="15" type="stmt"/>
        <line num="92" count="4" type="cond" truecount="1" falsecount="1"/>
        <line num="93" count="4" type="stmt"/>
        <line num="94" count="4" type="stmt"/>
        <line num="95" count="4" type="cond" truecount="2" falsecount="0"/>
        <line num="96" count="2" type="stmt"/>
        <line num="100" count="2" type="stmt"/>
        <line num="101" count="2" type="stmt"/>
        <line num="102" count="2" type="cond" truecount="1" falsecount="1"/>
        <line num="103" count="0" type="stmt"/>
        <line num="105" count="2" type="stmt"/>
        <line num="108" count="0" type="stmt"/>
        <line num="113" count="15" type="stmt"/>
        <line num="114" count="4" type="stmt"/>
        <line num="117" count="15" type="stmt"/>
        <line num="118" count="11" type="stmt"/>
        <line num="119" count="11" type="stmt"/>
        <line num="120" count="11" type="cond" truecount="2" falsecount="0"/>
        <line num="126" count="7" type="stmt"/>
        <line num="127" count="7" type="stmt"/>
        <line num="128" count="7" type="stmt"/>
        <line num="129" count="7" type="stmt"/>
        <line num="131" count="0" type="stmt"/>
        <line num="136" count="15" type="stmt"/>
        <line num="137" count="11" type="stmt"/>
        <line num="140" count="15" type="stmt"/>
        <line num="142" count="0" type="stmt"/>
        <line num="144" count="15" type="stmt"/>
        <line num="150" count="15" type="stmt"/>
        <line num="152" count="15" type="stmt"/>
        <line num="155" count="0" type="cond" truecount="0" falsecount="2"/>
        <line num="157" count="0" type="stmt"/>
        <line num="160" count="15" type="stmt"/>
        <line num="161" count="0" type="stmt"/>
        <line num="167" count="15" type="stmt"/>
        <line num="168" count="0" type="stmt"/>
        <line num="169" count="0" type="stmt"/>
        <line num="172" count="15" type="stmt"/>
        <line num="176" count="5" type="stmt"/>
        <line num="177" count="5" type="stmt"/>
        <line num="178" count="5" type="stmt"/>
        <line num="179" count="5" type="stmt"/>
        <line num="183" count="0" type="stmt"/>
        <line num="184" count="0" type="stmt"/>
        <line num="185" count="0" type="stmt"/>
        <line num="188" count="15" type="stmt"/>
        <line num="189" count="0" type="stmt"/>
        <line num="190" count="0" type="cond" truecount="0" falsecount="2"/>
        <line num="191" count="0" type="stmt"/>
        <line num="192" count="0" type="stmt"/>
        <line num="195" count="0" type="stmt"/>
        <line num="202" count="15" type="stmt"/>
        <line num="203" count="0" type="stmt"/>
        <line num="205" count="0" type="stmt"/>
        <line num="206" count="0" type="cond" truecount="0" falsecount="2"/>
        <line num="207" count="0" type="stmt"/>
        <line num="209" count="0" type="stmt"/>
        <line num="212" count="0" type="stmt"/>
        <line num="218" count="15" type="stmt"/>
        <line num="219" count="0" type="stmt"/>
        <line num="226" count="0" type="stmt"/>
        <line num="227" count="0" type="cond" truecount="0" falsecount="2"/>
        <line num="228" count="0" type="stmt"/>
        <line num="230" count="0" type="stmt"/>
        <line num="235" count="15" type="stmt"/>
        <line num="243" count="15" type="stmt"/>
        <line num="262" count="0" type="stmt"/>
      </file>
    </package>
    <package name="src.custom_components.handleNotes.editNote.screen">
      <metrics statements="9" coveredstatements="5" conditionals="14" coveredconditionals="9" methods="7" coveredmethods="3"/>
      <file name="screen-editNote.tsx" path="/home/runner/work/Typescript_Capacitor_SecurePlanner/Typescript_Capacitor_SecurePlanner/src/custom_components/handleNotes/editNote/screen/screen-editNote.tsx">
        <metrics statements="9" coveredstatements="5" conditionals="14" coveredconditionals="9" methods="7" coveredmethods="3"/>
        <line num="44" count="3" type="stmt"/>
        <line num="65" count="15" type="stmt"/>
        <line num="68" count="15" type="stmt"/>
        <line num="96" count="3" type="stmt"/>
        <line num="109" count="2" type="stmt"/>
        <line num="127" count="0" type="stmt"/>
        <line num="140" count="0" type="stmt"/>
        <line num="177" count="0" type="stmt"/>
        <line num="194" count="0" type="stmt"/>
      </file>
    </package>
    <package name="src.custom_components.handleNotes.editNote.screen.ui.dateWithClock">
      <metrics statements="2" coveredstatements="2" conditionals="0" coveredconditionals="0" methods="1" coveredmethods="1"/>
      <file name="dateWithClock.tsx" path="/home/runner/work/Typescript_Capacitor_SecurePlanner/Typescript_Capacitor_SecurePlanner/src/custom_components/handleNotes/editNote/screen/ui/dateWithClock/dateWithClock.tsx">
        <metrics statements="2" coveredstatements="2" conditionals="0" coveredconditionals="0" methods="1" coveredmethods="1"/>
        <line num="9" count="3" type="stmt"/>
        <line num="10" count="14" type="stmt"/>
      </file>
    </package>
    <package name="src.custom_components.handleNotes.editNote.screen.ui.progressBar">
      <metrics statements="16" coveredstatements="16" conditionals="14" coveredconditionals="14" methods="2" coveredmethods="2"/>
      <file name="progressBar.tsx" path="/home/runner/work/Typescript_Capacitor_SecurePlanner/Typescript_Capacitor_SecurePlanner/src/custom_components/handleNotes/editNote/screen/ui/progressBar/progressBar.tsx">
        <metrics statements="16" coveredstatements="16" conditionals="14" coveredconditionals="14" methods="2" coveredmethods="2"/>
        <line num="12" count="5" type="stmt"/>
        <line num="21" count="77" type="stmt"/>
        <line num="22" count="77" type="cond" truecount="2" falsecount="0"/>
        <line num="23" count="58" type="stmt"/>
        <line num="24" count="19" type="cond" truecount="2" falsecount="0"/>
        <line num="25" count="1" type="stmt"/>
        <line num="26" count="18" type="cond" truecount="2" falsecount="0"/>
        <line num="27" count="3" type="stmt"/>
        <line num="29" count="15" type="stmt"/>
        <line num="33" count="77" type="stmt"/>
        <line num="35" count="77" type="stmt"/>
        <line num="43" count="77" type="stmt"/>
        <line num="55" count="77" type="stmt"/>
        <line num="67" count="77" type="stmt"/>
        <line num="75" count="77" type="stmt"/>
        <line num="89" count="77" type="stmt"/>
      </file>
    </package>
    <package name="src.custom_components.handleNotes.editNote.screen.ui.progressBarMenu">
      <metrics statements="20" coveredstatements="16" conditionals="6" coveredconditionals="5" methods="10" coveredmethods="6"/>
      <file name="progressBarMenu.tsx" path="/home/runner/work/Typescript_Capacitor_SecurePlanner/Typescript_Capacitor_SecurePlanner/src/custom_components/handleNotes/editNote/screen/ui/progressBarMenu/progressBarMenu.tsx">
        <metrics statements="7" coveredstatements="7" conditionals="4" coveredconditionals="4" methods="4" coveredmethods="4"/>
        <line num="14" count="4" type="stmt"/>
        <line num="21" count="23" type="stmt"/>
        <line num="22" count="23" type="stmt"/>
        <line num="24" count="23" type="stmt"/>
        <line num="28" count="3" type="stmt"/>
        <line num="37" count="17" type="stmt"/>
        <line num="43" count="1" type="stmt"/>
      </file>
      <file name="progressBarScreen.tsx" path="/home/runner/work/Typescript_Capacitor_SecurePlanner/Typescript_Capacitor_SecurePlanner/src/custom_components/handleNotes/editNote/screen/ui/progressBarMenu/progressBarScreen.tsx">
        <metrics statements="13" coveredstatements="9" conditionals="2" coveredconditionals="1" methods="6" coveredmethods="2"/>
        <line num="16" count="4" type="stmt"/>
        <line num="25" count="23" type="stmt"/>
        <line num="26" count="23" type="stmt"/>
        <line num="27" count="23" type="stmt"/>
        <line num="30" count="23" type="stmt"/>
        <line num="31" count="3" type="cond" truecount="1" falsecount="1"/>
        <line num="32" count="3" type="stmt"/>
        <line num="33" count="3" type="stmt"/>
        <line num="36" count="23" type="stmt"/>
        <line num="45" count="0" type="stmt"/>
        <line num="55" count="0" type="stmt"/>
        <line num="65" count="0" type="stmt"/>
        <line num="75" count="0" type="stmt"/>
      </file>
    </package>
    <package name="src.custom_components.handleNotes.editToDoElement.container">
      <metrics statements="75" coveredstatements="60" conditionals="41" coveredconditionals="24" methods="13" coveredmethods="13"/>
      <file name="container-editToDo.tsx" path="/home/runner/work/Typescript_Capacitor_SecurePlanner/Typescript_Capacitor_SecurePlanner/src/custom_components/handleNotes/editToDoElement/container/container-editToDo.tsx">
        <metrics statements="75" coveredstatements="60" conditionals="41" coveredconditionals="24" methods="13" coveredmethods="13"/>
        <line num="21" count="4" type="stmt"/>
        <line num="26" count="15" type="stmt"/>
        <line num="27" count="15" type="stmt"/>
        <line num="28" count="15" type="cond" truecount="1" falsecount="1"/>
        <line num="29" count="15" type="stmt"/>
        <line num="32" count="15" type="stmt"/>
        <line num="48" count="15" type="stmt"/>
        <line num="50" count="4" type="stmt"/>
        <line num="51" count="4" type="cond" truecount="1" falsecount="1"/>
        <line num="52" count="4" type="stmt"/>
        <line num="55" count="4" type="stmt"/>
        <line num="56" count="4" type="stmt"/>
        <line num="60" count="4" type="cond" truecount="1" falsecount="1"/>
        <line num="61" count="0" type="stmt"/>
        <line num="64" count="0" type="stmt"/>
        <line num="65" count="0" type="stmt"/>
        <line num="67" count="0" type="cond" truecount="0" falsecount="2"/>
        <line num="68" count="0" type="cond" truecount="0" falsecount="2"/>
        <line num="69" count="0" type="stmt"/>
        <line num="74" count="0" type="stmt"/>
        <line num="82" count="4" type="stmt"/>
        <line num="85" count="15" type="stmt"/>
        <line num="86" count="9" type="stmt"/>
        <line num="87" count="9" type="stmt"/>
        <line num="88" count="10" type="cond" truecount="2" falsecount="2"/>
        <line num="89" count="0" type="stmt"/>
        <line num="93" count="9" type="stmt"/>
        <line num="97" count="15" type="stmt"/>
        <line num="107" count="15" type="stmt"/>
        <line num="108" count="5" type="stmt"/>
        <line num="110" count="5" type="cond" truecount="2" falsecount="0"/>
        <line num="116" count="1" type="stmt"/>
        <line num="119" count="1" type="stmt"/>
        <line num="120" count="1" type="stmt"/>
        <line num="121" count="1" type="stmt"/>
        <line num="122" count="1" type="stmt"/>
        <line num="124" count="1" type="cond" truecount="1" falsecount="1"/>
        <line num="125" count="1" type="stmt"/>
        <line num="127" count="0" type="stmt"/>
        <line num="129" count="1" type="stmt"/>
        <line num="132" count="1" type="stmt"/>
        <line num="133" count="1" type="stmt"/>
        <line num="139" count="0" type="stmt"/>
        <line num="146" count="5" type="stmt"/>
        <line num="147" count="5" type="stmt"/>
        <line num="150" count="15" type="stmt"/>
        <line num="152" count="10" type="stmt"/>
        <line num="158" count="10" type="stmt"/>
        <line num="159" count="10" type="stmt"/>
        <line num="162" count="15" type="stmt"/>
        <line num="164" count="4" type="stmt"/>
        <line num="165" count="4" type="stmt"/>
        <line num="169" count="4" type="cond" truecount="4" falsecount="1"/>
        <line num="170" count="4" type="stmt"/>
        <line num="171" count="4" type="cond" truecount="1" falsecount="1"/>
        <line num="172" count="4" type="cond" truecount="1" falsecount="1"/>
        <line num="173" count="4" type="stmt"/>
        <line num="174" count="4" type="stmt"/>
        <line num="176" count="4" type="cond" truecount="1" falsecount="1"/>
        <line num="177" count="0" type="stmt"/>
        <line num="181" count="0" type="stmt"/>
        <line num="183" count="4" type="stmt"/>
        <line num="189" count="0" type="stmt"/>
        <line num="196" count="0" type="stmt"/>
        <line num="204" count="4" type="stmt"/>
        <line num="205" count="4" type="stmt"/>
        <line num="215" count="15" type="stmt"/>
        <line num="219" count="1" type="stmt"/>
        <line num="220" count="1" type="cond" truecount="3" falsecount="1"/>
        <line num="221" count="1" type="stmt"/>
        <line num="225" count="1" type="stmt"/>
        <line num="228" count="15" type="stmt"/>
        <line num="230" count="15" type="cond" truecount="1" falsecount="1"/>
        <line num="231" count="0" type="stmt"/>
        <line num="234" count="15" type="stmt"/>
      </file>
    </package>
    <package name="src.custom_components.handleNotes.editToDoElement.screens">
      <metrics statements="10" coveredstatements="8" conditionals="0" coveredconditionals="0" methods="6" coveredmethods="4"/>
      <file name="screen-editToDo-TooMuch.tsx" path="/home/runner/work/Typescript_Capacitor_SecurePlanner/Typescript_Capacitor_SecurePlanner/src/custom_components/handleNotes/editToDoElement/screens/screen-editToDo-TooMuch.tsx">
        <metrics statements="3" coveredstatements="3" conditionals="0" coveredconditionals="0" methods="1" coveredmethods="1"/>
        <line num="6" count="5" type="stmt"/>
        <line num="7" count="1" type="stmt"/>
        <line num="9" count="1" type="stmt"/>
      </file>
      <file name="screen-editToDo.tsx" path="/home/runner/work/Typescript_Capacitor_SecurePlanner/Typescript_Capacitor_SecurePlanner/src/custom_components/handleNotes/editToDoElement/screens/screen-editToDo.tsx">
        <metrics statements="7" coveredstatements="5" conditionals="0" coveredconditionals="0" methods="5" coveredmethods="3"/>
        <line num="24" count="5" type="stmt"/>
        <line num="34" count="13" type="stmt"/>
        <line num="36" count="13" type="stmt"/>
        <line num="52" count="1" type="stmt"/>
        <line num="79" count="0" type="stmt"/>
        <line num="84" count="0" type="stmt"/>
        <line num="100" count="2" type="stmt"/>
      </file>
    </package>
    <package name="src.custom_components.handleNotes.editToDoElement.screens.ui.dataPicker">
      <metrics statements="5" coveredstatements="4" conditionals="2" coveredconditionals="1" methods="3" coveredmethods="2"/>
      <file name="dataPicker.tsx" path="/home/runner/work/Typescript_Capacitor_SecurePlanner/Typescript_Capacitor_SecurePlanner/src/custom_components/handleNotes/editToDoElement/screens/ui/dataPicker/dataPicker.tsx">
        <metrics statements="5" coveredstatements="4" conditionals="2" coveredconditionals="1" methods="3" coveredmethods="2"/>
        <line num="13" count="6" type="stmt"/>
        <line num="15" count="14" type="stmt"/>
        <line num="37" count="6" type="stmt"/>
        <line num="38" count="14" type="stmt"/>
        <line num="41" count="0" type="stmt"/>
      </file>
    </package>
    <package name="src.custom_components.handleNotes.editToDoElement.screens.ui.priorityIndicator">
      <metrics statements="16" coveredstatements="16" conditionals="2" coveredconditionals="2" methods="5" coveredmethods="5"/>
      <file name="priorityIndicator.tsx" path="/home/runner/work/Typescript_Capacitor_SecurePlanner/Typescript_Capacitor_SecurePlanner/src/custom_components/handleNotes/editToDoElement/screens/ui/priorityIndicator/priorityIndicator.tsx">
        <metrics statements="16" coveredstatements="16" conditionals="2" coveredconditionals="2" methods="5" coveredmethods="5"/>
        <line num="6" count="6" type="stmt"/>
        <line num="21" count="6" type="stmt"/>
        <line num="25" count="24" type="stmt"/>
        <line num="31" count="24" type="stmt"/>
        <line num="35" count="24" type="stmt"/>
        <line num="36" count="3" type="stmt"/>
        <line num="37" count="3" type="stmt"/>
        <line num="38" count="12" type="stmt"/>
        <line num="41" count="3" type="cond" truecount="2" falsecount="0"/>
        <line num="42" count="2" type="stmt"/>
        <line num="43" count="2" type="stmt"/>
        <line num="47" count="24" type="stmt"/>
        <line num="48" count="13" type="stmt"/>
        <line num="51" count="24" type="stmt"/>
        <line num="52" count="24" type="stmt"/>
        <line num="54" count="24" type="stmt"/>
      </file>
    </package>
    <package name="src.custom_components.handleNotes.viewNote.container">
      <metrics statements="57" coveredstatements="54" conditionals="25" coveredconditionals="21" methods="17" coveredmethods="16"/>
      <file name="container-viewNote.tsx" path="/home/runner/work/Typescript_Capacitor_SecurePlanner/Typescript_Capacitor_SecurePlanner/src/custom_components/handleNotes/viewNote/container/container-viewNote.tsx">
        <metrics statements="33" coveredstatements="30" conditionals="14" coveredconditionals="11" methods="8" coveredmethods="7"/>
        <line num="15" count="4" type="stmt"/>
        <line num="16" count="13" type="stmt"/>
        <line num="17" count="13" type="stmt"/>
        <line num="18" count="13" type="stmt"/>
        <line num="20" count="13" type="stmt"/>
        <line num="22" count="13" type="stmt"/>
        <line num="23" count="1" type="stmt"/>
        <line num="26" count="13" type="stmt"/>
        <line num="27" count="1" type="cond" truecount="3" falsecount="1"/>
        <line num="28" count="0" type="stmt"/>
        <line num="31" count="1" type="stmt"/>
        <line num="35" count="13" type="stmt"/>
        <line num="36" count="14" type="stmt"/>
        <line num="38" count="0" type="stmt"/>
        <line num="42" count="13" type="stmt"/>
        <line num="43" count="21" type="stmt"/>
        <line num="46" count="13" type="stmt"/>
        <line num="47" count="7" type="stmt"/>
        <line num="48" count="7" type="stmt"/>
        <line num="50" count="7" type="stmt"/>
        <line num="51" count="14" type="stmt"/>
        <line num="52" count="14" type="cond" truecount="4" falsecount="0"/>
        <line num="53" count="7" type="cond" truecount="2" falsecount="0"/>
        <line num="54" count="42" type="stmt"/>
        <line num="57" count="14" type="cond" truecount="1" falsecount="1"/>
        <line num="58" count="14" type="stmt"/>
        <line num="60" count="14" type="stmt"/>
        <line num="61" count="14" type="stmt"/>
        <line num="63" count="7" type="stmt"/>
        <line num="66" count="13" type="stmt"/>
        <line num="67" count="27" type="cond" truecount="1" falsecount="1"/>
        <line num="68" count="0" type="stmt"/>
        <line num="71" count="13" type="stmt"/>
      </file>
      <file name="getNotes.ts" path="/home/runner/work/Typescript_Capacitor_SecurePlanner/Typescript_Capacitor_SecurePlanner/src/custom_components/handleNotes/viewNote/container/getNotes.ts">
        <metrics statements="24" coveredstatements="24" conditionals="11" coveredconditionals="10" methods="9" coveredmethods="9"/>
        <line num="9" count="5" type="stmt"/>
        <line num="14" count="13" type="stmt"/>
        <line num="16" count="13" type="stmt"/>
        <line num="17" count="7" type="stmt"/>
        <line num="18" count="7" type="stmt"/>
        <line num="19" count="7" type="cond" truecount="1" falsecount="1"/>
        <line num="20" count="7" type="stmt"/>
        <line num="21" count="7" type="stmt"/>
        <line num="22" count="7" type="stmt"/>
        <line num="25" count="7" type="stmt"/>
        <line num="28" count="13" type="stmt"/>
        <line num="31" count="5" type="stmt"/>
        <line num="32" count="11" type="stmt"/>
        <line num="33" count="13" type="cond" truecount="2" falsecount="0"/>
        <line num="34" count="11" type="cond" truecount="2" falsecount="0"/>
        <line num="35" count="2" type="stmt"/>
        <line num="40" count="5" type="stmt"/>
        <line num="44" count="11" type="stmt"/>
        <line num="45" count="18" type="stmt"/>
        <line num="47" count="18" type="stmt"/>
        <line num="48" count="18" type="stmt"/>
        <line num="49" count="18" type="stmt"/>
        <line num="54" count="5" type="cond" truecount="2" falsecount="0"/>
        <line num="59" count="11" type="stmt"/>
      </file>
    </package>
    <package name="src.custom_components.handleNotes.viewNote.screen">
      <metrics statements="5" coveredstatements="5" conditionals="6" coveredconditionals="6" methods="3" coveredmethods="3"/>
      <file name="screen-viewNote.tsx" path="/home/runner/work/Typescript_Capacitor_SecurePlanner/Typescript_Capacitor_SecurePlanner/src/custom_components/handleNotes/viewNote/screen/screen-viewNote.tsx">
        <metrics statements="5" coveredstatements="5" conditionals="6" coveredconditionals="6" methods="3" coveredmethods="3"/>
        <line num="26" count="4" type="stmt"/>
        <line num="35" count="13" type="stmt"/>
        <line num="37" count="13" type="stmt"/>
        <line num="42" count="14" type="stmt"/>
        <line num="45" count="1" type="stmt"/>
      </file>
    </package>
    <package name="src.custom_components.notNotesRelated.encryption_modal.container">
      <metrics statements="52" coveredstatements="39" conditionals="28" coveredconditionals="14" methods="15" coveredmethods="13"/>
      <file name="container-encryption-modal.tsx" path="/home/runner/work/Typescript_Capacitor_SecurePlanner/Typescript_Capacitor_SecurePlanner/src/custom_components/notNotesRelated/encryption_modal/container/container-encryption-modal.tsx">
        <metrics statements="52" coveredstatements="39" conditionals="28" coveredconditionals="14" methods="15" coveredmethods="13"/>
        <line num="25" count="3" type="stmt"/>
        <line num="26" count="26" type="stmt"/>
        <line num="27" count="26" type="stmt"/>
        <line num="28" count="26" type="stmt"/>
        <line num="29" count="26" type="cond" truecount="2" falsecount="0"/>
        <line num="30" count="26" type="stmt"/>
        <line num="32" count="26" type="stmt"/>
        <line num="34" count="26" type="stmt"/>
        <line num="35" count="12" type="stmt"/>
        <line num="36" count="12" type="cond" truecount="2" falsecount="0"/>
        <line num="37" count="7" type="stmt"/>
        <line num="40" count="12" type="stmt"/>
        <line num="44" count="3" type="cond" truecount="2" falsecount="0"/>
        <line num="45" count="1" type="cond" truecount="1" falsecount="1"/>
        <line num="47" count="0" type="stmt"/>
        <line num="48" count="0" type="stmt"/>
        <line num="49" count="0" type="stmt"/>
        <line num="52" count="1" type="stmt"/>
        <line num="54" count="1" type="stmt"/>
        <line num="56" count="2" type="stmt"/>
        <line num="60" count="26" type="stmt"/>
        <line num="61" count="3" type="stmt"/>
        <line num="62" count="3" type="cond" truecount="2" falsecount="0"/>
        <line num="63" count="2" type="stmt"/>
        <line num="64" count="2" type="cond" truecount="1" falsecount="1"/>
        <line num="65" count="0" type="cond" truecount="0" falsecount="2"/>
        <line num="69" count="0" type="stmt"/>
        <line num="71" count="0" type="stmt"/>
        <line num="74" count="2" type="stmt"/>
        <line num="79" count="26" type="stmt"/>
        <line num="80" count="4" type="stmt"/>
        <line num="83" count="2" type="stmt"/>
        <line num="86" count="1" type="stmt"/>
        <line num="87" count="1" type="stmt"/>
        <line num="88" count="1" type="stmt"/>
        <line num="89" count="1" type="stmt"/>
        <line num="92" count="1" type="stmt"/>
        <line num="98" count="1" type="stmt"/>
        <line num="101" count="1" type="stmt"/>
        <line num="107" count="26" type="stmt"/>
        <line num="111" count="26" type="stmt"/>
        <line num="113" count="12" type="stmt"/>
        <line num="114" count="12" type="cond" truecount="1" falsecount="1"/>
        <line num="115" count="0" type="stmt"/>
        <line num="120" count="0" type="stmt"/>
        <line num="121" count="0" type="cond" truecount="0" falsecount="2"/>
        <line num="127" count="0" type="stmt"/>
        <line num="128" count="0" type="cond" truecount="0" falsecount="2"/>
        <line num="129" count="0" type="stmt"/>
        <line num="133" count="0" type="stmt"/>
        <line num="136" count="26" type="stmt"/>
        <line num="147" count="1" type="stmt"/>
      </file>
    </package>
    <package name="src.custom_components.notNotesRelated.encryption_modal.screen">
      <metrics statements="4" coveredstatements="4" conditionals="8" coveredconditionals="8" methods="2" coveredmethods="2"/>
      <file name="screen-encryption-modal.tsx" path="/home/runner/work/Typescript_Capacitor_SecurePlanner/Typescript_Capacitor_SecurePlanner/src/custom_components/notNotesRelated/encryption_modal/screen/screen-encryption-modal.tsx">
        <metrics statements="4" coveredstatements="4" conditionals="8" coveredconditionals="8" methods="2" coveredmethods="2"/>
        <line num="24" count="4" type="stmt"/>
        <line num="33" count="30" type="stmt"/>
        <line num="35" count="30" type="stmt"/>
        <line num="73" count="5" type="stmt"/>
      </file>
    </package>
    <package name="src.custom_components.notNotesRelated.navBar.container">
      <metrics statements="25" coveredstatements="21" conditionals="16" coveredconditionals="9" methods="7" coveredmethods="5"/>
      <file name="container-navBar.tsx" path="/home/runner/work/Typescript_Capacitor_SecurePlanner/Typescript_Capacitor_SecurePlanner/src/custom_components/notNotesRelated/navBar/container/container-navBar.tsx">
        <metrics statements="25" coveredstatements="21" conditionals="16" coveredconditionals="9" methods="7" coveredmethods="5"/>
        <line num="10" count="7" type="stmt"/>
        <line num="13" count="12" type="stmt"/>
        <line num="14" count="12" type="stmt"/>
        <line num="15" count="12" type="stmt"/>
        <line num="16" count="12" type="stmt"/>
        <line num="17" count="12" type="stmt"/>
        <line num="20" count="12" type="stmt"/>
        <line num="21" count="12" type="stmt"/>
        <line num="23" count="12" type="stmt"/>
        <line num="24" count="1" type="cond" truecount="1" falsecount="1"/>
        <line num="25" count="1" type="stmt"/>
        <line num="27" count="0" type="stmt"/>
        <line num="31" count="12" type="stmt"/>
        <line num="32" count="1" type="stmt"/>
        <line num="35" count="12" type="stmt"/>
        <line num="36" count="2" type="stmt"/>
        <line num="37" count="2" type="stmt"/>
        <line num="40" count="12" type="stmt"/>
        <line num="41" count="1" type="stmt"/>
        <line num="42" count="1" type="stmt"/>
        <line num="45" count="12" type="stmt"/>
        <line num="46" count="0" type="cond" truecount="0" falsecount="4"/>
        <line num="47" count="0" type="stmt"/>
        <line num="48" count="0" type="stmt"/>
        <line num="52" count="12" type="stmt"/>
      </file>
    </package>
    <package name="src.custom_components.notNotesRelated.navBar.screen">
      <metrics statements="2" coveredstatements="2" conditionals="6" coveredconditionals="5" methods="1" coveredmethods="1"/>
      <file name="screen-navBar.tsx" path="/home/runner/work/Typescript_Capacitor_SecurePlanner/Typescript_Capacitor_SecurePlanner/src/custom_components/notNotesRelated/navBar/screen/screen-navBar.tsx">
        <metrics statements="2" coveredstatements="2" conditionals="6" coveredconditionals="5" methods="1" coveredmethods="1"/>
        <line num="21" count="7" type="stmt"/>
        <line num="33" count="10" type="stmt"/>
      </file>
    </package>
    <package name="src.custom_components.notNotesRelated.settings.container">
      <metrics statements="46" coveredstatements="24" conditionals="14" coveredconditionals="3" methods="12" coveredmethods="5"/>
      <file name="container_settings.tsx" path="/home/runner/work/Typescript_Capacitor_SecurePlanner/Typescript_Capacitor_SecurePlanner/src/custom_components/notNotesRelated/settings/container/container_settings.tsx">
        <metrics statements="46" coveredstatements="24" conditionals="14" coveredconditionals="3" methods="12" coveredmethods="5"/>
        <line num="10" count="3" type="stmt"/>
        <line num="11" count="8" type="stmt"/>
        <line num="13" count="8" type="stmt"/>
        <line num="14" count="0" type="cond" truecount="0" falsecount="2"/>
        <line num="15" count="0" type="stmt"/>
        <line num="17" count="0" type="stmt"/>
        <line num="20" count="8" type="stmt"/>
        <line num="21" count="0" type="cond" truecount="0" falsecount="2"/>
        <line num="22" count="0" type="stmt"/>
        <line num="24" count="0" type="stmt"/>
        <line num="28" count="8" type="stmt"/>
        <line num="29" count="8" type="stmt"/>
        <line num="31" count="8" type="stmt"/>
        <line num="32" count="8" type="stmt"/>
        <line num="33" count="4" type="stmt"/>
        <line num="34" count="4" type="cond" truecount="1" falsecount="1"/>
        <line num="35" count="4" type="stmt"/>
        <line num="38" count="4" type="stmt"/>
        <line num="41" count="8" type="stmt"/>
        <line num="45" count="0" type="cond" truecount="0" falsecount="2"/>
        <line num="46" count="0" type="stmt"/>
        <line num="47" count="0" type="cond" truecount="0" falsecount="2"/>
        <line num="48" count="0" type="stmt"/>
        <line num="49" count="0" type="stmt"/>
        <line num="53" count="0" type="stmt"/>
        <line num="56" count="0" type="stmt"/>
        <line num="57" count="0" type="stmt"/>
        <line num="58" count="0" type="stmt"/>
        <line num="62" count="8" type="stmt"/>
        <line num="63" count="1" type="cond" truecount="1" falsecount="1"/>
        <line num="64" count="1" type="stmt"/>
        <line num="65" count="1" type="stmt"/>
        <line num="69" count="8" type="stmt"/>
        <line num="70" count="1" type="cond" truecount="1" falsecount="1"/>
        <line num="71" count="1" type="stmt"/>
        <line num="72" count="1" type="stmt"/>
        <line num="75" count="1" type="stmt"/>
        <line num="77" count="0" type="stmt"/>
        <line num="78" count="0" type="stmt"/>
        <line num="84" count="0" type="stmt"/>
        <line num="85" count="0" type="stmt"/>
        <line num="87" count="0" type="stmt"/>
        <line num="90" count="8" type="stmt"/>
        <line num="91" count="0" type="stmt"/>
        <line num="94" count="8" type="stmt"/>
        <line num="104" count="0" type="stmt"/>
      </file>
    </package>
    <package name="src.custom_components.notNotesRelated.settings.screen">
      <metrics statements="9" coveredstatements="9" conditionals="11" coveredconditionals="7" methods="6" coveredmethods="6"/>
      <file name="screen_settings.tsx" path="/home/runner/work/Typescript_Capacitor_SecurePlanner/Typescript_Capacitor_SecurePlanner/src/custom_components/notNotesRelated/settings/screen/screen_settings.tsx">
        <metrics statements="9" coveredstatements="9" conditionals="11" coveredconditionals="7" methods="6" coveredmethods="6"/>
        <line num="25" count="4" type="stmt"/>
        <line num="37" count="16" type="stmt"/>
        <line num="38" count="16" type="stmt"/>
        <line num="40" count="16" type="stmt"/>
        <line num="95" count="1" type="stmt"/>
        <line num="102" count="2" type="stmt"/>
        <line num="109" count="2" type="stmt"/>
        <line num="148" count="1" type="stmt"/>
        <line num="155" count="1" type="stmt"/>
      </file>
    </package>
    <package name="src.custom_components.notNotesRelated.welcomeScreen.container">
      <metrics statements="14" coveredstatements="14" conditionals="6" coveredconditionals="5" methods="8" coveredmethods="8"/>
      <file name="container-welcomeScreen.tsx" path="/home/runner/work/Typescript_Capacitor_SecurePlanner/Typescript_Capacitor_SecurePlanner/src/custom_components/notNotesRelated/welcomeScreen/container/container-welcomeScreen.tsx">
        <metrics statements="14" coveredstatements="14" conditionals="6" coveredconditionals="5" methods="8" coveredmethods="8"/>
        <line num="15" count="4" type="stmt"/>
        <line num="16" count="8" type="stmt"/>
        <line num="17" count="8" type="stmt"/>
        <line num="20" count="8" type="stmt"/>
        <line num="21" count="8" type="stmt"/>
        <line num="22" count="1" type="cond" truecount="1" falsecount="1"/>
        <line num="23" count="1" type="stmt"/>
        <line num="27" count="8" type="stmt"/>
        <line num="28" count="2" type="stmt"/>
        <line num="29" count="1" type="stmt"/>
        <line num="34" count="8" type="stmt"/>
        <line num="35" count="32" type="cond" truecount="2" falsecount="0"/>
        <line num="36" count="28" type="stmt"/>
        <line num="39" count="8" type="stmt"/>
      </file>
    </package>
    <package name="src.custom_components.notNotesRelated.welcomeScreen.container.SubContainer">
      <metrics statements="57" coveredstatements="54" conditionals="12" coveredconditionals="8" methods="14" coveredmethods="13"/>
      <file name="container-welcome1.tsx" path="/home/runner/work/Typescript_Capacitor_SecurePlanner/Typescript_Capacitor_SecurePlanner/src/custom_components/notNotesRelated/welcomeScreen/container/SubContainer/container-welcome1.tsx">
        <metrics statements="3" coveredstatements="3" conditionals="0" coveredconditionals="0" methods="1" coveredmethods="1"/>
        <line num="10" count="4" type="stmt"/>
        <line num="14" count="8" type="stmt"/>
        <line num="16" count="8" type="stmt"/>
      </file>
      <file name="container-welcome2.tsx" path="/home/runner/work/Typescript_Capacitor_SecurePlanner/Typescript_Capacitor_SecurePlanner/src/custom_components/notNotesRelated/welcomeScreen/container/SubContainer/container-welcome2.tsx">
        <metrics statements="3" coveredstatements="3" conditionals="0" coveredconditionals="0" methods="1" coveredmethods="1"/>
        <line num="10" count="4" type="stmt"/>
        <line num="14" count="8" type="stmt"/>
        <line num="16" count="8" type="stmt"/>
      </file>
      <file name="container-welcome3.tsx" path="/home/runner/work/Typescript_Capacitor_SecurePlanner/Typescript_Capacitor_SecurePlanner/src/custom_components/notNotesRelated/welcomeScreen/container/SubContainer/container-welcome3.tsx">
        <metrics statements="18" coveredstatements="18" conditionals="4" coveredconditionals="3" methods="6" coveredmethods="6"/>
        <line num="11" count="5" type="stmt"/>
        <line num="16" count="11" type="stmt"/>
        <line num="17" count="11" type="stmt"/>
        <line num="18" count="11" type="stmt"/>
        <line num="20" count="11" type="stmt"/>
        <line num="24" count="9" type="cond" truecount="1" falsecount="1"/>
        <line num="27" count="11" type="stmt"/>
        <line num="28" count="5" type="cond" truecount="2" falsecount="0"/>
        <line num="29" count="1" type="stmt"/>
        <line num="30" count="3" type="stmt"/>
        <line num="31" count="3" type="stmt"/>
        <line num="32" count="3" type="stmt"/>
        <line num="34" count="1" type="stmt"/>
        <line num="36" count="4" type="stmt"/>
        <line num="37" count="4" type="stmt"/>
        <line num="38" count="4" type="stmt"/>
        <line num="42" count="11" type="stmt"/>
        <line num="45" count="11" type="stmt"/>
      </file>
      <file name="container-welcome4.tsx" path="/home/runner/work/Typescript_Capacitor_SecurePlanner/Typescript_Capacitor_SecurePlanner/src/custom_components/notNotesRelated/welcomeScreen/container/SubContainer/container-welcome4.tsx">
        <metrics statements="20" coveredstatements="20" conditionals="4" coveredconditionals="4" methods="3" coveredmethods="3"/>
        <line num="16" count="5" type="stmt"/>
        <line num="22" count="15" type="stmt"/>
        <line num="23" count="15" type="stmt"/>
        <line num="25" count="15" type="stmt"/>
        <line num="26" count="8" type="cond" truecount="2" falsecount="0"/>
        <line num="27" count="8" type="stmt"/>
        <line num="28" count="8" type="stmt"/>
        <line num="29" count="8" type="stmt"/>
        <line num="32" count="15" type="stmt"/>
        <line num="33" count="2" type="stmt"/>
        <line num="34" count="2" type="stmt"/>
        <line num="35" count="2" type="stmt"/>
        <line num="37" count="2" type="cond" truecount="2" falsecount="0"/>
        <line num="38" count="1" type="stmt"/>
        <line num="40" count="1" type="stmt"/>
        <line num="41" count="1" type="stmt"/>
        <line num="46" count="1" type="stmt"/>
        <line num="50" count="1" type="stmt"/>
        <line num="52" count="1" type="stmt"/>
        <line num="56" count="15" type="stmt"/>
      </file>
      <file name="container-welcome5.tsx" path="/home/runner/work/Typescript_Capacitor_SecurePlanner/Typescript_Capacitor_SecurePlanner/src/custom_components/notNotesRelated/welcomeScreen/container/SubContainer/container-welcome5.tsx">
        <metrics statements="13" coveredstatements="10" conditionals="4" coveredconditionals="1" methods="3" coveredmethods="2"/>
        <line num="5" count="5" type="stmt"/>
        <line num="10" count="11" type="stmt"/>
        <line num="11" count="11" type="stmt"/>
        <line num="12" count="11" type="stmt"/>
        <line num="13" count="11" type="stmt"/>
        <line num="15" count="11" type="stmt"/>
        <line num="16" count="1" type="cond" truecount="1" falsecount="1"/>
        <line num="18" count="1" type="stmt"/>
        <line num="19" count="1" type="stmt"/>
        <line num="21" count="0" type="stmt"/>
        <line num="22" count="0" type="stmt"/>
        <line num="26" count="0" type="stmt"/>
        <line num="30" count="11" type="stmt"/>
      </file>
    </package>
    <package name="src.custom_components.notNotesRelated.welcomeScreen.screens">
      <metrics statements="11" coveredstatements="10" conditionals="8" coveredconditionals="8" methods="6" coveredmethods="5"/>
      <file name="screen-welcome1.tsx" path="/home/runner/work/Typescript_Capacitor_SecurePlanner/Typescript_Capacitor_SecurePlanner/src/custom_components/notNotesRelated/welcomeScreen/screens/screen-welcome1.tsx">
        <metrics statements="2" coveredstatements="2" conditionals="2" coveredconditionals="2" methods="1" coveredmethods="1"/>
        <line num="8" count="5" type="stmt"/>
        <line num="17" count="7" type="stmt"/>
      </file>
      <file name="screen-welcome2.tsx" path="/home/runner/work/Typescript_Capacitor_SecurePlanner/Typescript_Capacitor_SecurePlanner/src/custom_components/notNotesRelated/welcomeScreen/screens/screen-welcome2.tsx">
        <metrics statements="2" coveredstatements="2" conditionals="0" coveredconditionals="0" methods="1" coveredmethods="1"/>
        <line num="8" count="5" type="stmt"/>
        <line num="18" count="7" type="stmt"/>
      </file>
      <file name="screen-welcome3.tsx" path="/home/runner/work/Typescript_Capacitor_SecurePlanner/Typescript_Capacitor_SecurePlanner/src/custom_components/notNotesRelated/welcomeScreen/screens/screen-welcome3.tsx">
        <metrics statements="2" coveredstatements="2" conditionals="0" coveredconditionals="0" methods="1" coveredmethods="1"/>
        <line num="17" count="6" type="stmt"/>
        <line num="25" count="10" type="stmt"/>
      </file>
      <file name="screen-welcome4.tsx" path="/home/runner/work/Typescript_Capacitor_SecurePlanner/Typescript_Capacitor_SecurePlanner/src/custom_components/notNotesRelated/welcomeScreen/screens/screen-welcome4.tsx">
        <metrics statements="2" coveredstatements="2" conditionals="4" coveredconditionals="4" methods="1" coveredmethods="1"/>
        <line num="18" count="6" type="stmt"/>
        <line num="27" count="13" type="stmt"/>
      </file>
      <file name="screen-welcome5.tsx" path="/home/runner/work/Typescript_Capacitor_SecurePlanner/Typescript_Capacitor_SecurePlanner/src/custom_components/notNotesRelated/welcomeScreen/screens/screen-welcome5.tsx">
        <metrics statements="3" coveredstatements="2" conditionals="2" coveredconditionals="2" methods="2" coveredmethods="1"/>
        <line num="19" count="6" type="stmt"/>
        <line num="28" count="11" type="stmt"/>
        <line num="56" count="0" type="stmt"/>
      </file>
    </package>
    <package name="src.custom_components.notNotesRelated.welcomeScreen.screens.ui.continueBtn">
      <metrics statements="2" coveredstatements="2" conditionals="0" coveredconditionals="0" methods="1" coveredmethods="1"/>
      <file name="continue-button.tsx" path="/home/runner/work/Typescript_Capacitor_SecurePlanner/Typescript_Capacitor_SecurePlanner/src/custom_components/notNotesRelated/welcomeScreen/screens/ui/continueBtn/continue-button.tsx">
        <metrics statements="2" coveredstatements="2" conditionals="0" coveredconditionals="0" methods="1" coveredmethods="1"/>
        <line num="9" count="13" type="stmt"/>
        <line num="10" count="49" type="stmt"/>
      </file>
    </package>
    <package name="src.custom_components.notNotesRelated.welcomeScreen.screens.ui.passwordInputField">
      <metrics statements="3" coveredstatements="3" conditionals="0" coveredconditionals="0" methods="1" coveredmethods="1"/>
      <file name="passwordInputField.tsx" path="/home/runner/work/Typescript_Capacitor_SecurePlanner/Typescript_Capacitor_SecurePlanner/src/custom_components/notNotesRelated/welcomeScreen/screens/ui/passwordInputField/passwordInputField.tsx">
        <metrics statements="3" coveredstatements="3" conditionals="0" coveredconditionals="0" methods="1" coveredmethods="1"/>
        <line num="9" count="7" type="stmt"/>
        <line num="10" count="14" type="stmt"/>
        <line num="12" count="14" type="stmt"/>
      </file>
    </package>
    <package name="src.custom_components.notNotesRelated.welcomeScreen.screens.ui.progressDots">
      <metrics statements="3" coveredstatements="3" conditionals="4" coveredconditionals="4" methods="2" coveredmethods="2"/>
      <file name="progressDots.tsx" path="/home/runner/work/Typescript_Capacitor_SecurePlanner/Typescript_Capacitor_SecurePlanner/src/custom_components/notNotesRelated/welcomeScreen/screens/ui/progressDots/progressDots.tsx">
        <metrics statements="3" coveredstatements="3" conditionals="4" coveredconditionals="4" methods="2" coveredmethods="2"/>
        <line num="9" count="13" type="stmt"/>
        <line num="10" count="50" type="stmt"/>
        <line num="14" count="219" type="stmt"/>
      </file>
    </package>
    <package name="src.custom_components.notNotesRelated.welcomeScreen.screens.ui.radioBtns">
      <metrics statements="4" coveredstatements="4" conditionals="4" coveredconditionals="4" methods="2" coveredmethods="2"/>
      <file name="generic-radioBtn.tsx" path="/home/runner/work/Typescript_Capacitor_SecurePlanner/Typescript_Capacitor_SecurePlanner/src/custom_components/notNotesRelated/welcomeScreen/screens/ui/radioBtns/generic-radioBtn.tsx">
        <metrics statements="4" coveredstatements="4" conditionals="4" coveredconditionals="4" methods="2" coveredmethods="2"/>
        <line num="11" count="9" type="stmt"/>
        <line num="17" count="65" type="stmt"/>
        <line num="18" count="65" type="stmt"/>
        <line num="21" count="65" type="stmt"/>
      </file>
    </package>
    <package name="src.custom_components.services.encryptionEngine">
      <metrics statements="81" coveredstatements="75" conditionals="33" coveredconditionals="28" methods="9" coveredmethods="9"/>
      <file name="encryptionEngine.ts" path="/home/runner/work/Typescript_Capacitor_SecurePlanner/Typescript_Capacitor_SecurePlanner/src/custom_components/services/encryptionEngine/encryptionEngine.ts">
        <metrics statements="81" coveredstatements="75" conditionals="33" coveredconditionals="28" methods="9" coveredmethods="9"/>
        <line num="8" count="13" type="stmt"/>
        <line num="12" count="43" type="stmt"/>
        <line num="13" count="43" type="stmt"/>
        <line num="15" count="43" type="stmt"/>
        <line num="16" count="43" type="cond" truecount="1" falsecount="1"/>
        <line num="18" count="43" type="stmt"/>
        <line num="24" count="13" type="stmt"/>
        <line num="25" count="4" type="stmt"/>
        <line num="26" count="4" type="stmt"/>
        <line num="28" count="4" type="stmt"/>
        <line num="29" count="4" type="cond" truecount="2" falsecount="0"/>
        <line num="31" count="4" type="stmt"/>
        <line num="36" count="4" type="stmt"/>
        <line num="39" count="13" type="stmt"/>
        <line num="45" count="28" type="stmt"/>
        <line num="46" count="28" type="stmt"/>
        <line num="48" count="28" type="cond" truecount="2" falsecount="0"/>
        <line num="49" count="4" type="cond" truecount="4" falsecount="0"/>
        <line num="50" count="3" type="stmt"/>
        <line num="55" count="3" type="cond" truecount="2" falsecount="0"/>
        <line num="56" count="1" type="stmt"/>
        <line num="58" count="2" type="stmt"/>
        <line num="59" count="2" type="stmt"/>
        <line num="63" count="2" type="cond" truecount="2" falsecount="0"/>
        <line num="66" count="1" type="stmt"/>
        <line num="68" count="1" type="stmt"/>
        <line num="72" count="1" type="stmt"/>
        <line num="75" count="24" type="stmt"/>
        <line num="77" count="28" type="stmt"/>
        <line num="80" count="13" type="stmt"/>
        <line num="84" count="26" type="stmt"/>
        <line num="85" count="26" type="stmt"/>
        <line num="86" count="26" type="stmt"/>
        <line num="88" count="26" type="stmt"/>
        <line num="94" count="26" type="stmt"/>
        <line num="95" count="26" type="stmt"/>
        <line num="100" count="26" type="stmt"/>
        <line num="103" count="13" type="stmt"/>
        <line num="107" count="26" type="stmt"/>
        <line num="109" count="26" type="cond" truecount="2" falsecount="0"/>
        <line num="110" count="3" type="stmt"/>
        <line num="113" count="23" type="stmt"/>
        <line num="114" count="23" type="cond" truecount="2" falsecount="0"/>
        <line num="115" count="1" type="stmt"/>
        <line num="117" count="22" type="stmt"/>
        <line num="121" count="13" type="stmt"/>
        <line num="125" count="25" type="cond" truecount="2" falsecount="0"/>
        <line num="126" count="1" type="stmt"/>
        <line num="129" count="24" type="stmt"/>
        <line num="134" count="24" type="stmt"/>
        <line num="135" count="24" type="cond" truecount="5" falsecount="0"/>
        <line num="136" count="17" type="stmt"/>
        <line num="137" count="17" type="stmt"/>
        <line num="143" count="17" type="stmt"/>
        <line num="145" count="17" type="stmt"/>
        <line num="147" count="7" type="stmt"/>
        <line num="151" count="13" type="stmt"/>
        <line num="152" count="61" type="stmt"/>
        <line num="153" count="61" type="stmt"/>
        <line num="156" count="13" type="stmt"/>
        <line num="160" count="3" type="stmt"/>
        <line num="161" count="3" type="cond" truecount="1" falsecount="1"/>
        <line num="162" count="0" type="stmt"/>
        <line num="168" count="3" type="stmt"/>
        <line num="169" count="3" type="stmt"/>
        <line num="170" count="3" type="stmt"/>
        <line num="176" count="3" type="cond" truecount="1" falsecount="1"/>
        <line num="177" count="0" type="stmt"/>
        <line num="178" count="0" type="stmt"/>
        <line num="180" count="3" type="stmt"/>
        <line num="186" count="13" type="stmt"/>
        <line num="189" count="1" type="stmt"/>
        <line num="190" count="1" type="stmt"/>
        <line num="191" count="1" type="stmt"/>
        <line num="198" count="1" type="stmt"/>
        <line num="199" count="1" type="cond" truecount="1" falsecount="1"/>
        <line num="200" count="0" type="stmt"/>
        <line num="203" count="1" type="cond" truecount="1" falsecount="1"/>
        <line num="204" count="0" type="stmt"/>
        <line num="205" count="0" type="stmt"/>
        <line num="208" count="1" type="stmt"/>
      </file>
    </package>
    <package name="src.custom_components.services.equals">
      <metrics statements="19" coveredstatements="19" conditionals="14" coveredconditionals="14" methods="1" coveredmethods="1"/>
      <file name="equals.ts" path="/home/runner/work/Typescript_Capacitor_SecurePlanner/Typescript_Capacitor_SecurePlanner/src/custom_components/services/equals/equals.ts">
        <metrics statements="19" coveredstatements="19" conditionals="14" coveredconditionals="14" methods="1" coveredmethods="1"/>
        <line num="2" count="24" type="cond" truecount="2" falsecount="0"/>
        <line num="3" count="2" type="stmt"/>
        <line num="5" count="22" type="cond" truecount="2" falsecount="0"/>
        <line num="6" count="12" type="stmt"/>
        <line num="8" count="10" type="cond" truecount="2" falsecount="0"/>
        <line num="9" count="5" type="cond" truecount="2" falsecount="0"/>
        <line num="10" count="1" type="stmt"/>
        <line num="12" count="4" type="stmt"/>
        <line num="13" count="4" type="cond" truecount="2" falsecount="0"/>
        <line num="14" count="1" type="stmt"/>
        <line num="17" count="3" type="stmt"/>
        <line num="19" count="5" type="stmt"/>
        <line num="20" count="5" type="stmt"/>
        <line num="21" count="5" type="cond" truecount="2" falsecount="0"/>
        <line num="22" count="1" type="stmt"/>
        <line num="24" count="4" type="stmt"/>
        <line num="25" count="7" type="cond" truecount="2" falsecount="0"/>
        <line num="26" count="3" type="stmt"/>
        <line num="29" count="1" type="stmt"/>
      </file>
    </package>
    <package name="src.custom_components.services.fileHandler">
      <metrics statements="74" coveredstatements="71" conditionals="34" coveredconditionals="23" methods="9" coveredmethods="9"/>
      <file name="fileHandler.ts" path="/home/runner/work/Typescript_Capacitor_SecurePlanner/Typescript_Capacitor_SecurePlanner/src/custom_components/services/fileHandler/fileHandler.ts">
        <metrics statements="35" coveredstatements="32" conditionals="28" coveredconditionals="18" methods="2" coveredmethods="2"/>
        <line num="13" count="4" type="stmt"/>
        <line num="14" count="1" type="stmt"/>
        <line num="15" count="1" type="stmt"/>
        <line num="16" count="2" type="stmt"/>
        <line num="17" count="2" type="cond" truecount="1" falsecount="1"/>
        <line num="18" count="2" type="stmt"/>
        <line num="19" count="2" type="cond" truecount="1" falsecount="1"/>
        <line num="20" count="2" type="stmt"/>
        <line num="21" count="2" type="stmt"/>
        <line num="26" count="1" type="stmt"/>
        <line num="27" count="1" type="stmt"/>
        <line num="28" count="1" type="stmt"/>
        <line num="30" count="1" type="stmt"/>
        <line num="36" count="1" type="stmt"/>
        <line num="37" count="1" type="stmt"/>
        <line num="42" count="1" type="stmt"/>
        <line num="46" count="1" type="stmt"/>
        <line num="49" count="0" type="stmt"/>
        <line num="53" count="4" type="stmt"/>
        <line num="57" count="5" type="cond" truecount="1" falsecount="1"/>
        <line num="59" count="5" type="cond" truecount="4" falsecount="0"/>
        <line num="60" count="1" type="stmt"/>
        <line num="61" count="1" type="stmt"/>
        <line num="64" count="4" type="cond" truecount="2" falsecount="0"/>
        <line num="65" count="2" type="cond" truecount="3" falsecount="1"/>
        <line num="67" count="2" type="cond" truecount="1" falsecount="1"/>
        <line num="68" count="2" type="cond" truecount="4" falsecount="0"/>
        <line num="70" count="0" type="cond" truecount="0" falsecount="4"/>
        <line num="71" count="0" type="stmt"/>
        <line num="75" count="3" type="stmt"/>
        <line num="76" count="3" type="stmt"/>
        <line num="77" count="2" type="cond" truecount="1" falsecount="1"/>
        <line num="78" count="2" type="stmt"/>
        <line num="79" count="2" type="stmt"/>
        <line num="82" count="1" type="stmt"/>
      </file>
      <file name="fileHandlerHelper.ts" path="/home/runner/work/Typescript_Capacitor_SecurePlanner/Typescript_Capacitor_SecurePlanner/src/custom_components/services/fileHandler/fileHandlerHelper.ts">
        <metrics statements="39" coveredstatements="39" conditionals="6" coveredconditionals="5" methods="7" coveredmethods="7"/>
        <line num="5" count="5" type="stmt"/>
        <line num="6" count="2" type="stmt"/>
        <line num="7" count="2" type="stmt"/>
        <line num="8" count="2" type="stmt"/>
        <line num="9" count="2" type="stmt"/>
        <line num="10" count="2" type="stmt"/>
        <line num="11" count="2" type="stmt"/>
        <line num="12" count="2" type="stmt"/>
        <line num="14" count="2" type="stmt"/>
        <line num="17" count="5" type="stmt"/>
        <line num="18" count="2" type="stmt"/>
        <line num="19" count="2" type="stmt"/>
        <line num="20" count="2" type="stmt"/>
        <line num="21" count="2" type="stmt"/>
        <line num="22" count="2" type="stmt"/>
        <line num="23" count="2" type="stmt"/>
        <line num="24" count="2" type="stmt"/>
        <line num="25" count="2" type="stmt"/>
        <line num="29" count="5" type="stmt"/>
        <line num="30" count="1" type="stmt"/>
        <line num="31" count="1" type="stmt"/>
        <line num="32" count="3" type="stmt"/>
        <line num="33" count="3" type="cond" truecount="2" falsecount="0"/>
        <line num="34" count="3" type="stmt"/>
        <line num="35" count="3" type="stmt"/>
        <line num="37" count="3" type="cond" truecount="2" falsecount="0"/>
        <line num="38" count="2" type="stmt"/>
        <line num="39" count="2" type="stmt"/>
        <line num="44" count="5" type="stmt"/>
        <line num="45" count="2" type="stmt"/>
        <line num="46" count="2" type="stmt"/>
        <line num="48" count="2" type="stmt"/>
        <line num="49" count="1" type="stmt"/>
        <line num="50" count="1" type="stmt"/>
        <line num="53" count="2" type="stmt"/>
        <line num="54" count="1" type="cond" truecount="1" falsecount="1"/>
        <line num="55" count="1" type="stmt"/>
        <line num="56" count="1" type="stmt"/>
        <line num="59" count="2" type="stmt"/>
      </file>
    </package>
    <package name="src.custom_components.services.fingerprintLogic">
      <metrics statements="47" coveredstatements="46" conditionals="14" coveredconditionals="13" methods="6" coveredmethods="6"/>
      <file name="fingerprintLogic.ts" path="/home/runner/work/Typescript_Capacitor_SecurePlanner/Typescript_Capacitor_SecurePlanner/src/custom_components/services/fingerprintLogic/fingerprintLogic.ts">
        <metrics statements="47" coveredstatements="46" conditionals="14" coveredconditionals="13" methods="6" coveredmethods="6"/>
        <line num="7" count="3" type="stmt"/>
        <line num="8" count="2" type="stmt"/>
        <line num="9" count="2" type="stmt"/>
        <line num="12" count="3" type="stmt"/>
        <line num="20" count="5" type="stmt"/>
        <line num="21" count="5" type="stmt"/>
        <line num="23" count="5" type="cond" truecount="2" falsecount="0"/>
        <line num="24" count="1" type="stmt"/>
        <line num="25" count="1" type="stmt"/>
        <line num="28" count="3" type="stmt"/>
        <line num="32" count="2" type="stmt"/>
        <line num="33" count="1" type="stmt"/>
        <line num="35" count="3" type="cond" truecount="2" falsecount="0"/>
        <line num="36" count="1" type="stmt"/>
        <line num="37" count="1" type="stmt"/>
        <line num="40" count="2" type="stmt"/>
        <line num="42" count="2" type="cond" truecount="2" falsecount="0"/>
        <line num="43" count="1" type="stmt"/>
        <line num="44" count="1" type="stmt"/>
        <line num="45" count="1" type="stmt"/>
        <line num="48" count="1" type="stmt"/>
        <line num="49" count="1" type="stmt"/>
        <line num="53" count="1" type="stmt"/>
        <line num="55" count="1" type="stmt"/>
        <line num="57" count="1" type="stmt"/>
        <line num="58" count="1" type="cond" truecount="1" falsecount="1"/>
        <line num="59" count="1" type="stmt"/>
        <line num="61" count="0" type="stmt"/>
        <line num="66" count="3" type="stmt"/>
        <line num="73" count="4" type="stmt"/>
        <line num="74" count="4" type="stmt"/>
        <line num="76" count="4" type="cond" truecount="4" falsecount="0"/>
        <line num="77" count="1" type="stmt"/>
        <line num="78" count="1" type="stmt"/>
        <line num="81" count="3" type="cond" truecount="2" falsecount="0"/>
        <line num="82" count="1" type="stmt"/>
        <line num="83" count="1" type="stmt"/>
        <line num="86" count="1" type="stmt"/>
        <line num="87" count="1" type="stmt"/>
        <line num="93" count="1" type="stmt"/>
        <line num="95" count="1" type="stmt"/>
        <line num="96" count="1" type="stmt"/>
        <line num="100" count="3" type="stmt"/>
        <line num="101" count="5" type="stmt"/>
        <line num="102" count="5" type="stmt"/>
        <line num="104" count="5" type="stmt"/>
        <line num="105" count="5" type="stmt"/>
      </file>
    </package>
    <package name="src.custom_components.services.formatDate">
      <metrics statements="15" coveredstatements="15" conditionals="4" coveredconditionals="4" methods="2" coveredmethods="2"/>
      <file name="formatDate.ts" path="/home/runner/work/Typescript_Capacitor_SecurePlanner/Typescript_Capacitor_SecurePlanner/src/custom_components/services/formatDate/formatDate.ts">
        <metrics statements="15" coveredstatements="15" conditionals="4" coveredconditionals="4" methods="2" coveredmethods="2"/>
        <line num="2" count="3" type="stmt"/>
        <line num="3" count="3" type="cond" truecount="2" falsecount="0"/>
        <line num="4" count="1" type="stmt"/>
        <line num="7" count="2" type="stmt"/>
        <line num="8" count="2" type="stmt"/>
        <line num="9" count="2" type="stmt"/>
        <line num="10" count="2" type="stmt"/>
        <line num="12" count="2" type="stmt"/>
        <line num="13" count="2" type="stmt"/>
        <line num="15" count="2" type="cond" truecount="2" falsecount="0"/>
        <line num="16" count="1" type="stmt"/>
        <line num="18" count="2" type="stmt"/>
        <line num="22" count="6" type="stmt"/>
        <line num="23" count="6" type="stmt"/>
        <line num="24" count="6" type="stmt"/>
      </file>
    </package>
    <package name="src.custom_components.services.logger">
      <metrics statements="4" coveredstatements="4" conditionals="4" coveredconditionals="4" methods="2" coveredmethods="2"/>
      <file name="loggerFeatureFlags.ts" path="/home/runner/work/Typescript_Capacitor_SecurePlanner/Typescript_Capacitor_SecurePlanner/src/custom_components/services/logger/loggerFeatureFlags.ts">
        <metrics statements="4" coveredstatements="4" conditionals="4" coveredconditionals="4" methods="2" coveredmethods="2"/>
        <line num="5" count="18" type="cond" truecount="2" falsecount="0"/>
        <line num="6" count="1" type="stmt"/>
        <line num="11" count="160" type="cond" truecount="2" falsecount="0"/>
        <line num="12" count="1" type="stmt"/>
      </file>
    </package>
    <package name="src.custom_components.services.progressToDoListService">
      <metrics statements="27" coveredstatements="22" conditionals="12" coveredconditionals="10" methods="9" coveredmethods="5"/>
      <file name="progressToDoListService.ts" path="/home/runner/work/Typescript_Capacitor_SecurePlanner/Typescript_Capacitor_SecurePlanner/src/custom_components/services/progressToDoListService/progressToDoListService.ts">
        <metrics statements="27" coveredstatements="22" conditionals="12" coveredconditionals="10" methods="9" coveredmethods="5"/>
        <line num="14" count="6" type="stmt"/>
        <line num="16" count="8" type="stmt"/>
        <line num="17" count="8" type="stmt"/>
        <line num="18" count="8" type="stmt"/>
        <line num="19" count="8" type="stmt"/>
        <line num="20" count="8" type="stmt"/>
        <line num="25" count="8" type="stmt"/>
        <line num="30" count="8" type="stmt"/>
        <line num="35" count="8" type="cond" truecount="2" falsecount="0"/>
        <line num="39" count="52" type="stmt"/>
        <line num="40" count="2" type="stmt"/>
        <line num="45" count="52" type="stmt"/>
        <line num="46" count="2" type="stmt"/>
        <line num="48" count="52" type="stmt"/>
        <line num="60" count="99" type="cond" truecount="2" falsecount="0"/>
        <line num="61" count="35" type="stmt"/>
        <line num="63" count="64" type="cond" truecount="2" falsecount="0"/>
        <line num="64" count="64" type="stmt"/>
        <line num="65" count="64" type="stmt"/>
        <line num="67" count="64" type="stmt"/>
        <line num="68" count="64" type="stmt"/>
        <line num="69" count="64" type="cond" truecount="2" falsecount="0"/>
        <line num="79" count="0" type="stmt"/>
        <line num="82" count="0" type="stmt"/>
        <line num="85" count="0" type="stmt"/>
        <line num="86" count="0" type="stmt"/>
        <line num="88" count="0" type="cond" truecount="0" falsecount="2"/>
      </file>
    </package>
    <package name="src.custom_components.services.textValidation">
      <metrics statements="5" coveredstatements="5" conditionals="2" coveredconditionals="2" methods="1" coveredmethods="1"/>
      <file name="containsNotAllowedCharacters.ts" path="/home/runner/work/Typescript_Capacitor_SecurePlanner/Typescript_Capacitor_SecurePlanner/src/custom_components/services/textValidation/containsNotAllowedCharacters.ts">
        <metrics statements="5" coveredstatements="5" conditionals="2" coveredconditionals="2" methods="1" coveredmethods="1"/>
        <line num="5" count="6" type="stmt"/>
        <line num="6" count="187" type="cond" truecount="2" falsecount="0"/>
        <line num="7" count="1" type="stmt"/>
        <line num="8" count="1" type="stmt"/>
        <line num="11" count="5" type="stmt"/>
      </file>
    </package>
    <package name="src.custom_components.services.toDoListHandler">
      <metrics statements="1" coveredstatements="1" conditionals="0" coveredconditionals="0" methods="0" coveredmethods="0"/>
      <file name="IToDoListService.ts" path="/home/runner/work/Typescript_Capacitor_SecurePlanner/Typescript_Capacitor_SecurePlanner/src/custom_components/services/toDoListHandler/IToDoListService.ts">
        <metrics statements="0" coveredstatements="0" conditionals="0" coveredconditionals="0" methods="0" coveredmethods="0"/>
      </file>
      <file name="toDoListHandler.ts" path="/home/runner/work/Typescript_Capacitor_SecurePlanner/Typescript_Capacitor_SecurePlanner/src/custom_components/services/toDoListHandler/toDoListHandler.ts">
        <metrics statements="1" coveredstatements="1" conditionals="0" coveredconditionals="0" methods="0" coveredmethods="0"/>
        <line num="8" count="7" type="stmt"/>
      </file>
    </package>
    <package name="src.custom_components.services.toDoListHandler.Categories">
      <metrics statements="6" coveredstatements="6" conditionals="4" coveredconditionals="4" methods="2" coveredmethods="2"/>
      <file name="categories.ts" path="/home/runner/work/Typescript_Capacitor_SecurePlanner/Typescript_Capacitor_SecurePlanner/src/custom_components/services/toDoListHandler/Categories/categories.ts">
        <metrics statements="6" coveredstatements="6" conditionals="4" coveredconditionals="4" methods="2" coveredmethods="2"/>
        <line num="3" count="8" type="stmt"/>
        <line num="4" count="10" type="stmt"/>
        <line num="5" count="10" type="stmt"/>
        <line num="6" count="4" type="cond" truecount="4" falsecount="0"/>
        <line num="7" count="3" type="stmt"/>
        <line num="11" count="10" type="stmt"/>
      </file>
    </package>
    <package name="src.custom_components.services.toDoListHandler.Filter">
      <metrics statements="17" coveredstatements="17" conditionals="2" coveredconditionals="1" methods="6" coveredmethods="6"/>
      <file name="toDoListFilter.ts" path="/home/runner/work/Typescript_Capacitor_SecurePlanner/Typescript_Capacitor_SecurePlanner/src/custom_components/services/toDoListHandler/Filter/toDoListFilter.ts">
        <metrics statements="17" coveredstatements="17" conditionals="2" coveredconditionals="1" methods="6" coveredmethods="6"/>
        <line num="5" count="8" type="stmt"/>
        <line num="9" count="3" type="stmt"/>
        <line num="10" count="3" type="stmt"/>
        <line num="11" count="3" type="stmt"/>
        <line num="13" count="3" type="stmt"/>
        <line num="14" count="8" type="stmt"/>
        <line num="15" count="8" type="stmt"/>
        <line num="16" count="8" type="cond" truecount="1" falsecount="1"/>
        <line num="19" count="3" type="stmt"/>
        <line num="25" count="8" type="stmt"/>
        <line num="29" count="2" type="stmt"/>
        <line num="30" count="8" type="stmt"/>
        <line num="33" count="2" type="stmt"/>
        <line num="39" count="8" type="stmt"/>
        <line num="43" count="2" type="stmt"/>
        <line num="44" count="8" type="stmt"/>
        <line num="47" count="2" type="stmt"/>
      </file>
    </package>
    <package name="src.custom_components.services.toDoListHandler.Persistence">
      <metrics statements="48" coveredstatements="37" conditionals="16" coveredconditionals="13" methods="7" coveredmethods="4"/>
      <file name="toDoListPersistence.ts" path="/home/runner/work/Typescript_Capacitor_SecurePlanner/Typescript_Capacitor_SecurePlanner/src/custom_components/services/toDoListHandler/Persistence/toDoListPersistence.ts">
        <metrics statements="48" coveredstatements="37" conditionals="16" coveredconditionals="13" methods="7" coveredmethods="4"/>
        <line num="9" count="7" type="stmt"/>
        <line num="10" count="11" type="stmt"/>
        <line num="11" count="11" type="stmt"/>
        <line num="12" count="11" type="cond" truecount="2" falsecount="0"/>
        <line num="14" count="0" type="stmt"/>
        <line num="15" count="0" type="stmt"/>
        <line num="20" count="7" type="stmt"/>
        <line num="23" count="9" type="stmt"/>
        <line num="24" count="9" type="stmt"/>
        <line num="25" count="9" type="stmt"/>
        <line num="26" count="19" type="stmt"/>
        <line num="27" count="19" type="cond" truecount="4" falsecount="0"/>
        <line num="28" count="18" type="cond" truecount="1" falsecount="1"/>
        <line num="29" count="18" type="stmt"/>
        <line num="30" count="18" type="stmt"/>
        <line num="31" count="16" type="cond" truecount="4" falsecount="0"/>
        <line num="32" count="11" type="stmt"/>
        <line num="33" count="11" type="stmt"/>
        <line num="36" count="2" type="stmt"/>
        <line num="40" count="9" type="stmt"/>
        <line num="43" count="0" type="stmt"/>
        <line num="44" count="0" type="stmt"/>
        <line num="48" count="7" type="stmt"/>
        <line num="52" count="4" type="stmt"/>
        <line num="53" count="4" type="stmt"/>
        <line num="54" count="4" type="stmt"/>
        <line num="55" count="4" type="stmt"/>
        <line num="57" count="2" type="stmt"/>
        <line num="58" count="0" type="cond" truecount="0" falsecount="2"/>
        <line num="59" count="0" type="stmt"/>
        <line num="62" count="2" type="stmt"/>
        <line num="63" count="2" type="stmt"/>
        <line num="65" count="2" type="stmt"/>
        <line num="67" count="2" type="stmt"/>
        <line num="68" count="2" type="stmt"/>
        <line num="72" count="7" type="stmt"/>
        <line num="73" count="0" type="stmt"/>
        <line num="74" count="0" type="stmt"/>
        <line num="75" count="0" type="stmt"/>
        <line num="76" count="0" type="stmt"/>
        <line num="79" count="0" type="stmt"/>
        <line num="82" count="7" type="stmt"/>
        <line num="87" count="10" type="stmt"/>
        <line num="88" count="10" type="stmt"/>
        <line num="89" count="10" type="stmt"/>
        <line num="90" count="10" type="stmt"/>
        <line num="91" count="10" type="stmt"/>
        <line num="97" count="1" type="stmt"/>
      </file>
    </package>
    <package name="src.custom_components.services.toDoListHandler.Sorter">
      <metrics statements="13" coveredstatements="12" conditionals="24" coveredconditionals="22" methods="2" coveredmethods="2"/>
      <file name="toDoListSort.ts" path="/home/runner/work/Typescript_Capacitor_SecurePlanner/Typescript_Capacitor_SecurePlanner/src/custom_components/services/toDoListHandler/Sorter/toDoListSort.ts">
        <metrics statements="13" coveredstatements="12" conditionals="24" coveredconditionals="22" methods="2" coveredmethods="2"/>
        <line num="4" count="7" type="stmt"/>
        <line num="6" count="10" type="stmt"/>
        <line num="9" count="20" type="cond" truecount="4" falsecount="0"/>
        <line num="10" count="3" type="stmt"/>
        <line num="11" count="17" type="cond" truecount="4" falsecount="0"/>
        <line num="12" count="6" type="stmt"/>
        <line num="13" count="11" type="cond" truecount="2" falsecount="0"/>
        <line num="19" count="2" type="stmt"/>
        <line num="20" count="9" type="cond" truecount="1" falsecount="1"/>
        <line num="26" count="0" type="stmt"/>
        <line num="27" count="9" type="cond" truecount="4" falsecount="0"/>
        <line num="29" count="1" type="stmt"/>
        <line num="35" count="8" type="stmt"/>
      </file>
    </package>
    <package name="src.custom_components.types">
      <metrics statements="0" coveredstatements="0" conditionals="0" coveredconditionals="0" methods="0" coveredmethods="0"/>
      <file name="ToDoItem.types.ts" path="/home/runner/work/Typescript_Capacitor_SecurePlanner/Typescript_Capacitor_SecurePlanner/src/custom_components/types/ToDoItem.types.ts">
        <metrics statements="0" coveredstatements="0" conditionals="0" coveredconditionals="0" methods="0" coveredmethods="0"/>
      </file>
      <file name="ToDoList.types.ts" path="/home/runner/work/Typescript_Capacitor_SecurePlanner/Typescript_Capacitor_SecurePlanner/src/custom_components/types/ToDoList.types.ts">
        <metrics statements="0" coveredstatements="0" conditionals="0" coveredconditionals="0" methods="0" coveredmethods="0"/>
      </file>
      <file name="ToDoListKey.types.ts" path="/home/runner/work/Typescript_Capacitor_SecurePlanner/Typescript_Capacitor_SecurePlanner/src/custom_components/types/ToDoListKey.types.ts">
        <metrics statements="0" coveredstatements="0" conditionals="0" coveredconditionals="0" methods="0" coveredmethods="0"/>
      </file>
    </package>
    <package name="src.modules.app_configuration">
      <metrics statements="1" coveredstatements="1" conditionals="0" coveredconditionals="0" methods="0" coveredmethods="0"/>
      <file name="app_texts.ts" path="/home/runner/work/Typescript_Capacitor_SecurePlanner/Typescript_Capacitor_SecurePlanner/src/modules/app_configuration/app_texts.ts">
        <metrics statements="1" coveredstatements="1" conditionals="0" coveredconditionals="0" methods="0" coveredmethods="0"/>
        <line num="1" count="2" type="stmt"/>
      </file>
    </package>
    <package name="src.modules.legal">
      <metrics statements="27" coveredstatements="27" conditionals="14" coveredconditionals="10" methods="5" coveredmethods="5"/>
      <file name="codeToTextParser.tsx" path="/home/runner/work/Typescript_Capacitor_SecurePlanner/Typescript_Capacitor_SecurePlanner/src/modules/legal/codeToTextParser.tsx">
        <metrics statements="21" coveredstatements="21" conditionals="6" coveredconditionals="6" methods="3" coveredmethods="3"/>
        <line num="7" count="5" type="stmt"/>
        <line num="8" count="11" type="stmt"/>
        <line num="9" count="11" type="stmt"/>
        <line num="10" count="11" type="stmt"/>
        <line num="11" count="11" type="stmt"/>
        <line num="12" count="12" type="stmt"/>
        <line num="13" count="12" type="stmt"/>
        <line num="14" count="12" type="stmt"/>
        <line num="15" count="12" type="stmt"/>
        <line num="16" count="6" type="stmt"/>
        <line num="17" count="6" type="cond" truecount="2" falsecount="0"/>
        <line num="18" count="5" type="stmt"/>
        <line num="20" count="6" type="stmt"/>
        <line num="21" count="6" type="stmt"/>
        <line num="22" count="6" type="stmt"/>
        <line num="23" count="6" type="stmt"/>
        <line num="25" count="12" type="stmt"/>
        <line num="26" count="12" type="cond" truecount="2" falsecount="0"/>
        <line num="27" count="10" type="stmt"/>
        <line num="29" count="12" type="stmt"/>
        <line num="38" count="11" type="stmt"/>
      </file>
      <file name="datenschutz.tsx" path="/home/runner/work/Typescript_Capacitor_SecurePlanner/Typescript_Capacitor_SecurePlanner/src/modules/legal/datenschutz.tsx">
        <metrics statements="3" coveredstatements="3" conditionals="4" coveredconditionals="2" methods="1" coveredmethods="1"/>
        <line num="8" count="3" type="stmt"/>
        <line num="9" count="2" type="stmt"/>
        <line num="11" count="2" type="stmt"/>
      </file>
      <file name="impressum.tsx" path="/home/runner/work/Typescript_Capacitor_SecurePlanner/Typescript_Capacitor_SecurePlanner/src/modules/legal/impressum.tsx">
        <metrics statements="3" coveredstatements="3" conditionals="4" coveredconditionals="2" methods="1" coveredmethods="1"/>
        <line num="8" count="3" type="stmt"/>
        <line num="9" count="2" type="stmt"/>
        <line num="11" count="2" type="stmt"/>
      </file>
    </package>
    <package name="src.modules.legal.usedLibs">
      <metrics statements="19" coveredstatements="19" conditionals="0" coveredconditionals="0" methods="8" coveredmethods="8"/>
      <file name="container_usedLibList.tsx" path="/home/runner/work/Typescript_Capacitor_SecurePlanner/Typescript_Capacitor_SecurePlanner/src/modules/legal/usedLibs/container_usedLibList.tsx">
        <metrics statements="11" coveredstatements="11" conditionals="0" coveredconditionals="0" methods="4" coveredmethods="4"/>
        <line num="27" count="5" type="stmt"/>
        <line num="28" count="24" type="stmt"/>
        <line num="29" count="24" type="stmt"/>
        <line num="31" count="24" type="stmt"/>
        <line num="32" count="6264" type="stmt"/>
        <line num="33" count="6264" type="stmt"/>
        <line num="43" count="24" type="stmt"/>
        <line num="44" count="2" type="stmt"/>
        <line num="47" count="24" type="stmt"/>
        <line num="48" count="1" type="stmt"/>
        <line num="51" count="24" type="stmt"/>
      </file>
      <file name="screen_usedLibList.tsx" path="/home/runner/work/Typescript_Capacitor_SecurePlanner/Typescript_Capacitor_SecurePlanner/src/modules/legal/usedLibs/screen_usedLibList.tsx">
        <metrics statements="8" coveredstatements="8" conditionals="0" coveredconditionals="0" methods="4" coveredmethods="4"/>
        <line num="13" count="6" type="stmt"/>
        <line num="32" count="6" type="stmt"/>
        <line num="37" count="25" type="stmt"/>
        <line num="38" count="25" type="stmt"/>
        <line num="39" count="1" type="stmt"/>
        <line num="42" count="25" type="stmt"/>
        <line num="55" count="6265" type="stmt"/>
        <line num="57" count="1" type="stmt"/>
      </file>
    </package>
    <package name="src.modules.ui.floatingBtn">
      <metrics statements="9" coveredstatements="9" conditionals="3" coveredconditionals="3" methods="1" coveredmethods="1"/>
      <file name="floatingBtn.tsx" path="/home/runner/work/Typescript_Capacitor_SecurePlanner/Typescript_Capacitor_SecurePlanner/src/modules/ui/floatingBtn/floatingBtn.tsx">
        <metrics statements="9" coveredstatements="9" conditionals="3" coveredconditionals="3" methods="1" coveredmethods="1"/>
        <line num="19" count="8" type="stmt"/>
        <line num="23" count="72" type="cond" truecount="3" falsecount="0"/>
        <line num="25" count="13" type="stmt"/>
        <line num="32" count="13" type="stmt"/>
        <line num="34" count="14" type="stmt"/>
        <line num="41" count="14" type="stmt"/>
        <line num="43" count="45" type="stmt"/>
        <line num="50" count="45" type="stmt"/>
        <line num="53" count="72" type="stmt"/>
      </file>
    </package>
    <package name="src.modules.ui.progress.progressCircle">
      <metrics statements="16" coveredstatements="16" conditionals="6" coveredconditionals="6" methods="2" coveredmethods="2"/>
      <file name="progressCircle.tsx" path="/home/runner/work/Typescript_Capacitor_SecurePlanner/Typescript_Capacitor_SecurePlanner/src/modules/ui/progress/progressCircle/progressCircle.tsx">
        <metrics statements="16" coveredstatements="16" conditionals="6" coveredconditionals="6" methods="2" coveredmethods="2"/>
        <line num="8" count="9" type="stmt"/>
        <line num="9" count="68" type="stmt"/>
        <line num="10" count="68" type="cond" truecount="2" falsecount="0"/>
        <line num="11" count="35" type="stmt"/>
        <line num="12" count="33" type="cond" truecount="2" falsecount="0"/>
        <line num="13" count="1" type="stmt"/>
        <line num="14" count="32" type="cond" truecount="2" falsecount="0"/>
        <line num="15" count="1" type="stmt"/>
        <line num="17" count="31" type="stmt"/>
        <line num="21" count="68" type="stmt"/>
        <line num="22" count="68" type="stmt"/>
        <line num="23" count="68" type="stmt"/>
        <line num="24" count="68" type="stmt"/>
        <line num="25" count="68" type="stmt"/>
        <line num="26" count="68" type="stmt"/>
        <line num="28" count="68" type="stmt"/>
      </file>
    </package>
  </project>
</coverage>
