{"/home/runner/work/Typescript_Capacitor_SecurePlanner/Typescript_Capacitor_SecurePlanner/src/App.tsx": {"path":"/home/runner/work/Typescript_Capacitor_SecurePlanner/Typescript_Capacitor_SecurePlanner/src/App.tsx","statementMap":{"0":{"start":{"line":18,"column":22},"end":{"line":97,"column":1}},"1":{"start":{"line":19,"column":44},"end":{"line":19,"column":64}},"2":{"start":{"line":20,"column":40},"end":{"line":20,"column":60}},"3":{"start":{"line":22,"column":28},"end":{"line":22,"column":85}},"4":{"start":{"line":23,"column":16},"end":{"line":23,"column":29}},"5":{"start":{"line":25,"column":2},"end":{"line":96,"column":4}}},"fnMap":{"0":{"name":"(anonymous_0)","decl":{"start":{"line":18,"column":22},"end":{"line":18,"column":23}},"loc":{"start":{"line":18,"column":28},"end":{"line":97,"column":1}},"line":18}},"branchMap":{"0":{"loc":{"start":{"line":27,"column":7},"end":{"line":94,"column":7}},"type":"cond-expr","locations":[{"start":{"line":28,"column":8},"end":{"line":43,"column":14}},{"start":{"line":45,"column":8},"end":{"line":93,"column":14}}],"line":27},"1":{"loc":{"start":{"line":27,"column":7},"end":{"line":27,"column":40}},"type":"binary-expr","locations":[{"start":{"line":27,"column":7},"end":{"line":27,"column":21}},{"start":{"line":27,"column":23},"end":{"line":27,"column":40}}],"line":27}},"s":{"0":2,"1":11,"2":11,"3":11,"4":11,"5":11},"f":{"0":11},"b":{"0":[10,1],"1":[11,10]},"_coverageSchema":"1a1c01bbd47fc00a2c39e90264f33305004495a9","hash":"e6fcf41c3fcdca617464862002a464990e8c33d7"}
,"/home/runner/work/Typescript_Capacitor_SecurePlanner/Typescript_Capacitor_SecurePlanner/src/darkModeDetector.ts": {"path":"/home/runner/work/Typescript_Capacitor_SecurePlanner/Typescript_Capacitor_SecurePlanner/src/darkModeDetector.ts","statementMap":{"0":{"start":{"line":4,"column":28},"end":{"line":4,"column":75}},"1":{"start":{"line":6,"column":2},"end":{"line":15,"column":9}},"2":{"start":{"line":7,"column":23},"end":{"line":7,"column":72}},"3":{"start":{"line":8,"column":25},"end":{"line":8,"column":107}},"4":{"start":{"line":8,"column":57},"end":{"line":8,"column":107}},"5":{"start":{"line":10,"column":4},"end":{"line":10,"column":56}},"6":{"start":{"line":12,"column":4},"end":{"line":12,"column":60}},"7":{"start":{"line":14,"column":4},"end":{"line":14,"column":72}},"8":{"start":{"line":14,"column":17},"end":{"line":14,"column":71}},"9":{"start":{"line":17,"column":2},"end":{"line":17,"column":15}}},"fnMap":{"0":{"name":"useDarkMode","decl":{"start":{"line":3,"column":9},"end":{"line":3,"column":20}},"loc":{"start":{"line":3,"column":23},"end":{"line":18,"column":1}},"line":3},"1":{"name":"(anonymous_1)","decl":{"start":{"line":6,"column":12},"end":{"line":6,"column":13}},"loc":{"start":{"line":6,"column":18},"end":{"line":15,"column":3}},"line":6},"2":{"name":"(anonymous_2)","decl":{"start":{"line":8,"column":25},"end":{"line":8,"column":26}},"loc":{"start":{"line":8,"column":57},"end":{"line":8,"column":107}},"line":8},"3":{"name":"(anonymous_3)","decl":{"start":{"line":14,"column":11},"end":{"line":14,"column":12}},"loc":{"start":{"line":14,"column":17},"end":{"line":14,"column":71}},"line":14}},"branchMap":{"0":{"loc":{"start":{"line":8,"column":66},"end":{"line":8,"column":106}},"type":"cond-expr","locations":[{"start":{"line":8,"column":82},"end":{"line":8,"column":92}},{"start":{"line":8,"column":95},"end":{"line":8,"column":106}}],"line":8},"1":{"loc":{"start":{"line":12,"column":13},"end":{"line":12,"column":58}},"type":"cond-expr","locations":[{"start":{"line":12,"column":34},"end":{"line":12,"column":44}},{"start":{"line":12,"column":47},"end":{"line":12,"column":58}}],"line":12}},"s":{"0":11,"1":11,"2":5,"3":5,"4":0,"5":5,"6":5,"7":5,"8":5,"9":11},"f":{"0":11,"1":5,"2":0,"3":5},"b":{"0":[0,0],"1":[5,0]},"_coverageSchema":"1a1c01bbd47fc00a2c39e90264f33305004495a9","hash":"5dce9bb7dc0558f25ae8f4466e22ec793ce2bb32"}
,"/home/runner/work/Typescript_Capacitor_SecurePlanner/Typescript_Capacitor_SecurePlanner/src/i18n.ts": {"path":"/home/runner/work/Typescript_Capacitor_SecurePlanner/Typescript_Capacitor_SecurePlanner/src/i18n.ts","statementMap":{"0":{"start":{"line":24,"column":18},"end":{"line":42,"column":1}},"1":{"start":{"line":44,"column":0},"end":{"line":179,"column":5}}},"fnMap":{},"branchMap":{},"s":{"0":53,"1":53},"f":{},"b":{},"_coverageSchema":"1a1c01bbd47fc00a2c39e90264f33305004495a9","hash":"c1dfbab2a3232d12af34e2803b1f75a92724c0f8"}
,"/home/runner/work/Typescript_Capacitor_SecurePlanner/Typescript_Capacitor_SecurePlanner/src/index.tsx": {"path":"/home/runner/work/Typescript_Capacitor_SecurePlanner/Typescript_Capacitor_SecurePlanner/src/index.tsx","statementMap":{"0":{"start":{"line":6,"column":13},"end":{"line":8,"column":1}},"1":{"start":{"line":9,"column":0},"end":{"line":13,"column":2}}},"fnMap":{},"branchMap":{},"s":{"0":1,"1":1},"f":{},"b":{},"_coverageSchema":"1a1c01bbd47fc00a2c39e90264f33305004495a9","hash":"5ddf5ae5c2bedaeda10edc8d4144daf7ff73b691"}
,"/home/runner/work/Typescript_Capacitor_SecurePlanner/Typescript_Capacitor_SecurePlanner/src/custom_components/config/featureFlags.ts": {"path":"/home/runner/work/Typescript_Capacitor_SecurePlanner/Typescript_Capacitor_SecurePlanner/src/custom_components/config/featureFlags.ts","statementMap":{"0":{"start":{"line":1,"column":40},"end":{"line":1,"column":45}},"1":{"start":{"line":2,"column":50},"end":{"line":2,"column":55}},"2":{"start":{"line":4,"column":43},"end":{"line":4,"column":48}},"3":{"start":{"line":5,"column":42},"end":{"line":5,"column":47}},"4":{"start":{"line":7,"column":46},"end":{"line":7,"column":50}},"5":{"start":{"line":9,"column":44},"end":{"line":9,"column":49}}},"fnMap":{},"branchMap":{},"s":{"0":19,"1":19,"2":19,"3":19,"4":19,"5":19},"f":{},"b":{},"_coverageSchema":"1a1c01bbd47fc00a2c39e90264f33305004495a9","hash":"e05e9aa22a570d0e035643cbc32f719c760f2f77"}
,"/home/runner/work/Typescript_Capacitor_SecurePlanner/Typescript_Capacitor_SecurePlanner/src/custom_components/config/notAllowedStrings.ts": {"path":"/home/runner/work/Typescript_Capacitor_SecurePlanner/Typescript_Capacitor_SecurePlanner/src/custom_components/config/notAllowedStrings.ts","statementMap":{"0":{"start":{"line":5,"column":33},"end":{"line":52,"column":1}}},"fnMap":{},"branchMap":{},"s":{"0":13},"f":{},"b":{},"_coverageSchema":"1a1c01bbd47fc00a2c39e90264f33305004495a9","hash":"ea8fcc534e6b1807e127379ef8018f64d84f8528"}
,"/home/runner/work/Typescript_Capacitor_SecurePlanner/Typescript_Capacitor_SecurePlanner/src/custom_components/config/toIgnoreKeys.ts": {"path":"/home/runner/work/Typescript_Capacitor_SecurePlanner/Typescript_Capacitor_SecurePlanner/src/custom_components/config/toIgnoreKeys.ts","statementMap":{"0":{"start":{"line":2,"column":27},"end":{"line":12,"column":3}}},"fnMap":{},"branchMap":{},"s":{"0":4},"f":{},"b":{},"_coverageSchema":"1a1c01bbd47fc00a2c39e90264f33305004495a9","hash":"8fe0d92cca9453aa0af7b54e4cb915e1f3829b40"}
,"/home/runner/work/Typescript_Capacitor_SecurePlanner/Typescript_Capacitor_SecurePlanner/src/custom_components/enums/SecurityLevel.enum.ts": {"path":"/home/runner/work/Typescript_Capacitor_SecurePlanner/Typescript_Capacitor_SecurePlanner/src/custom_components/enums/SecurityLevel.enum.ts","statementMap":{},"fnMap":{},"branchMap":{},"s":{},"f":{},"b":{},"_coverageSchema":"1a1c01bbd47fc00a2c39e90264f33305004495a9","hash":"e027d127985ed50873d08ad1c0152e0779432c6f"}
,"/home/runner/work/Typescript_Capacitor_SecurePlanner/Typescript_Capacitor_SecurePlanner/src/custom_components/enums/priority.enum.ts": {"path":"/home/runner/work/Typescript_Capacitor_SecurePlanner/Typescript_Capacitor_SecurePlanner/src/custom_components/enums/priority.enum.ts","statementMap":{},"fnMap":{},"branchMap":{},"s":{},"f":{},"b":{},"_coverageSchema":"1a1c01bbd47fc00a2c39e90264f33305004495a9","hash":"3c8ba35aeeeaf7bee8dd73a6f6dd8be11cd0447f"}
,"/home/runner/work/Typescript_Capacitor_SecurePlanner/Typescript_Capacitor_SecurePlanner/src/custom_components/handleNotes/editNote/container/container-editNote.tsx": {"path":"/home/runner/work/Typescript_Capacitor_SecurePlanner/Typescript_Capacitor_SecurePlanner/src/custom_components/handleNotes/editNote/container/container-editNote.tsx","statementMap":{"0":{"start":{"line":22,"column":60},"end":{"line":266,"column":1}},"1":{"start":{"line":25,"column":21},"end":{"line":25,"column":53}},"2":{"start":{"line":26,"column":16},"end":{"line":26,"column":32}},"3":{"start":{"line":27,"column":46},"end":{"line":27,"column":64}},"4":{"start":{"line":28,"column":42},"end":{"line":28,"column":66}},"5":{"start":{"line":29,"column":44},"end":{"line":29,"column":69}},"6":{"start":{"line":31,"column":28},"end":{"line":33,"column":7}},"7":{"start":{"line":32,"column":4},"end":{"line":32,"column":57}},"8":{"start":{"line":35,"column":20},"end":{"line":35,"column":41}},"9":{"start":{"line":38,"column":34},"end":{"line":43,"column":4}},"10":{"start":{"line":46,"column":44},"end":{"line":51,"column":4}},"11":{"start":{"line":54,"column":46},"end":{"line":54,"column":68}},"12":{"start":{"line":56,"column":27},"end":{"line":88,"column":52}},"13":{"start":{"line":57,"column":4},"end":{"line":57,"column":56}},"14":{"start":{"line":58,"column":4},"end":{"line":58,"column":29}},"15":{"start":{"line":60,"column":4},"end":{"line":87,"column":5}},"16":{"start":{"line":61,"column":6},"end":{"line":61,"column":70}},"17":{"start":{"line":62,"column":11},"end":{"line":87,"column":5}},"18":{"start":{"line":63,"column":6},"end":{"line":67,"column":8}},"19":{"start":{"line":68,"column":11},"end":{"line":87,"column":5}},"20":{"start":{"line":69,"column":6},"end":{"line":73,"column":8}},"21":{"start":{"line":74,"column":11},"end":{"line":87,"column":5}},"22":{"start":{"line":75,"column":6},"end":{"line":82,"column":8}},"23":{"start":{"line":84,"column":6},"end":{"line":86,"column":8}},"24":{"start":{"line":91,"column":29},"end":{"line":111,"column":29}},"25":{"start":{"line":92,"column":4},"end":{"line":110,"column":5}},"26":{"start":{"line":93,"column":6},"end":{"line":109,"column":7}},"27":{"start":{"line":94,"column":25},"end":{"line":94,"column":82}},"28":{"start":{"line":95,"column":8},"end":{"line":106,"column":9}},"29":{"start":{"line":96,"column":10},"end":{"line":96,"column":32}},"30":{"start":{"line":100,"column":10},"end":{"line":100,"column":69}},"31":{"start":{"line":101,"column":33},"end":{"line":101,"column":71}},"32":{"start":{"line":102,"column":10},"end":{"line":104,"column":11}},"33":{"start":{"line":103,"column":12},"end":{"line":103,"column":40}},"34":{"start":{"line":105,"column":10},"end":{"line":105,"column":37}},"35":{"start":{"line":108,"column":8},"end":{"line":108,"column":112}},"36":{"start":{"line":113,"column":2},"end":{"line":115,"column":63}},"37":{"start":{"line":114,"column":4},"end":{"line":114,"column":25}},"38":{"start":{"line":117,"column":21},"end":{"line":134,"column":72}},"39":{"start":{"line":118,"column":4},"end":{"line":118,"column":71}},"40":{"start":{"line":119,"column":4},"end":{"line":119,"column":59}},"41":{"start":{"line":120,"column":4},"end":{"line":133,"column":5}},"42":{"start":{"line":126,"column":6},"end":{"line":132,"column":7}},"43":{"start":{"line":127,"column":8},"end":{"line":127,"column":76}},"44":{"start":{"line":128,"column":8},"end":{"line":128,"column":40}},"45":{"start":{"line":129,"column":8},"end":{"line":129,"column":67}},"46":{"start":{"line":131,"column":8},"end":{"line":131,"column":90}},"47":{"start":{"line":136,"column":2},"end":{"line":138,"column":82}},"48":{"start":{"line":137,"column":4},"end":{"line":137,"column":17}},"49":{"start":{"line":140,"column":26},"end":{"line":143,"column":3}},"50":{"start":{"line":142,"column":14},"end":{"line":142,"column":27}},"51":{"start":{"line":144,"column":24},"end":{"line":147,"column":3}},"52":{"start":{"line":150,"column":4},"end":{"line":150,"column":79}},"53":{"start":{"line":152,"column":31},"end":{"line":158,"column":3}},"54":{"start":{"line":155,"column":6},"end":{"line":156,"column":67}},"55":{"start":{"line":157,"column":14},"end":{"line":157,"column":75}},"56":{"start":{"line":160,"column":36},"end":{"line":165,"column":3}},"57":{"start":{"line":161,"column":4},"end":{"line":164,"column":6}},"58":{"start":{"line":167,"column":25},"end":{"line":170,"column":3}},"59":{"start":{"line":168,"column":4},"end":{"line":168,"column":37}},"60":{"start":{"line":169,"column":4},"end":{"line":169,"column":26}},"61":{"start":{"line":172,"column":25},"end":{"line":180,"column":3}},"62":{"start":{"line":176,"column":4},"end":{"line":176,"column":80}},"63":{"start":{"line":177,"column":4},"end":{"line":177,"column":47}},"64":{"start":{"line":178,"column":4},"end":{"line":178,"column":68}},"65":{"start":{"line":179,"column":4},"end":{"line":179,"column":59}},"66":{"start":{"line":183,"column":18},"end":{"line":183,"column":73}},"67":{"start":{"line":184,"column":4},"end":{"line":184,"column":29}},"68":{"start":{"line":185,"column":4},"end":{"line":185,"column":26}},"69":{"start":{"line":188,"column":27},"end":{"line":200,"column":3}},"70":{"start":{"line":189,"column":4},"end":{"line":189,"column":27}},"71":{"start":{"line":190,"column":4},"end":{"line":199,"column":5}},"72":{"start":{"line":191,"column":31},"end":{"line":193,"column":7}},"73":{"start":{"line":192,"column":18},"end":{"line":192,"column":40}},"74":{"start":{"line":195,"column":6},"end":{"line":198,"column":9}},"75":{"start":{"line":202,"column":25},"end":{"line":216,"column":3}},"76":{"start":{"line":203,"column":4},"end":{"line":203,"column":27}},"77":{"start":{"line":205,"column":29},"end":{"line":210,"column":6}},"78":{"start":{"line":206,"column":6},"end":{"line":208,"column":7}},"79":{"start":{"line":207,"column":8},"end":{"line":207,"column":53}},"80":{"start":{"line":209,"column":6},"end":{"line":209,"column":18}},"81":{"start":{"line":212,"column":4},"end":{"line":215,"column":7}},"82":{"start":{"line":218,"column":26},"end":{"line":231,"column":3}},"83":{"start":{"line":219,"column":53},"end":{"line":224,"column":5}},"84":{"start":{"line":226,"column":18},"end":{"line":226,"column":42}},"85":{"start":{"line":227,"column":4},"end":{"line":229,"column":5}},"86":{"start":{"line":228,"column":6},"end":{"line":228,"column":65}},"87":{"start":{"line":230,"column":4},"end":{"line":230,"column":22}},"88":{"start":{"line":235,"column":4},"end":{"line":239,"column":6}},"89":{"start":{"line":243,"column":2},"end":{"line":265,"column":4}},"90":{"start":{"line":262,"column":30},"end":{"line":262,"column":52}}},"fnMap":{"0":{"name":"(anonymous_0)","decl":{"start":{"line":22,"column":60},"end":{"line":22,"column":61}},"loc":{"start":{"line":24,"column":6},"end":{"line":266,"column":1}},"line":24},"1":{"name":"(anonymous_1)","decl":{"start":{"line":31,"column":61},"end":{"line":31,"column":62}},"loc":{"start":{"line":31,"column":77},"end":{"line":33,"column":3}},"line":31},"2":{"name":"(anonymous_2)","decl":{"start":{"line":56,"column":39},"end":{"line":56,"column":40}},"loc":{"start":{"line":56,"column":65},"end":{"line":88,"column":3}},"line":56},"3":{"name":"(anonymous_3)","decl":{"start":{"line":91,"column":41},"end":{"line":91,"column":42}},"loc":{"start":{"line":91,"column":53},"end":{"line":111,"column":3}},"line":91},"4":{"name":"(anonymous_4)","decl":{"start":{"line":113,"column":12},"end":{"line":113,"column":13}},"loc":{"start":{"line":113,"column":18},"end":{"line":115,"column":3}},"line":113},"5":{"name":"(anonymous_5)","decl":{"start":{"line":117,"column":33},"end":{"line":117,"column":34}},"loc":{"start":{"line":117,"column":45},"end":{"line":134,"column":3}},"line":117},"6":{"name":"(anonymous_6)","decl":{"start":{"line":136,"column":12},"end":{"line":136,"column":13}},"loc":{"start":{"line":136,"column":18},"end":{"line":138,"column":3}},"line":136},"7":{"name":"(anonymous_7)","decl":{"start":{"line":142,"column":4},"end":{"line":142,"column":5}},"loc":{"start":{"line":142,"column":14},"end":{"line":142,"column":27}},"line":142},"8":{"name":"(anonymous_8)","decl":{"start":{"line":154,"column":4},"end":{"line":154,"column":5}},"loc":{"start":{"line":155,"column":6},"end":{"line":156,"column":67}},"line":155},"9":{"name":"(anonymous_9)","decl":{"start":{"line":157,"column":4},"end":{"line":157,"column":5}},"loc":{"start":{"line":157,"column":14},"end":{"line":157,"column":75}},"line":157},"10":{"name":"(anonymous_10)","decl":{"start":{"line":160,"column":36},"end":{"line":160,"column":37}},"loc":{"start":{"line":160,"column":66},"end":{"line":165,"column":3}},"line":160},"11":{"name":"(anonymous_11)","decl":{"start":{"line":167,"column":25},"end":{"line":167,"column":26}},"loc":{"start":{"line":167,"column":52},"end":{"line":170,"column":3}},"line":167},"12":{"name":"(anonymous_12)","decl":{"start":{"line":172,"column":25},"end":{"line":172,"column":26}},"loc":{"start":{"line":175,"column":7},"end":{"line":180,"column":3}},"line":175},"13":{"name":"handleAdd","decl":{"start":{"line":182,"column":11},"end":{"line":182,"column":20}},"loc":{"start":{"line":182,"column":23},"end":{"line":186,"column":3}},"line":182},"14":{"name":"(anonymous_14)","decl":{"start":{"line":188,"column":27},"end":{"line":188,"column":28}},"loc":{"start":{"line":188,"column":72},"end":{"line":200,"column":3}},"line":188},"15":{"name":"(anonymous_15)","decl":{"start":{"line":192,"column":8},"end":{"line":192,"column":9}},"loc":{"start":{"line":192,"column":18},"end":{"line":192,"column":40}},"line":192},"16":{"name":"(anonymous_16)","decl":{"start":{"line":202,"column":25},"end":{"line":202,"column":26}},"loc":{"start":{"line":202,"column":70},"end":{"line":216,"column":3}},"line":202},"17":{"name":"(anonymous_17)","decl":{"start":{"line":205,"column":51},"end":{"line":205,"column":52}},"loc":{"start":{"line":205,"column":61},"end":{"line":210,"column":5}},"line":205},"18":{"name":"(anonymous_18)","decl":{"start":{"line":218,"column":26},"end":{"line":218,"column":27}},"loc":{"start":{"line":218,"column":58},"end":{"line":231,"column":3}},"line":218},"19":{"name":"(anonymous_19)","decl":{"start":{"line":262,"column":24},"end":{"line":262,"column":25}},"loc":{"start":{"line":262,"column":30},"end":{"line":262,"column":52}},"line":262}},"branchMap":{"0":{"loc":{"start":{"line":32,"column":11},"end":{"line":32,"column":56}},"type":"cond-expr","locations":[{"start":{"line":32,"column":39},"end":{"line":32,"column":44}},{"start":{"line":32,"column":47},"end":{"line":32,"column":56}}],"line":32},"1":{"loc":{"start":{"line":60,"column":4},"end":{"line":87,"column":5}},"type":"if","locations":[{"start":{"line":60,"column":4},"end":{"line":87,"column":5}},{"start":{"line":62,"column":11},"end":{"line":87,"column":5}}],"line":60},"2":{"loc":{"start":{"line":62,"column":11},"end":{"line":87,"column":5}},"type":"if","locations":[{"start":{"line":62,"column":11},"end":{"line":87,"column":5}},{"start":{"line":68,"column":11},"end":{"line":87,"column":5}}],"line":62},"3":{"loc":{"start":{"line":68,"column":11},"end":{"line":87,"column":5}},"type":"if","locations":[{"start":{"line":68,"column":11},"end":{"line":87,"column":5}},{"start":{"line":74,"column":11},"end":{"line":87,"column":5}}],"line":68},"4":{"loc":{"start":{"line":74,"column":11},"end":{"line":87,"column":5}},"type":"if","locations":[{"start":{"line":74,"column":11},"end":{"line":87,"column":5}},{"start":{"line":83,"column":11},"end":{"line":87,"column":5}}],"line":74},"5":{"loc":{"start":{"line":92,"column":4},"end":{"line":110,"column":5}},"type":"if","locations":[{"start":{"line":92,"column":4},"end":{"line":110,"column":5}},{"start":{},"end":{}}],"line":92},"6":{"loc":{"start":{"line":95,"column":8},"end":{"line":106,"column":9}},"type":"if","locations":[{"start":{"line":95,"column":8},"end":{"line":106,"column":9}},{"start":{},"end":{}}],"line":95},"7":{"loc":{"start":{"line":102,"column":10},"end":{"line":104,"column":11}},"type":"if","locations":[{"start":{"line":102,"column":10},"end":{"line":104,"column":11}},{"start":{},"end":{}}],"line":102},"8":{"loc":{"start":{"line":120,"column":4},"end":{"line":133,"column":5}},"type":"if","locations":[{"start":{"line":120,"column":4},"end":{"line":133,"column":5}},{"start":{},"end":{}}],"line":120},"9":{"loc":{"start":{"line":121,"column":6},"end":{"line":124,"column":37}},"type":"binary-expr","locations":[{"start":{"line":121,"column":6},"end":{"line":121,"column":12}},{"start":{"line":122,"column":7},"end":{"line":122,"column":28}},{"start":{"line":123,"column":8},"end":{"line":123,"column":31}},{"start":{"line":124,"column":8},"end":{"line":124,"column":36}}],"line":121},"10":{"loc":{"start":{"line":155,"column":6},"end":{"line":156,"column":67}},"type":"binary-expr","locations":[{"start":{"line":155,"column":6},"end":{"line":155,"column":19}},{"start":{"line":156,"column":6},"end":{"line":156,"column":67}}],"line":155},"11":{"loc":{"start":{"line":190,"column":4},"end":{"line":199,"column":5}},"type":"if","locations":[{"start":{"line":190,"column":4},"end":{"line":199,"column":5}},{"start":{},"end":{}}],"line":190},"12":{"loc":{"start":{"line":206,"column":6},"end":{"line":208,"column":7}},"type":"if","locations":[{"start":{"line":206,"column":6},"end":{"line":208,"column":7}},{"start":{},"end":{}}],"line":206},"13":{"loc":{"start":{"line":227,"column":4},"end":{"line":229,"column":5}},"type":"if","locations":[{"start":{"line":227,"column":4},"end":{"line":229,"column":5}},{"start":{},"end":{}}],"line":227}},"s":{"0":3,"1":15,"2":15,"3":15,"4":15,"5":15,"6":15,"7":29,"8":15,"9":15,"10":15,"11":15,"12":15,"13":7,"14":7,"15":7,"16":7,"17":0,"18":0,"19":0,"20":0,"21":0,"22":0,"23":0,"24":15,"25":4,"26":4,"27":4,"28":4,"29":2,"30":2,"31":2,"32":2,"33":0,"34":2,"35":0,"36":15,"37":4,"38":15,"39":11,"40":11,"41":11,"42":7,"43":7,"44":7,"45":7,"46":0,"47":15,"48":11,"49":15,"50":0,"51":15,"52":15,"53":15,"54":0,"55":0,"56":15,"57":0,"58":15,"59":0,"60":0,"61":15,"62":5,"63":5,"64":5,"65":5,"66":0,"67":0,"68":0,"69":15,"70":0,"71":0,"72":0,"73":0,"74":0,"75":15,"76":0,"77":0,"78":0,"79":0,"80":0,"81":0,"82":15,"83":0,"84":0,"85":0,"86":0,"87":0,"88":15,"89":15,"90":0},"f":{"0":15,"1":29,"2":7,"3":4,"4":4,"5":11,"6":11,"7":0,"8":0,"9":0,"10":0,"11":0,"12":5,"13":0,"14":0,"15":0,"16":0,"17":0,"18":0,"19":0},"b":{"0":[10,19],"1":[7,0],"2":[0,0],"3":[0,0],"4":[0,0],"5":[4,0],"6":[2,2],"7":[0,2],"8":[7,4],"9":[11,11,4,4],"10":[0,0],"11":[0,0],"12":[0,0],"13":[0,0]},"_coverageSchema":"1a1c01bbd47fc00a2c39e90264f33305004495a9","hash":"5a5182e5c5d06084402eb910da7f5ec7ac663409"}
,"/home/runner/work/Typescript_Capacitor_SecurePlanner/Typescript_Capacitor_SecurePlanner/src/custom_components/handleNotes/editNote/screen/screen-editNote.tsx": {"path":"/home/runner/work/Typescript_Capacitor_SecurePlanner/Typescript_Capacitor_SecurePlanner/src/custom_components/handleNotes/editNote/screen/screen-editNote.tsx","statementMap":{"0":{"start":{"line":44,"column":54},"end":{"line":244,"column":1}},"1":{"start":{"line":65,"column":16},"end":{"line":65,"column":32}},"2":{"start":{"line":68,"column":2},"end":{"line":243,"column":4}},"3":{"start":{"line":96,"column":29},"end":{"line":96,"column":68}},"4":{"start":{"line":109,"column":29},"end":{"line":109,"column":70}},"5":{"start":{"line":127,"column":14},"end":{"line":211,"column":21}},"6":{"start":{"line":140,"column":28},"end":{"line":140,"column":63}},"7":{"start":{"line":177,"column":46},"end":{"line":177,"column":83}},"8":{"start":{"line":194,"column":43},"end":{"line":194,"column":67}}},"fnMap":{"0":{"name":"(anonymous_0)","decl":{"start":{"line":44,"column":54},"end":{"line":44,"column":55}},"loc":{"start":{"line":64,"column":6},"end":{"line":244,"column":1}},"line":64},"1":{"name":"(anonymous_1)","decl":{"start":{"line":96,"column":22},"end":{"line":96,"column":23}},"loc":{"start":{"line":96,"column":29},"end":{"line":96,"column":68}},"line":96},"2":{"name":"(anonymous_2)","decl":{"start":{"line":109,"column":22},"end":{"line":109,"column":23}},"loc":{"start":{"line":109,"column":29},"end":{"line":109,"column":70}},"line":109},"3":{"name":"(anonymous_3)","decl":{"start":{"line":126,"column":35},"end":{"line":126,"column":36}},"loc":{"start":{"line":127,"column":14},"end":{"line":211,"column":21}},"line":127},"4":{"name":"(anonymous_4)","decl":{"start":{"line":139,"column":35},"end":{"line":139,"column":36}},"loc":{"start":{"line":140,"column":28},"end":{"line":140,"column":63}},"line":140},"5":{"name":"(anonymous_5)","decl":{"start":{"line":177,"column":35},"end":{"line":177,"column":36}},"loc":{"start":{"line":177,"column":46},"end":{"line":177,"column":83}},"line":177},"6":{"name":"(anonymous_6)","decl":{"start":{"line":194,"column":37},"end":{"line":194,"column":38}},"loc":{"start":{"line":194,"column":43},"end":{"line":194,"column":67}},"line":194}},"branchMap":{"0":{"loc":{"start":{"line":72,"column":7},"end":{"line":87,"column":7}},"type":"binary-expr","locations":[{"start":{"line":72,"column":7},"end":{"line":72,"column":19}},{"start":{"line":73,"column":8},"end":{"line":86,"column":11}}],"line":72},"1":{"loc":{"start":{"line":124,"column":9},"end":{"line":214,"column":9}},"type":"binary-expr","locations":[{"start":{"line":124,"column":9},"end":{"line":124,"column":17}},{"start":{"line":124,"column":21},"end":{"line":124,"column":53}},{"start":{"line":125,"column":10},"end":{"line":213,"column":16}}],"line":124},"2":{"loc":{"start":{"line":145,"column":46},"end":{"line":147,"column":40}},"type":"cond-expr","locations":[{"start":{"line":146,"column":34},"end":{"line":146,"column":48}},{"start":{"line":147,"column":34},"end":{"line":147,"column":40}}],"line":145},"3":{"loc":{"start":{"line":153,"column":33},"end":{"line":155,"column":38}},"type":"cond-expr","locations":[{"start":{"line":154,"column":36},"end":{"line":154,"column":60}},{"start":{"line":155,"column":36},"end":{"line":155,"column":38}}],"line":153},"4":{"loc":{"start":{"line":216,"column":9},"end":{"line":222,"column":9}},"type":"binary-expr","locations":[{"start":{"line":216,"column":9},"end":{"line":216,"column":22}},{"start":{"line":217,"column":12},"end":{"line":221,"column":14}}],"line":216},"5":{"loc":{"start":{"line":224,"column":9},"end":{"line":240,"column":9}},"type":"binary-expr","locations":[{"start":{"line":224,"column":9},"end":{"line":224,"column":18}},{"start":{"line":224,"column":22},"end":{"line":224,"column":50}},{"start":{"line":225,"column":10},"end":{"line":239,"column":16}}],"line":224}},"s":{"0":3,"1":15,"2":15,"3":3,"4":2,"5":0,"6":0,"7":0,"8":0},"f":{"0":15,"1":3,"2":2,"3":0,"4":0,"5":0,"6":0},"b":{"0":[15,0],"1":[15,15,15],"2":[0,0],"3":[0,0],"4":[15,15],"5":[15,5,5]},"_coverageSchema":"1a1c01bbd47fc00a2c39e90264f33305004495a9","hash":"59d8ca98831b1f07c6f3e3605e08cddb5a584a38"}
,"/home/runner/work/Typescript_Capacitor_SecurePlanner/Typescript_Capacitor_SecurePlanner/src/custom_components/handleNotes/editNote/screen/ui/dateWithClock/dateWithClock.tsx": {"path":"/home/runner/work/Typescript_Capacitor_SecurePlanner/Typescript_Capacitor_SecurePlanner/src/custom_components/handleNotes/editNote/screen/ui/dateWithClock/dateWithClock.tsx","statementMap":{"0":{"start":{"line":9,"column":57},"end":{"line":32,"column":1}},"1":{"start":{"line":10,"column":2},"end":{"line":31,"column":4}}},"fnMap":{"0":{"name":"(anonymous_0)","decl":{"start":{"line":9,"column":57},"end":{"line":9,"column":58}},"loc":{"start":{"line":9,"column":71},"end":{"line":32,"column":1}},"line":9}},"branchMap":{},"s":{"0":3,"1":14},"f":{"0":14},"b":{},"_coverageSchema":"1a1c01bbd47fc00a2c39e90264f33305004495a9","hash":"9260763677ac213a82bdb3f867969a03931a7fab"}
,"/home/runner/work/Typescript_Capacitor_SecurePlanner/Typescript_Capacitor_SecurePlanner/src/custom_components/handleNotes/editNote/screen/ui/progressBar/progressBar.tsx": {"path":"/home/runner/work/Typescript_Capacitor_SecurePlanner/Typescript_Capacitor_SecurePlanner/src/custom_components/handleNotes/editNote/screen/ui/progressBar/progressBar.tsx","statementMap":{"0":{"start":{"line":12,"column":48},"end":{"line":104,"column":1}},"1":{"start":{"line":21,"column":27},"end":{"line":31,"column":3}},"2":{"start":{"line":22,"column":4},"end":{"line":30,"column":5}},"3":{"start":{"line":23,"column":6},"end":{"line":23,"column":23}},"4":{"start":{"line":24,"column":11},"end":{"line":30,"column":5}},"5":{"start":{"line":25,"column":6},"end":{"line":25,"column":23}},"6":{"start":{"line":26,"column":11},"end":{"line":30,"column":5}},"7":{"start":{"line":27,"column":6},"end":{"line":27,"column":23}},"8":{"start":{"line":29,"column":6},"end":{"line":29,"column":23}},"9":{"start":{"line":33,"column":16},"end":{"line":33,"column":42}},"10":{"start":{"line":35,"column":57},"end":{"line":41,"column":3}},"11":{"start":{"line":43,"column":48},"end":{"line":53,"column":3}},"12":{"start":{"line":55,"column":45},"end":{"line":65,"column":3}},"13":{"start":{"line":67,"column":49},"end":{"line":73,"column":3}},"14":{"start":{"line":75,"column":44},"end":{"line":87,"column":3}},"15":{"start":{"line":89,"column":2},"end":{"line":103,"column":4}}},"fnMap":{"0":{"name":"(anonymous_0)","decl":{"start":{"line":12,"column":48},"end":{"line":12,"column":49}},"loc":{"start":{"line":19,"column":6},"end":{"line":104,"column":1}},"line":19},"1":{"name":"(anonymous_1)","decl":{"start":{"line":21,"column":27},"end":{"line":21,"column":28}},"loc":{"start":{"line":21,"column":57},"end":{"line":31,"column":3}},"line":21}},"branchMap":{"0":{"loc":{"start":{"line":18,"column":2},"end":{"line":18,"column":21}},"type":"default-arg","locations":[{"start":{"line":18,"column":16},"end":{"line":18,"column":21}}],"line":18},"1":{"loc":{"start":{"line":22,"column":4},"end":{"line":30,"column":5}},"type":"if","locations":[{"start":{"line":22,"column":4},"end":{"line":30,"column":5}},{"start":{"line":24,"column":11},"end":{"line":30,"column":5}}],"line":22},"2":{"loc":{"start":{"line":24,"column":11},"end":{"line":30,"column":5}},"type":"if","locations":[{"start":{"line":24,"column":11},"end":{"line":30,"column":5}},{"start":{"line":26,"column":11},"end":{"line":30,"column":5}}],"line":24},"3":{"loc":{"start":{"line":26,"column":11},"end":{"line":30,"column":5}},"type":"if","locations":[{"start":{"line":26,"column":11},"end":{"line":30,"column":5}},{"start":{"line":28,"column":11},"end":{"line":30,"column":5}}],"line":26},"4":{"loc":{"start":{"line":40,"column":12},"end":{"line":40,"column":54}},"type":"cond-expr","locations":[{"start":{"line":40,"column":26},"end":{"line":40,"column":45}},{"start":{"line":40,"column":48},"end":{"line":40,"column":54}}],"line":40},"5":{"loc":{"start":{"line":86,"column":13},"end":{"line":86,"column":38}},"type":"cond-expr","locations":[{"start":{"line":86,"column":22},"end":{"line":86,"column":29}},{"start":{"line":86,"column":32},"end":{"line":86,"column":38}}],"line":86},"6":{"loc":{"start":{"line":95,"column":7},"end":{"line":95,"column":112}},"type":"binary-expr","locations":[{"start":{"line":95,"column":7},"end":{"line":95,"column":13}},{"start":{"line":95,"column":17},"end":{"line":95,"column":32}},{"start":{"line":95,"column":36},"end":{"line":95,"column":112}}],"line":95}},"s":{"0":5,"1":77,"2":77,"3":58,"4":19,"5":1,"6":18,"7":3,"8":15,"9":77,"10":77,"11":77,"12":77,"13":77,"14":77,"15":77},"f":{"0":77,"1":77},"b":{"0":[8],"1":[58,19],"2":[1,18],"3":[3,15],"4":[15,62],"5":[2,75],"6":[77,2,1]},"_coverageSchema":"1a1c01bbd47fc00a2c39e90264f33305004495a9","hash":"d966dd5ae546129356f9e99be26536e04275d97a"}
,"/home/runner/work/Typescript_Capacitor_SecurePlanner/Typescript_Capacitor_SecurePlanner/src/custom_components/handleNotes/editNote/screen/ui/progressBarMenu/progressBarMenu.tsx": {"path":"/home/runner/work/Typescript_Capacitor_SecurePlanner/Typescript_Capacitor_SecurePlanner/src/custom_components/handleNotes/editNote/screen/ui/progressBarMenu/progressBarMenu.tsx","statementMap":{"0":{"start":{"line":14,"column":72},"end":{"line":50,"column":1}},"1":{"start":{"line":21,"column":16},"end":{"line":21,"column":32}},"2":{"start":{"line":22,"column":44},"end":{"line":22,"column":59}},"3":{"start":{"line":24,"column":2},"end":{"line":49,"column":4}},"4":{"start":{"line":28,"column":23},"end":{"line":28,"column":55}},"5":{"start":{"line":37,"column":10},"end":{"line":45,"column":12}},"6":{"start":{"line":43,"column":27},"end":{"line":43,"column":59}}},"fnMap":{"0":{"name":"(anonymous_0)","decl":{"start":{"line":14,"column":72},"end":{"line":14,"column":73}},"loc":{"start":{"line":20,"column":6},"end":{"line":50,"column":1}},"line":20},"1":{"name":"(anonymous_1)","decl":{"start":{"line":28,"column":17},"end":{"line":28,"column":18}},"loc":{"start":{"line":28,"column":23},"end":{"line":28,"column":55}},"line":28},"2":{"name":"(anonymous_2)","decl":{"start":{"line":36,"column":28},"end":{"line":36,"column":29}},"loc":{"start":{"line":37,"column":10},"end":{"line":45,"column":12}},"line":37},"3":{"name":"(anonymous_3)","decl":{"start":{"line":43,"column":21},"end":{"line":43,"column":22}},"loc":{"start":{"line":43,"column":27},"end":{"line":43,"column":59}},"line":43}},"branchMap":{"0":{"loc":{"start":{"line":31,"column":84},"end":{"line":31,"column":153}},"type":"cond-expr","locations":[{"start":{"line":31,"column":100},"end":{"line":31,"column":124}},{"start":{"line":31,"column":127},"end":{"line":31,"column":153}}],"line":31},"1":{"loc":{"start":{"line":35,"column":69},"end":{"line":35,"column":117}},"type":"cond-expr","locations":[{"start":{"line":35,"column":85},"end":{"line":35,"column":112}},{"start":{"line":35,"column":115},"end":{"line":35,"column":117}}],"line":35}},"s":{"0":4,"1":23,"2":23,"3":23,"4":3,"5":17,"6":1},"f":{"0":23,"1":3,"2":17,"3":1},"b":{"0":[4,19],"1":[4,19]},"_coverageSchema":"1a1c01bbd47fc00a2c39e90264f33305004495a9","hash":"f18aa2a6e598ced1ab9f1358e181133cc1d9380b"}
,"/home/runner/work/Typescript_Capacitor_SecurePlanner/Typescript_Capacitor_SecurePlanner/src/custom_components/handleNotes/editNote/screen/ui/progressBarMenu/progressBarScreen.tsx": {"path":"/home/runner/work/Typescript_Capacitor_SecurePlanner/Typescript_Capacitor_SecurePlanner/src/custom_components/handleNotes/editNote/screen/ui/progressBarMenu/progressBarScreen.tsx","statementMap":{"0":{"start":{"line":16,"column":60},"end":{"line":88,"column":1}},"1":{"start":{"line":25,"column":16},"end":{"line":25,"column":32}},"2":{"start":{"line":26,"column":44},"end":{"line":26,"column":73}},"3":{"start":{"line":27,"column":44},"end":{"line":27,"column":76}},"4":{"start":{"line":30,"column":33},"end":{"line":34,"column":3}},"5":{"start":{"line":31,"column":4},"end":{"line":31,"column":55}},"6":{"start":{"line":32,"column":4},"end":{"line":32,"column":25}},"7":{"start":{"line":33,"column":4},"end":{"line":33,"column":25}},"8":{"start":{"line":36,"column":2},"end":{"line":87,"column":4}},"9":{"start":{"line":45,"column":23},"end":{"line":45,"column":54}},"10":{"start":{"line":55,"column":23},"end":{"line":55,"column":54}},"11":{"start":{"line":65,"column":23},"end":{"line":65,"column":54}},"12":{"start":{"line":75,"column":23},"end":{"line":75,"column":57}}},"fnMap":{"0":{"name":"(anonymous_0)","decl":{"start":{"line":16,"column":60},"end":{"line":16,"column":61}},"loc":{"start":{"line":24,"column":6},"end":{"line":88,"column":1}},"line":24},"1":{"name":"(anonymous_1)","decl":{"start":{"line":30,"column":33},"end":{"line":30,"column":34}},"loc":{"start":{"line":30,"column":49},"end":{"line":34,"column":3}},"line":30},"2":{"name":"(anonymous_2)","decl":{"start":{"line":45,"column":17},"end":{"line":45,"column":18}},"loc":{"start":{"line":45,"column":23},"end":{"line":45,"column":54}},"line":45},"3":{"name":"(anonymous_3)","decl":{"start":{"line":55,"column":17},"end":{"line":55,"column":18}},"loc":{"start":{"line":55,"column":23},"end":{"line":55,"column":54}},"line":55},"4":{"name":"(anonymous_4)","decl":{"start":{"line":65,"column":17},"end":{"line":65,"column":18}},"loc":{"start":{"line":65,"column":23},"end":{"line":65,"column":54}},"line":65},"5":{"name":"(anonymous_5)","decl":{"start":{"line":75,"column":17},"end":{"line":75,"column":18}},"loc":{"start":{"line":75,"column":23},"end":{"line":75,"column":57}},"line":75}},"branchMap":{"0":{"loc":{"start":{"line":31,"column":21},"end":{"line":31,"column":53}},"type":"cond-expr","locations":[{"start":{"line":31,"column":44},"end":{"line":31,"column":48}},{"start":{"line":31,"column":51},"end":{"line":31,"column":53}}],"line":31}},"s":{"0":4,"1":23,"2":23,"3":23,"4":23,"5":3,"6":3,"7":3,"8":23,"9":0,"10":0,"11":0,"12":0},"f":{"0":23,"1":3,"2":0,"3":0,"4":0,"5":0},"b":{"0":[0,3]},"_coverageSchema":"1a1c01bbd47fc00a2c39e90264f33305004495a9","hash":"cc44a5949c6741ceedd18d31226361d3a0a06f95"}
,"/home/runner/work/Typescript_Capacitor_SecurePlanner/Typescript_Capacitor_SecurePlanner/src/custom_components/handleNotes/editToDoElement/container/container-editToDo.tsx": {"path":"/home/runner/work/Typescript_Capacitor_SecurePlanner/Typescript_Capacitor_SecurePlanner/src/custom_components/handleNotes/editToDoElement/container/container-editToDo.tsx","statementMap":{"0":{"start":{"line":21,"column":60},"end":{"line":246,"column":1}},"1":{"start":{"line":26,"column":16},"end":{"line":26,"column":32}},"2":{"start":{"line":27,"column":46},"end":{"line":27,"column":66}},"3":{"start":{"line":28,"column":24},"end":{"line":28,"column":39}},"4":{"start":{"line":29,"column":46},"end":{"line":29,"column":70}},"5":{"start":{"line":32,"column":34},"end":{"line":46,"column":4}},"6":{"start":{"line":48,"column":2},"end":{"line":83,"column":42}},"7":{"start":{"line":50,"column":35},"end":{"line":80,"column":5}},"8":{"start":{"line":51,"column":6},"end":{"line":79,"column":7}},"9":{"start":{"line":52,"column":8},"end":{"line":54,"column":10}},"10":{"start":{"line":55,"column":8},"end":{"line":78,"column":9}},"11":{"start":{"line":56,"column":27},"end":{"line":59,"column":11}},"12":{"start":{"line":60,"column":10},"end":{"line":72,"column":11}},"13":{"start":{"line":61,"column":12},"end":{"line":63,"column":14}},"14":{"start":{"line":64,"column":12},"end":{"line":64,"column":67}},"15":{"start":{"line":65,"column":12},"end":{"line":65,"column":34}},"16":{"start":{"line":67,"column":12},"end":{"line":71,"column":13}},"17":{"start":{"line":68,"column":14},"end":{"line":70,"column":15}},"18":{"start":{"line":69,"column":16},"end":{"line":69,"column":40}},"19":{"start":{"line":74,"column":10},"end":{"line":77,"column":12}},"20":{"start":{"line":82,"column":4},"end":{"line":82,"column":29}},"21":{"start":{"line":85,"column":34},"end":{"line":94,"column":16}},"22":{"start":{"line":86,"column":26},"end":{"line":86,"column":43}},"23":{"start":{"line":87,"column":4},"end":{"line":91,"column":7}},"24":{"start":{"line":88,"column":6},"end":{"line":90,"column":7}},"25":{"start":{"line":89,"column":8},"end":{"line":89,"column":46}},"26":{"start":{"line":93,"column":4},"end":{"line":93,"column":49}},"27":{"start":{"line":97,"column":42},"end":{"line":105,"column":4}},"28":{"start":{"line":107,"column":2},"end":{"line":148,"column":79}},"29":{"start":{"line":108,"column":33},"end":{"line":145,"column":5}},"30":{"start":{"line":110,"column":6},"end":{"line":144,"column":7}},"31":{"start":{"line":116,"column":8},"end":{"line":118,"column":10}},"32":{"start":{"line":119,"column":8},"end":{"line":143,"column":9}},"33":{"start":{"line":120,"column":34},"end":{"line":120,"column":49}},"34":{"start":{"line":121,"column":32},"end":{"line":123,"column":11}},"35":{"start":{"line":122,"column":22},"end":{"line":122,"column":57}},"36":{"start":{"line":124,"column":10},"end":{"line":128,"column":11}},"37":{"start":{"line":125,"column":12},"end":{"line":125,"column":56}},"38":{"start":{"line":127,"column":12},"end":{"line":127,"column":67}},"39":{"start":{"line":129,"column":10},"end":{"line":131,"column":12}},"40":{"start":{"line":132,"column":10},"end":{"line":132,"column":72}},"41":{"start":{"line":133,"column":10},"end":{"line":137,"column":12}},"42":{"start":{"line":139,"column":10},"end":{"line":142,"column":12}},"43":{"start":{"line":146,"column":4},"end":{"line":146,"column":27}},"44":{"start":{"line":147,"column":4},"end":{"line":147,"column":30}},"45":{"start":{"line":150,"column":2},"end":{"line":160,"column":37}},"46":{"start":{"line":152,"column":53},"end":{"line":157,"column":5}},"47":{"start":{"line":158,"column":20},"end":{"line":158,"column":61}},"48":{"start":{"line":159,"column":4},"end":{"line":159,"column":34}},"49":{"start":{"line":162,"column":2},"end":{"line":213,"column":5}},"50":{"start":{"line":164,"column":32},"end":{"line":202,"column":5}},"51":{"start":{"line":165,"column":6},"end":{"line":168,"column":8}},"52":{"start":{"line":169,"column":6},"end":{"line":201,"column":7}},"53":{"start":{"line":170,"column":8},"end":{"line":200,"column":9}},"54":{"start":{"line":171,"column":10},"end":{"line":194,"column":11}},"55":{"start":{"line":172,"column":12},"end":{"line":193,"column":13}},"56":{"start":{"line":173,"column":31},"end":{"line":175,"column":15}},"57":{"start":{"line":174,"column":26},"end":{"line":174,"column":52}},"58":{"start":{"line":176,"column":14},"end":{"line":187,"column":15}},"59":{"start":{"line":177,"column":16},"end":{"line":180,"column":18}},"60":{"start":{"line":181,"column":16},"end":{"line":181,"column":42}},"61":{"start":{"line":183,"column":16},"end":{"line":186,"column":18}},"62":{"start":{"line":189,"column":14},"end":{"line":192,"column":16}},"63":{"start":{"line":196,"column":10},"end":{"line":199,"column":12}},"64":{"start":{"line":204,"column":4},"end":{"line":204,"column":26}},"65":{"start":{"line":205,"column":4},"end":{"line":205,"column":30}},"66":{"start":{"line":215,"column":25},"end":{"line":226,"column":3}},"67":{"start":{"line":219,"column":4},"end":{"line":219,"column":80}},"68":{"start":{"line":220,"column":4},"end":{"line":224,"column":5}},"69":{"start":{"line":221,"column":6},"end":{"line":223,"column":8}},"70":{"start":{"line":225,"column":4},"end":{"line":225,"column":55}},"71":{"start":{"line":228,"column":46},"end":{"line":228,"column":68}},"72":{"start":{"line":230,"column":2},"end":{"line":232,"column":3}},"73":{"start":{"line":231,"column":4},"end":{"line":231,"column":35}},"74":{"start":{"line":234,"column":2},"end":{"line":245,"column":4}}},"fnMap":{"0":{"name":"(anonymous_0)","decl":{"start":{"line":21,"column":60},"end":{"line":21,"column":61}},"loc":{"start":{"line":25,"column":6},"end":{"line":246,"column":1}},"line":25},"1":{"name":"(anonymous_1)","decl":{"start":{"line":48,"column":12},"end":{"line":48,"column":13}},"loc":{"start":{"line":48,"column":18},"end":{"line":83,"column":3}},"line":48},"2":{"name":"(anonymous_2)","decl":{"start":{"line":50,"column":35},"end":{"line":50,"column":36}},"loc":{"start":{"line":50,"column":47},"end":{"line":80,"column":5}},"line":50},"3":{"name":"(anonymous_3)","decl":{"start":{"line":85,"column":46},"end":{"line":85,"column":47}},"loc":{"start":{"line":85,"column":52},"end":{"line":94,"column":3}},"line":85},"4":{"name":"(anonymous_4)","decl":{"start":{"line":87,"column":30},"end":{"line":87,"column":31}},"loc":{"start":{"line":87,"column":40},"end":{"line":91,"column":5}},"line":87},"5":{"name":"(anonymous_5)","decl":{"start":{"line":107,"column":12},"end":{"line":107,"column":13}},"loc":{"start":{"line":107,"column":18},"end":{"line":148,"column":3}},"line":107},"6":{"name":"(anonymous_6)","decl":{"start":{"line":108,"column":33},"end":{"line":108,"column":34}},"loc":{"start":{"line":108,"column":45},"end":{"line":145,"column":5}},"line":108},"7":{"name":"(anonymous_7)","decl":{"start":{"line":122,"column":12},"end":{"line":122,"column":13}},"loc":{"start":{"line":122,"column":22},"end":{"line":122,"column":57}},"line":122},"8":{"name":"(anonymous_8)","decl":{"start":{"line":150,"column":12},"end":{"line":150,"column":13}},"loc":{"start":{"line":150,"column":18},"end":{"line":160,"column":3}},"line":150},"9":{"name":"(anonymous_9)","decl":{"start":{"line":162,"column":12},"end":{"line":162,"column":13}},"loc":{"start":{"line":162,"column":18},"end":{"line":206,"column":3}},"line":162},"10":{"name":"(anonymous_10)","decl":{"start":{"line":164,"column":32},"end":{"line":164,"column":33}},"loc":{"start":{"line":164,"column":44},"end":{"line":202,"column":5}},"line":164},"11":{"name":"(anonymous_11)","decl":{"start":{"line":174,"column":16},"end":{"line":174,"column":17}},"loc":{"start":{"line":174,"column":26},"end":{"line":174,"column":52}},"line":174},"12":{"name":"(anonymous_12)","decl":{"start":{"line":215,"column":25},"end":{"line":215,"column":26}},"loc":{"start":{"line":218,"column":7},"end":{"line":226,"column":3}},"line":218}},"branchMap":{"0":{"loc":{"start":{"line":28,"column":24},"end":{"line":28,"column":39}},"type":"binary-expr","locations":[{"start":{"line":28,"column":24},"end":{"line":28,"column":34}},{"start":{"line":28,"column":38},"end":{"line":28,"column":39}}],"line":28},"1":{"loc":{"start":{"line":51,"column":6},"end":{"line":79,"column":7}},"type":"if","locations":[{"start":{"line":51,"column":6},"end":{"line":79,"column":7}},{"start":{},"end":{}}],"line":51},"2":{"loc":{"start":{"line":60,"column":10},"end":{"line":72,"column":11}},"type":"if","locations":[{"start":{"line":60,"column":10},"end":{"line":72,"column":11}},{"start":{},"end":{}}],"line":60},"3":{"loc":{"start":{"line":67,"column":12},"end":{"line":71,"column":13}},"type":"if","locations":[{"start":{"line":67,"column":12},"end":{"line":71,"column":13}},{"start":{},"end":{}}],"line":67},"4":{"loc":{"start":{"line":68,"column":14},"end":{"line":70,"column":15}},"type":"if","locations":[{"start":{"line":68,"column":14},"end":{"line":70,"column":15}},{"start":{},"end":{}}],"line":68},"5":{"loc":{"start":{"line":88,"column":6},"end":{"line":90,"column":7}},"type":"if","locations":[{"start":{"line":88,"column":6},"end":{"line":90,"column":7}},{"start":{},"end":{}}],"line":88},"6":{"loc":{"start":{"line":88,"column":10},"end":{"line":88,"column":64}},"type":"binary-expr","locations":[{"start":{"line":88,"column":10},"end":{"line":88,"column":28}},{"start":{"line":88,"column":32},"end":{"line":88,"column":64}}],"line":88},"7":{"loc":{"start":{"line":110,"column":6},"end":{"line":144,"column":7}},"type":"if","locations":[{"start":{"line":110,"column":6},"end":{"line":144,"column":7}},{"start":{},"end":{}}],"line":110},"8":{"loc":{"start":{"line":111,"column":8},"end":{"line":114,"column":44}},"type":"binary-expr","locations":[{"start":{"line":111,"column":8},"end":{"line":111,"column":14}},{"start":{"line":112,"column":9},"end":{"line":112,"column":38}},{"start":{"line":113,"column":10},"end":{"line":113,"column":38}},{"start":{"line":114,"column":10},"end":{"line":114,"column":43}}],"line":111},"9":{"loc":{"start":{"line":124,"column":10},"end":{"line":128,"column":11}},"type":"if","locations":[{"start":{"line":124,"column":10},"end":{"line":128,"column":11}},{"start":{"line":126,"column":17},"end":{"line":128,"column":11}}],"line":124},"10":{"loc":{"start":{"line":169,"column":6},"end":{"line":201,"column":7}},"type":"if","locations":[{"start":{"line":169,"column":6},"end":{"line":201,"column":7}},{"start":{},"end":{}}],"line":169},"11":{"loc":{"start":{"line":169,"column":10},"end":{"line":169,"column":67}},"type":"binary-expr","locations":[{"start":{"line":169,"column":10},"end":{"line":169,"column":16}},{"start":{"line":169,"column":20},"end":{"line":169,"column":42}},{"start":{"line":169,"column":46},"end":{"line":169,"column":67}}],"line":169},"12":{"loc":{"start":{"line":171,"column":10},"end":{"line":194,"column":11}},"type":"if","locations":[{"start":{"line":171,"column":10},"end":{"line":194,"column":11}},{"start":{},"end":{}}],"line":171},"13":{"loc":{"start":{"line":172,"column":12},"end":{"line":193,"column":13}},"type":"if","locations":[{"start":{"line":172,"column":12},"end":{"line":193,"column":13}},{"start":{"line":188,"column":19},"end":{"line":193,"column":13}}],"line":172},"14":{"loc":{"start":{"line":176,"column":14},"end":{"line":187,"column":15}},"type":"if","locations":[{"start":{"line":176,"column":14},"end":{"line":187,"column":15}},{"start":{"line":182,"column":21},"end":{"line":187,"column":15}}],"line":176},"15":{"loc":{"start":{"line":220,"column":4},"end":{"line":224,"column":5}},"type":"if","locations":[{"start":{"line":220,"column":4},"end":{"line":224,"column":5}},{"start":{},"end":{}}],"line":220},"16":{"loc":{"start":{"line":220,"column":8},"end":{"line":220,"column":45}},"type":"binary-expr","locations":[{"start":{"line":220,"column":8},"end":{"line":220,"column":22}},{"start":{"line":220,"column":26},"end":{"line":220,"column":45}}],"line":220},"17":{"loc":{"start":{"line":230,"column":2},"end":{"line":232,"column":3}},"type":"if","locations":[{"start":{"line":230,"column":2},"end":{"line":232,"column":3}},{"start":{},"end":{}}],"line":230},"18":{"loc":{"start":{"line":242,"column":22},"end":{"line":242,"column":42}},"type":"binary-expr","locations":[{"start":{"line":242,"column":22},"end":{"line":242,"column":36}},{"start":{"line":242,"column":40},"end":{"line":242,"column":42}}],"line":242}},"s":{"0":4,"1":15,"2":15,"3":15,"4":15,"5":15,"6":15,"7":4,"8":4,"9":4,"10":4,"11":4,"12":4,"13":0,"14":0,"15":0,"16":0,"17":0,"18":0,"19":0,"20":4,"21":15,"22":9,"23":9,"24":10,"25":0,"26":9,"27":15,"28":15,"29":5,"30":5,"31":1,"32":1,"33":1,"34":1,"35":1,"36":1,"37":1,"38":0,"39":1,"40":1,"41":1,"42":0,"43":5,"44":5,"45":15,"46":10,"47":10,"48":10,"49":15,"50":4,"51":4,"52":4,"53":4,"54":4,"55":4,"56":4,"57":4,"58":4,"59":0,"60":0,"61":4,"62":0,"63":0,"64":4,"65":4,"66":15,"67":1,"68":1,"69":1,"70":1,"71":15,"72":15,"73":0,"74":15},"f":{"0":15,"1":4,"2":4,"3":9,"4":10,"5":5,"6":5,"7":1,"8":10,"9":4,"10":4,"11":4,"12":1},"b":{"0":[15,0],"1":[4,0],"2":[0,4],"3":[0,0],"4":[0,0],"5":[0,10],"6":[10,0],"7":[1,4],"8":[5,5,5,4],"9":[1,0],"10":[4,0],"11":[4,4,4],"12":[4,0],"13":[4,0],"14":[0,4],"15":[1,0],"16":[1,1],"17":[0,15],"18":[15,0]},"_coverageSchema":"1a1c01bbd47fc00a2c39e90264f33305004495a9","hash":"510fa5630bb3e863c0b0afe913f410242f4bfb20"}
,"/home/runner/work/Typescript_Capacitor_SecurePlanner/Typescript_Capacitor_SecurePlanner/src/custom_components/handleNotes/editToDoElement/screens/screen-editToDo-TooMuch.tsx": {"path":"/home/runner/work/Typescript_Capacitor_SecurePlanner/Typescript_Capacitor_SecurePlanner/src/custom_components/handleNotes/editToDoElement/screens/screen-editToDo-TooMuch.tsx","statementMap":{"0":{"start":{"line":6,"column":39},"end":{"line":19,"column":1}},"1":{"start":{"line":7,"column":16},"end":{"line":7,"column":32}},"2":{"start":{"line":9,"column":2},"end":{"line":18,"column":4}}},"fnMap":{"0":{"name":"(anonymous_0)","decl":{"start":{"line":6,"column":39},"end":{"line":6,"column":40}},"loc":{"start":{"line":6,"column":45},"end":{"line":19,"column":1}},"line":6}},"branchMap":{},"s":{"0":5,"1":1,"2":1},"f":{"0":1},"b":{},"_coverageSchema":"1a1c01bbd47fc00a2c39e90264f33305004495a9","hash":"01d5167e13c198121b8a47212fba0ce395801e57"}
,"/home/runner/work/Typescript_Capacitor_SecurePlanner/Typescript_Capacitor_SecurePlanner/src/custom_components/handleNotes/editToDoElement/screens/screen-editToDo.tsx": {"path":"/home/runner/work/Typescript_Capacitor_SecurePlanner/Typescript_Capacitor_SecurePlanner/src/custom_components/handleNotes/editToDoElement/screens/screen-editToDo.tsx","statementMap":{"0":{"start":{"line":24,"column":50},"end":{"line":108,"column":1}},"1":{"start":{"line":34,"column":16},"end":{"line":34,"column":32}},"2":{"start":{"line":36,"column":2},"end":{"line":107,"column":4}},"3":{"start":{"line":52,"column":33},"end":{"line":52,"column":76}},"4":{"start":{"line":79,"column":20},"end":{"line":79,"column":67}},"5":{"start":{"line":84,"column":20},"end":{"line":84,"column":62}},"6":{"start":{"line":100,"column":33},"end":{"line":100,"column":75}}},"fnMap":{"0":{"name":"(anonymous_0)","decl":{"start":{"line":24,"column":50},"end":{"line":24,"column":51}},"loc":{"start":{"line":33,"column":6},"end":{"line":108,"column":1}},"line":33},"1":{"name":"(anonymous_1)","decl":{"start":{"line":52,"column":26},"end":{"line":52,"column":27}},"loc":{"start":{"line":52,"column":33},"end":{"line":52,"column":76}},"line":52},"2":{"name":"(anonymous_2)","decl":{"start":{"line":78,"column":28},"end":{"line":78,"column":29}},"loc":{"start":{"line":79,"column":20},"end":{"line":79,"column":67}},"line":79},"3":{"name":"(anonymous_3)","decl":{"start":{"line":83,"column":38},"end":{"line":83,"column":39}},"loc":{"start":{"line":84,"column":20},"end":{"line":84,"column":62}},"line":84},"4":{"name":"(anonymous_4)","decl":{"start":{"line":100,"column":26},"end":{"line":100,"column":27}},"loc":{"start":{"line":100,"column":33},"end":{"line":100,"column":75}},"line":100}},"branchMap":{},"s":{"0":5,"1":13,"2":13,"3":1,"4":0,"5":0,"6":2},"f":{"0":13,"1":1,"2":0,"3":0,"4":2},"b":{},"_coverageSchema":"1a1c01bbd47fc00a2c39e90264f33305004495a9","hash":"c685e511ceeeb9e60f086dd8a504cff257aa9a0a"}
,"/home/runner/work/Typescript_Capacitor_SecurePlanner/Typescript_Capacitor_SecurePlanner/src/custom_components/handleNotes/editToDoElement/screens/ui/dataPicker/dataPicker.tsx": {"path":"/home/runner/work/Typescript_Capacitor_SecurePlanner/Typescript_Capacitor_SecurePlanner/src/custom_components/handleNotes/editToDoElement/screens/ui/dataPicker/dataPicker.tsx","statementMap":{"0":{"start":{"line":13,"column":20},"end":{"line":33,"column":1}},"1":{"start":{"line":15,"column":4},"end":{"line":31,"column":10}},"2":{"start":{"line":37,"column":64},"end":{"line":47,"column":1}},"3":{"start":{"line":38,"column":2},"end":{"line":46,"column":4}},"4":{"start":{"line":41,"column":24},"end":{"line":41,"column":64}}},"fnMap":{"0":{"name":"(anonymous_0)","decl":{"start":{"line":14,"column":2},"end":{"line":14,"column":3}},"loc":{"start":{"line":15,"column":4},"end":{"line":31,"column":10}},"line":15},"1":{"name":"(anonymous_1)","decl":{"start":{"line":37,"column":64},"end":{"line":37,"column":65}},"loc":{"start":{"line":37,"column":100},"end":{"line":47,"column":1}},"line":37},"2":{"name":"(anonymous_2)","decl":{"start":{"line":41,"column":16},"end":{"line":41,"column":17}},"loc":{"start":{"line":41,"column":24},"end":{"line":41,"column":64}},"line":41}},"branchMap":{"0":{"loc":{"start":{"line":30,"column":7},"end":{"line":30,"column":18}},"type":"binary-expr","locations":[{"start":{"line":30,"column":7},"end":{"line":30,"column":12}},{"start":{"line":30,"column":16},"end":{"line":30,"column":18}}],"line":30}},"s":{"0":6,"1":14,"2":6,"3":14,"4":0},"f":{"0":14,"1":14,"2":0},"b":{"0":[14,0]},"_coverageSchema":"1a1c01bbd47fc00a2c39e90264f33305004495a9","hash":"8744b5e353651629b8eb062775df7968db85b6bf"}
,"/home/runner/work/Typescript_Capacitor_SecurePlanner/Typescript_Capacitor_SecurePlanner/src/custom_components/handleNotes/editToDoElement/screens/ui/priorityIndicator/priorityIndicator.tsx": {"path":"/home/runner/work/Typescript_Capacitor_SecurePlanner/Typescript_Capacitor_SecurePlanner/src/custom_components/handleNotes/editToDoElement/screens/ui/priorityIndicator/priorityIndicator.tsx","statementMap":{"0":{"start":{"line":6,"column":49},"end":{"line":11,"column":1}},"1":{"start":{"line":21,"column":54},"end":{"line":128,"column":1}},"2":{"start":{"line":25,"column":26},"end":{"line":30,"column":9}},"3":{"start":{"line":25,"column":41},"end":{"line":30,"column":3}},"4":{"start":{"line":31,"column":40},"end":{"line":33,"column":3}},"5":{"start":{"line":35,"column":23},"end":{"line":45,"column":3}},"6":{"start":{"line":36,"column":21},"end":{"line":36,"column":47}},"7":{"start":{"line":37,"column":24},"end":{"line":39,"column":17}},"8":{"start":{"line":38,"column":15},"end":{"line":38,"column":60}},"9":{"start":{"line":41,"column":4},"end":{"line":44,"column":5}},"10":{"start":{"line":42,"column":6},"end":{"line":42,"column":31}},"11":{"start":{"line":43,"column":6},"end":{"line":43,"column":52}},"12":{"start":{"line":47,"column":2},"end":{"line":49,"column":41}},"13":{"start":{"line":48,"column":4},"end":{"line":48,"column":54}},"14":{"start":{"line":51,"column":25},"end":{"line":51,"column":68}},"15":{"start":{"line":52,"column":16},"end":{"line":52,"column":32}},"16":{"start":{"line":54,"column":2},"end":{"line":127,"column":4}}},"fnMap":{"0":{"name":"(anonymous_0)","decl":{"start":{"line":21,"column":54},"end":{"line":21,"column":55}},"loc":{"start":{"line":24,"column":6},"end":{"line":128,"column":1}},"line":24},"1":{"name":"(anonymous_1)","decl":{"start":{"line":25,"column":34},"end":{"line":25,"column":35}},"loc":{"start":{"line":25,"column":41},"end":{"line":30,"column":3}},"line":25},"2":{"name":"(anonymous_2)","decl":{"start":{"line":35,"column":23},"end":{"line":35,"column":24}},"loc":{"start":{"line":35,"column":71},"end":{"line":45,"column":3}},"line":35},"3":{"name":"(anonymous_3)","decl":{"start":{"line":38,"column":6},"end":{"line":38,"column":7}},"loc":{"start":{"line":38,"column":15},"end":{"line":38,"column":60}},"line":38},"4":{"name":"(anonymous_4)","decl":{"start":{"line":47,"column":12},"end":{"line":47,"column":13}},"loc":{"start":{"line":47,"column":18},"end":{"line":49,"column":3}},"line":47}},"branchMap":{"0":{"loc":{"start":{"line":41,"column":4},"end":{"line":44,"column":5}},"type":"if","locations":[{"start":{"line":41,"column":4},"end":{"line":44,"column":5}},{"start":{},"end":{}}],"line":41}},"s":{"0":6,"1":6,"2":24,"3":12,"4":24,"5":24,"6":3,"7":3,"8":12,"9":3,"10":2,"11":2,"12":24,"13":13,"14":24,"15":24,"16":24},"f":{"0":24,"1":12,"2":3,"3":12,"4":13},"b":{"0":[2,1]},"_coverageSchema":"1a1c01bbd47fc00a2c39e90264f33305004495a9","hash":"31ea3d797f6d48a0d6b1b83e119e7e1f017c1cad"}
,"/home/runner/work/Typescript_Capacitor_SecurePlanner/Typescript_Capacitor_SecurePlanner/src/custom_components/handleNotes/viewNote/container/container-viewNote.tsx": {"path":"/home/runner/work/Typescript_Capacitor_SecurePlanner/Typescript_Capacitor_SecurePlanner/src/custom_components/handleNotes/viewNote/container/container-viewNote.tsx","statementMap":{"0":{"start":{"line":15,"column":60},"end":{"line":82,"column":1}},"1":{"start":{"line":16,"column":16},"end":{"line":16,"column":32}},"2":{"start":{"line":17,"column":19},"end":{"line":17,"column":32}},"3":{"start":{"line":18,"column":16},"end":{"line":18,"column":65}},"4":{"start":{"line":20,"column":19},"end":{"line":20,"column":32}},"5":{"start":{"line":22,"column":31},"end":{"line":24,"column":3}},"6":{"start":{"line":23,"column":4},"end":{"line":23,"column":32}},"7":{"start":{"line":26,"column":36},"end":{"line":33,"column":3}},"8":{"start":{"line":27,"column":4},"end":{"line":32,"column":5}},"9":{"start":{"line":28,"column":6},"end":{"line":28,"column":44}},"10":{"start":{"line":31,"column":6},"end":{"line":31,"column":49}},"11":{"start":{"line":35,"column":28},"end":{"line":39,"column":6}},"12":{"start":{"line":36,"column":4},"end":{"line":39,"column":5}},"13":{"start":{"line":38,"column":16},"end":{"line":38,"column":29}},"14":{"start":{"line":42,"column":34},"end":{"line":44,"column":5}},"15":{"start":{"line":43,"column":6},"end":{"line":43,"column":88}},"16":{"start":{"line":46,"column":22},"end":{"line":64,"column":5}},"17":{"start":{"line":47,"column":23},"end":{"line":47,"column":25}},"18":{"start":{"line":48,"column":25},"end":{"line":48,"column":26}},"19":{"start":{"line":50,"column":6},"end":{"line":62,"column":7}},"20":{"start":{"line":51,"column":25},"end":{"line":51,"column":49}},"21":{"start":{"line":52,"column":8},"end":{"line":56,"column":9}},"22":{"start":{"line":53,"column":10},"end":{"line":55,"column":11}},"23":{"start":{"line":54,"column":12},"end":{"line":54,"column":25}},"24":{"start":{"line":57,"column":8},"end":{"line":59,"column":9}},"25":{"start":{"line":58,"column":10},"end":{"line":58,"column":48}},"26":{"start":{"line":60,"column":8},"end":{"line":60,"column":69}},"27":{"start":{"line":61,"column":8},"end":{"line":61,"column":34}},"28":{"start":{"line":63,"column":6},"end":{"line":63,"column":31}},"29":{"start":{"line":66,"column":25},"end":{"line":69,"column":5}},"30":{"start":{"line":67,"column":6},"end":{"line":67,"column":48}},"31":{"start":{"line":67,"column":36},"end":{"line":67,"column":48}},"32":{"start":{"line":68,"column":6},"end":{"line":68,"column":46}},"33":{"start":{"line":71,"column":2},"end":{"line":81,"column":4}}},"fnMap":{"0":{"name":"(anonymous_0)","decl":{"start":{"line":15,"column":60},"end":{"line":15,"column":61}},"loc":{"start":{"line":15,"column":96},"end":{"line":82,"column":1}},"line":15},"1":{"name":"(anonymous_1)","decl":{"start":{"line":22,"column":31},"end":{"line":22,"column":32}},"loc":{"start":{"line":22,"column":51},"end":{"line":24,"column":3}},"line":22},"2":{"name":"(anonymous_2)","decl":{"start":{"line":26,"column":36},"end":{"line":26,"column":37}},"loc":{"start":{"line":26,"column":42},"end":{"line":33,"column":3}},"line":26},"3":{"name":"(anonymous_3)","decl":{"start":{"line":35,"column":28},"end":{"line":35,"column":29}},"loc":{"start":{"line":35,"column":49},"end":{"line":39,"column":6}},"line":35},"4":{"name":"(anonymous_4)","decl":{"start":{"line":38,"column":6},"end":{"line":38,"column":7}},"loc":{"start":{"line":38,"column":16},"end":{"line":38,"column":29}},"line":38},"5":{"name":"(anonymous_5)","decl":{"start":{"line":42,"column":34},"end":{"line":42,"column":35}},"loc":{"start":{"line":42,"column":68},"end":{"line":44,"column":5}},"line":42},"6":{"name":"(anonymous_6)","decl":{"start":{"line":46,"column":22},"end":{"line":46,"column":23}},"loc":{"start":{"line":46,"column":67},"end":{"line":64,"column":5}},"line":46},"7":{"name":"(anonymous_7)","decl":{"start":{"line":66,"column":25},"end":{"line":66,"column":26}},"loc":{"start":{"line":66,"column":70},"end":{"line":69,"column":5}},"line":66}},"branchMap":{"0":{"loc":{"start":{"line":27,"column":4},"end":{"line":32,"column":5}},"type":"if","locations":[{"start":{"line":27,"column":4},"end":{"line":32,"column":5}},{"start":{"line":30,"column":8},"end":{"line":32,"column":5}}],"line":27},"1":{"loc":{"start":{"line":27,"column":7},"end":{"line":27,"column":52}},"type":"binary-expr","locations":[{"start":{"line":27,"column":7},"end":{"line":27,"column":22}},{"start":{"line":27,"column":26},"end":{"line":27,"column":52}}],"line":27},"2":{"loc":{"start":{"line":52,"column":8},"end":{"line":56,"column":9}},"type":"if","locations":[{"start":{"line":52,"column":8},"end":{"line":56,"column":9}},{"start":{},"end":{}}],"line":52},"3":{"loc":{"start":{"line":52,"column":12},"end":{"line":52,"column":64}},"type":"binary-expr","locations":[{"start":{"line":52,"column":12},"end":{"line":52,"column":36}},{"start":{"line":52,"column":40},"end":{"line":52,"column":64}}],"line":52},"4":{"loc":{"start":{"line":53,"column":17},"end":{"line":53,"column":69}},"type":"binary-expr","locations":[{"start":{"line":53,"column":17},"end":{"line":53,"column":41}},{"start":{"line":53,"column":45},"end":{"line":53,"column":69}}],"line":53},"5":{"loc":{"start":{"line":57,"column":8},"end":{"line":59,"column":9}},"type":"if","locations":[{"start":{"line":57,"column":8},"end":{"line":59,"column":9}},{"start":{},"end":{}}],"line":57},"6":{"loc":{"start":{"line":67,"column":6},"end":{"line":67,"column":48}},"type":"if","locations":[{"start":{"line":67,"column":6},"end":{"line":67,"column":48}},{"start":{},"end":{}}],"line":67}},"s":{"0":4,"1":13,"2":13,"3":13,"4":13,"5":13,"6":1,"7":13,"8":1,"9":0,"10":1,"11":13,"12":14,"13":0,"14":13,"15":21,"16":13,"17":7,"18":7,"19":7,"20":14,"21":14,"22":7,"23":42,"24":14,"25":14,"26":14,"27":14,"28":7,"29":13,"30":27,"31":27,"32":0,"33":13},"f":{"0":13,"1":1,"2":1,"3":14,"4":0,"5":21,"6":7,"7":27},"b":{"0":[0,1],"1":[1,1],"2":[7,7],"3":[14,7],"4":[49,42],"5":[14,0],"6":[27,0]},"_coverageSchema":"1a1c01bbd47fc00a2c39e90264f33305004495a9","hash":"5556ba367f78f36dffe73ad069ecac578f0f8fc4"}
,"/home/runner/work/Typescript_Capacitor_SecurePlanner/Typescript_Capacitor_SecurePlanner/src/custom_components/handleNotes/viewNote/container/getNotes.ts": {"path":"/home/runner/work/Typescript_Capacitor_SecurePlanner/Typescript_Capacitor_SecurePlanner/src/custom_components/handleNotes/viewNote/container/getNotes.ts","statementMap":{"0":{"start":{"line":9,"column":20},"end":{"line":29,"column":1}},"1":{"start":{"line":14,"column":36},"end":{"line":14,"column":67}},"2":{"start":{"line":16,"column":2},"end":{"line":26,"column":45}},"3":{"start":{"line":17,"column":32},"end":{"line":24,"column":5}},"4":{"start":{"line":18,"column":26},"end":{"line":18,"column":79}},"5":{"start":{"line":19,"column":6},"end":{"line":23,"column":7}},"6":{"start":{"line":20,"column":30},"end":{"line":20,"column":67}},"7":{"start":{"line":21,"column":28},"end":{"line":21,"column":52}},"8":{"start":{"line":22,"column":8},"end":{"line":22,"column":34}},"9":{"start":{"line":25,"column":4},"end":{"line":25,"column":26}},"10":{"start":{"line":28,"column":2},"end":{"line":28,"column":19}},"11":{"start":{"line":31,"column":25},"end":{"line":37,"column":1}},"12":{"start":{"line":32,"column":2},"end":{"line":36,"column":5}},"13":{"start":{"line":33,"column":4},"end":{"line":33,"column":33}},"14":{"start":{"line":33,"column":23},"end":{"line":33,"column":33}},"15":{"start":{"line":34,"column":4},"end":{"line":34,"column":32}},"16":{"start":{"line":34,"column":23},"end":{"line":34,"column":32}},"17":{"start":{"line":35,"column":4},"end":{"line":35,"column":13}},"18":{"start":{"line":40,"column":27},"end":{"line":60,"column":1}},"19":{"start":{"line":44,"column":24},"end":{"line":58,"column":6}},"20":{"start":{"line":45,"column":31},"end":{"line":45,"column":48}},"21":{"start":{"line":47,"column":6},"end":{"line":47,"column":42}},"22":{"start":{"line":48,"column":6},"end":{"line":48,"column":50}},"23":{"start":{"line":49,"column":6},"end":{"line":57,"column":8}},"24":{"start":{"line":54,"column":12},"end":{"line":55,"column":75}},"25":{"start":{"line":59,"column":2},"end":{"line":59,"column":23}}},"fnMap":{"0":{"name":"(anonymous_0)","decl":{"start":{"line":9,"column":20},"end":{"line":9,"column":21}},"loc":{"start":{"line":13,"column":24},"end":{"line":29,"column":1}},"line":13},"1":{"name":"(anonymous_1)","decl":{"start":{"line":16,"column":12},"end":{"line":16,"column":13}},"loc":{"start":{"line":16,"column":18},"end":{"line":26,"column":3}},"line":16},"2":{"name":"(anonymous_2)","decl":{"start":{"line":17,"column":32},"end":{"line":17,"column":33}},"loc":{"start":{"line":17,"column":44},"end":{"line":24,"column":5}},"line":17},"3":{"name":"(anonymous_3)","decl":{"start":{"line":31,"column":25},"end":{"line":31,"column":26}},"loc":{"start":{"line":31,"column":74},"end":{"line":37,"column":1}},"line":31},"4":{"name":"(anonymous_4)","decl":{"start":{"line":32,"column":20},"end":{"line":32,"column":21}},"loc":{"start":{"line":32,"column":30},"end":{"line":36,"column":3}},"line":32},"5":{"name":"(anonymous_5)","decl":{"start":{"line":40,"column":27},"end":{"line":40,"column":28}},"loc":{"start":{"line":43,"column":5},"end":{"line":60,"column":1}},"line":43},"6":{"name":"(anonymous_6)","decl":{"start":{"line":45,"column":9},"end":{"line":45,"column":10}},"loc":{"start":{"line":45,"column":31},"end":{"line":45,"column":48}},"line":45},"7":{"name":"(anonymous_7)","decl":{"start":{"line":46,"column":12},"end":{"line":46,"column":13}},"loc":{"start":{"line":46,"column":30},"end":{"line":58,"column":5}},"line":46},"8":{"name":"(anonymous_8)","decl":{"start":{"line":53,"column":10},"end":{"line":53,"column":11}},"loc":{"start":{"line":54,"column":12},"end":{"line":55,"column":75}},"line":54}},"branchMap":{"0":{"loc":{"start":{"line":19,"column":6},"end":{"line":23,"column":7}},"type":"if","locations":[{"start":{"line":19,"column":6},"end":{"line":23,"column":7}},{"start":{},"end":{}}],"line":19},"1":{"loc":{"start":{"line":33,"column":4},"end":{"line":33,"column":33}},"type":"if","locations":[{"start":{"line":33,"column":4},"end":{"line":33,"column":33}},{"start":{},"end":{}}],"line":33},"2":{"loc":{"start":{"line":34,"column":4},"end":{"line":34,"column":32}},"type":"if","locations":[{"start":{"line":34,"column":4},"end":{"line":34,"column":32}},{"start":{},"end":{}}],"line":34},"3":{"loc":{"start":{"line":50,"column":8},"end":{"line":56,"column":9}},"type":"binary-expr","locations":[{"start":{"line":50,"column":8},"end":{"line":50,"column":72}},{"start":{"line":51,"column":8},"end":{"line":51,"column":74}},{"start":{"line":52,"column":8},"end":{"line":56,"column":9}}],"line":50},"4":{"loc":{"start":{"line":54,"column":12},"end":{"line":55,"column":75}},"type":"binary-expr","locations":[{"start":{"line":54,"column":12},"end":{"line":54,"column":76}},{"start":{"line":55,"column":12},"end":{"line":55,"column":75}}],"line":54}},"s":{"0":5,"1":13,"2":13,"3":7,"4":7,"5":7,"6":7,"7":7,"8":7,"9":7,"10":13,"11":5,"12":11,"13":13,"14":2,"15":11,"16":9,"17":2,"18":5,"19":11,"20":18,"21":18,"22":18,"23":18,"24":5,"25":11},"f":{"0":13,"1":7,"2":7,"3":11,"4":13,"5":11,"6":18,"7":18,"8":5},"b":{"0":[7,0],"1":[2,11],"2":[9,2],"3":[18,7,5],"4":[5,5]},"_coverageSchema":"1a1c01bbd47fc00a2c39e90264f33305004495a9","hash":"9ede32ccfcedd75657ead036131b06d924736e8d"}
,"/home/runner/work/Typescript_Capacitor_SecurePlanner/Typescript_Capacitor_SecurePlanner/src/custom_components/handleNotes/viewNote/screen/screen-viewNote.tsx": {"path":"/home/runner/work/Typescript_Capacitor_SecurePlanner/Typescript_Capacitor_SecurePlanner/src/custom_components/handleNotes/viewNote/screen/screen-viewNote.tsx","statementMap":{"0":{"start":{"line":26,"column":50},"end":{"line":151,"column":1}},"1":{"start":{"line":35,"column":16},"end":{"line":35,"column":32}},"2":{"start":{"line":37,"column":2},"end":{"line":150,"column":4}},"3":{"start":{"line":42,"column":12},"end":{"line":122,"column":18}},"4":{"start":{"line":45,"column":31},"end":{"line":45,"column":57}}},"fnMap":{"0":{"name":"(anonymous_0)","decl":{"start":{"line":26,"column":50},"end":{"line":26,"column":51}},"loc":{"start":{"line":34,"column":6},"end":{"line":151,"column":1}},"line":34},"1":{"name":"(anonymous_1)","decl":{"start":{"line":41,"column":21},"end":{"line":41,"column":22}},"loc":{"start":{"line":42,"column":12},"end":{"line":122,"column":18}},"line":42},"2":{"name":"(anonymous_2)","decl":{"start":{"line":45,"column":25},"end":{"line":45,"column":26}},"loc":{"start":{"line":45,"column":31},"end":{"line":45,"column":57}},"line":45}},"branchMap":{"0":{"loc":{"start":{"line":39,"column":7},"end":{"line":142,"column":7}},"type":"cond-expr","locations":[{"start":{"line":40,"column":8},"end":{"line":124,"column":14}},{"start":{"line":126,"column":8},"end":{"line":141,"column":14}}],"line":39},"1":{"loc":{"start":{"line":54,"column":42},"end":{"line":54,"column":79}},"type":"cond-expr","locations":[{"start":{"line":54,"column":66},"end":{"line":54,"column":71}},{"start":{"line":54,"column":74},"end":{"line":54,"column":79}}],"line":54},"2":{"loc":{"start":{"line":67,"column":33},"end":{"line":91,"column":33}},"type":"cond-expr","locations":[{"start":{"line":68,"column":34},"end":{"line":75,"column":39}},{"start":{"line":77,"column":34},"end":{"line":90,"column":39}}],"line":67}},"s":{"0":4,"1":13,"2":13,"3":14,"4":1},"f":{"0":13,"1":14,"2":1},"b":{"0":[7,6],"1":[7,7],"2":[7,7]},"_coverageSchema":"1a1c01bbd47fc00a2c39e90264f33305004495a9","hash":"d5bbd80daf98cf4a09616298a62ddc0135a94899"}
,"/home/runner/work/Typescript_Capacitor_SecurePlanner/Typescript_Capacitor_SecurePlanner/src/custom_components/notNotesRelated/encryption_modal/container/container-encryption-modal.tsx": {"path":"/home/runner/work/Typescript_Capacitor_SecurePlanner/Typescript_Capacitor_SecurePlanner/src/custom_components/notNotesRelated/encryption_modal/container/container-encryption-modal.tsx","statementMap":{"0":{"start":{"line":25,"column":4},"end":{"line":153,"column":1}},"1":{"start":{"line":26,"column":19},"end":{"line":26,"column":49}},"2":{"start":{"line":27,"column":19},"end":{"line":27,"column":32}},"3":{"start":{"line":28,"column":54},"end":{"line":28,"column":69}},"4":{"start":{"line":29,"column":30},"end":{"line":29,"column":101}},"5":{"start":{"line":30,"column":54},"end":{"line":30,"column":78}},"6":{"start":{"line":32,"column":16},"end":{"line":32,"column":32}},"7":{"start":{"line":34,"column":2},"end":{"line":41,"column":9}},"8":{"start":{"line":35,"column":28},"end":{"line":39,"column":5}},"9":{"start":{"line":36,"column":6},"end":{"line":38,"column":7}},"10":{"start":{"line":37,"column":8},"end":{"line":37,"column":36}},"11":{"start":{"line":40,"column":4},"end":{"line":40,"column":22}},"12":{"start":{"line":44,"column":4},"end":{"line":57,"column":5}},"13":{"start":{"line":45,"column":6},"end":{"line":53,"column":7}},"14":{"start":{"line":47,"column":8},"end":{"line":47,"column":37}},"15":{"start":{"line":48,"column":8},"end":{"line":50,"column":16}},"16":{"start":{"line":49,"column":10},"end":{"line":49,"column":38}},"17":{"start":{"line":52,"column":8},"end":{"line":52,"column":36}},"18":{"start":{"line":54,"column":6},"end":{"line":54,"column":19}},"19":{"start":{"line":56,"column":6},"end":{"line":56,"column":18}},"20":{"start":{"line":60,"column":26},"end":{"line":77,"column":3}},"21":{"start":{"line":61,"column":4},"end":{"line":61,"column":27}},"22":{"start":{"line":62,"column":4},"end":{"line":76,"column":5}},"23":{"start":{"line":63,"column":23},"end":{"line":63,"column":66}},"24":{"start":{"line":64,"column":6},"end":{"line":75,"column":7}},"25":{"start":{"line":65,"column":8},"end":{"line":72,"column":9}},"26":{"start":{"line":69,"column":10},"end":{"line":69,"column":29}},"27":{"start":{"line":71,"column":10},"end":{"line":71,"column":54}},"28":{"start":{"line":74,"column":8},"end":{"line":74,"column":27}},"29":{"start":{"line":79,"column":30},"end":{"line":105,"column":3}},"30":{"start":{"line":80,"column":4},"end":{"line":104,"column":6}},"31":{"start":{"line":83,"column":8},"end":{"line":95,"column":10}},"32":{"start":{"line":86,"column":12},"end":{"line":86,"column":57}},"33":{"start":{"line":87,"column":29},"end":{"line":87,"column":72}},"34":{"start":{"line":88,"column":12},"end":{"line":88,"column":59}},"35":{"start":{"line":89,"column":12},"end":{"line":89,"column":31}},"36":{"start":{"line":92,"column":12},"end":{"line":92,"column":32}},"37":{"start":{"line":98,"column":8},"end":{"line":98,"column":27}},"38":{"start":{"line":101,"column":8},"end":{"line":101,"column":28}},"39":{"start":{"line":107,"column":54},"end":{"line":109,"column":3}},"40":{"start":{"line":111,"column":2},"end":{"line":117,"column":37}},"41":{"start":{"line":113,"column":6},"end":{"line":113,"column":65}},"42":{"start":{"line":114,"column":4},"end":{"line":116,"column":5}},"43":{"start":{"line":115,"column":6},"end":{"line":115,"column":20}},"44":{"start":{"line":120,"column":4},"end":{"line":120,"column":33}},"45":{"start":{"line":121,"column":4},"end":{"line":131,"column":5}},"46":{"start":{"line":127,"column":6},"end":{"line":127,"column":46}},"47":{"start":{"line":128,"column":6},"end":{"line":130,"column":7}},"48":{"start":{"line":129,"column":8},"end":{"line":129,"column":69}},"49":{"start":{"line":133,"column":4},"end":{"line":133,"column":23}},"50":{"start":{"line":136,"column":2},"end":{"line":152,"column":4}},"51":{"start":{"line":147,"column":35},"end":{"line":147,"column":60}}},"fnMap":{"0":{"name":"(anonymous_0)","decl":{"start":{"line":25,"column":4},"end":{"line":25,"column":5}},"loc":{"start":{"line":25,"column":22},"end":{"line":153,"column":1}},"line":25},"1":{"name":"(anonymous_1)","decl":{"start":{"line":34,"column":12},"end":{"line":34,"column":13}},"loc":{"start":{"line":34,"column":18},"end":{"line":41,"column":3}},"line":34},"2":{"name":"(anonymous_2)","decl":{"start":{"line":35,"column":28},"end":{"line":35,"column":29}},"loc":{"start":{"line":35,"column":40},"end":{"line":39,"column":5}},"line":35},"3":{"name":"checkPasswordLength","decl":{"start":{"line":43,"column":11},"end":{"line":43,"column":30}},"loc":{"start":{"line":43,"column":49},"end":{"line":58,"column":3}},"line":43},"4":{"name":"(anonymous_4)","decl":{"start":{"line":48,"column":19},"end":{"line":48,"column":20}},"loc":{"start":{"line":48,"column":25},"end":{"line":50,"column":9}},"line":48},"5":{"name":"(anonymous_5)","decl":{"start":{"line":60,"column":26},"end":{"line":60,"column":27}},"loc":{"start":{"line":60,"column":54},"end":{"line":77,"column":3}},"line":60},"6":{"name":"(anonymous_6)","decl":{"start":{"line":79,"column":30},"end":{"line":79,"column":31}},"loc":{"start":{"line":79,"column":42},"end":{"line":105,"column":3}},"line":79},"7":{"name":"(anonymous_7)","decl":{"start":{"line":82,"column":6},"end":{"line":82,"column":7}},"loc":{"start":{"line":82,"column":12},"end":{"line":96,"column":7}},"line":82},"8":{"name":"(anonymous_8)","decl":{"start":{"line":85,"column":10},"end":{"line":85,"column":11}},"loc":{"start":{"line":85,"column":16},"end":{"line":90,"column":11}},"line":85},"9":{"name":"(anonymous_9)","decl":{"start":{"line":91,"column":10},"end":{"line":91,"column":11}},"loc":{"start":{"line":91,"column":28},"end":{"line":93,"column":11}},"line":91},"10":{"name":"(anonymous_10)","decl":{"start":{"line":97,"column":6},"end":{"line":97,"column":7}},"loc":{"start":{"line":97,"column":20},"end":{"line":99,"column":7}},"line":97},"11":{"name":"(anonymous_11)","decl":{"start":{"line":100,"column":6},"end":{"line":100,"column":7}},"loc":{"start":{"line":100,"column":24},"end":{"line":102,"column":7}},"line":100},"12":{"name":"(anonymous_12)","decl":{"start":{"line":111,"column":12},"end":{"line":111,"column":13}},"loc":{"start":{"line":111,"column":18},"end":{"line":117,"column":3}},"line":111},"13":{"name":"closeWelcomeOverlay","decl":{"start":{"line":119,"column":11},"end":{"line":119,"column":30}},"loc":{"start":{"line":119,"column":49},"end":{"line":134,"column":3}},"line":119},"14":{"name":"(anonymous_14)","decl":{"start":{"line":147,"column":29},"end":{"line":147,"column":30}},"loc":{"start":{"line":147,"column":35},"end":{"line":147,"column":60}},"line":147}},"branchMap":{"0":{"loc":{"start":{"line":29,"column":30},"end":{"line":29,"column":101}},"type":"binary-expr","locations":[{"start":{"line":29,"column":30},"end":{"line":29,"column":48}},{"start":{"line":29,"column":52},"end":{"line":29,"column":101}}],"line":29},"1":{"loc":{"start":{"line":36,"column":6},"end":{"line":38,"column":7}},"type":"if","locations":[{"start":{"line":36,"column":6},"end":{"line":38,"column":7}},{"start":{},"end":{}}],"line":36},"2":{"loc":{"start":{"line":44,"column":4},"end":{"line":57,"column":5}},"type":"if","locations":[{"start":{"line":44,"column":4},"end":{"line":57,"column":5}},{"start":{"line":55,"column":11},"end":{"line":57,"column":5}}],"line":44},"3":{"loc":{"start":{"line":45,"column":6},"end":{"line":53,"column":7}},"type":"if","locations":[{"start":{"line":45,"column":6},"end":{"line":53,"column":7}},{"start":{"line":51,"column":13},"end":{"line":53,"column":7}}],"line":45},"4":{"loc":{"start":{"line":62,"column":4},"end":{"line":76,"column":5}},"type":"if","locations":[{"start":{"line":62,"column":4},"end":{"line":76,"column":5}},{"start":{},"end":{}}],"line":62},"5":{"loc":{"start":{"line":64,"column":6},"end":{"line":75,"column":7}},"type":"if","locations":[{"start":{"line":64,"column":6},"end":{"line":75,"column":7}},{"start":{"line":73,"column":13},"end":{"line":75,"column":7}}],"line":64},"6":{"loc":{"start":{"line":65,"column":8},"end":{"line":72,"column":9}},"type":"if","locations":[{"start":{"line":65,"column":8},"end":{"line":72,"column":9}},{"start":{"line":70,"column":15},"end":{"line":72,"column":9}}],"line":65},"7":{"loc":{"start":{"line":84,"column":10},"end":{"line":84,"column":39}},"type":"binary-expr","locations":[{"start":{"line":84,"column":10},"end":{"line":84,"column":33}},{"start":{"line":84,"column":37},"end":{"line":84,"column":39}}],"line":84},"8":{"loc":{"start":{"line":114,"column":4},"end":{"line":116,"column":5}},"type":"if","locations":[{"start":{"line":1
[...]
:28},"end":{"line":42,"column":1}},"1":{"start":{"line":6,"column":2},"end":{"line":41,"column":4}},"2":{"start":{"line":9,"column":6},"end":{"line":39,"column":7}},"3":{"start":{"line":10,"column":8},"end":{"line":10,"column":17}},"4":{"start":{"line":11,"column":13},"end":{"line":39,"column":7}},"5":{"start":{"line":12,"column":8},"end":{"line":12,"column":18}},"6":{"start":{"line":13,"column":13},"end":{"line":39,"column":7}},"7":{"start":{"line":19,"column":8},"end":{"line":19,"column":18}},"8":{"start":{"line":20,"column":13},"end":{"line":39,"column":7}},"9":{"start":{"line":26,"column":8},"end":{"line":26,"column":17}},"10":{"start":{"line":27,"column":13},"end":{"line":39,"column":7}},"11":{"start":{"line":29,"column":8},"end":{"line":32,"column":10}},"12":{"start":{"line":35,"column":8},"end":{"line":38,"column":10}}},"fnMap":{"0":{"name":"(anonymous_0)","decl":{"start":{"line":4,"column":28},"end":{"line":4,"column":29}},"loc":{"start":{"line":4,"column":62},"end":{"line":42,"column":1}},"line":4},"1":{"name":"(anonymous_1)","decl":{"start":{"line":8,"column":42},"end":{"line":8,"column":43}},"loc":{"start":{"line":8,"column":52},"end":{"line":40,"column":5}},"line":8}},"branchMap":{"0":{"loc":{"start":{"line":9,"column":6},"end":{"line":39,"column":7}},"type":"if","locations":[{"start":{"line":9,"column":6},"end":{"line":39,"column":7}},{"start":{"line":11,"column":13},"end":{"line":39,"column":7}}],"line":9},"1":{"loc":{"start":{"line":9,"column":10},"end":{"line":9,"column":35}},"type":"binary-expr","locations":[{"start":{"line":9,"column":10},"end":{"line":9,"column":20}},{"start":{"line":9,"column":24},"end":{"line":9,"column":35}}],"line":9},"2":{"loc":{"start":{"line":11,"column":13},"end":{"line":39,"column":7}},"type":"if","locations":[{"start":{"line":11,"column":13},"end":{"line":39,"column":7}},{"start":{"line":13,"column":13},"end":{"line":39,"column":7}}],"line":11},"3":{"loc":{"start":{"line":11,"column":17},"end":{"line":11,"column":42}},"type":"binary-expr","locations":[{"start":{"line":11,"column":17},"end":{"line":11,"column":28}},{"start":{"line":11,"column":32},"end":{"line":11,"column":42}}],"line":11},"4":{"loc":{"start":{"line":13,"column":13},"end":{"line":39,"column":7}},"type":"if","locations":[{"start":{"line":13,"column":13},"end":{"line":39,"column":7}},{"start":{"line":20,"column":13},"end":{"line":39,"column":7}}],"line":13},"5":{"loc":{"start":{"line":14,"column":8},"end":{"line":17,"column":43}},"type":"binary-expr","locations":[{"start":{"line":14,"column":8},"end":{"line":14,"column":19}},{"start":{"line":15,"column":8},"end":{"line":15,"column":19}},{"start":{"line":16,"column":8},"end":{"line":16,"column":43}},{"start":{"line":17,"column":8},"end":{"line":17,"column":43}}],"line":14},"6":{"loc":{"start":{"line":20,"column":13},"end":{"line":39,"column":7}},"type":"if","locations":[{"start":{"line":20,"column":13},"end":{"line":39,"column":7}},{"start":{"line":27,"column":13},"end":{"line":39,"column":7}}],"line":20},"7":{"loc":{"start":{"line":21,"column":8},"end":{"line":24,"column":43}},"type":"binary-expr","locations":[{"start":{"line":21,"column":8},"end":{"line":21,"column":19}},{"start":{"line":22,"column":8},"end":{"line":22,"column":19}},{"start":{"line":23,"column":8},"end":{"line":23,"column":43}},{"start":{"line":24,"column":8},"end":{"line":24,"column":43}}],"line":21},"8":{"loc":{"start":{"line":27,"column":13},"end":{"line":39,"column":7}},"type":"if","locations":[{"start":{"line":27,"column":13},"end":{"line":39,"column":7}},{"start":{"line":33,"column":13},"end":{"line":39,"column":7}}],"line":27},"9":{"loc":{"start":{"line":27,"column":17},"end":{"line":27,"column":41}},"type":"binary-expr","locations":[{"start":{"line":27,"column":17},"end":{"line":27,"column":27}},{"start":{"line":27,"column":31},"end":{"line":27,"column":41}}],"line":27}},"s":{"0":7,"1":10,"2":20,"3":3,"4":17,"5":6,"6":11,"7":2,"8":9,"9":0,"10":9,"11":1,"12":8},"f":{"0":10,"1":20},"b":{"0":[3,17],"1":[20,4],"2":[6,11],"3":[17,16],"4":[2,9],"5":[11,10,10,2],"6":[0,9],"7":[9,8,8,0],"8":[1,8],"9":[9,1]},"_coverageSchema":"1a1c01bbd47fc00a2c39e90264f33305004495a9","hash":"389188d177d48f60647745c50ceb23e782038e2b"}
,"/home/runner/work/Typescript_Capacitor_SecurePlanner/Typescript_Capacitor_SecurePlanner/src/custom_components/types/ToDoItem.types.ts": {"path":"/home/runner/work/Typescript_Capacitor_SecurePlanner/Typescript_Capacitor_SecurePlanner/src/custom_components/types/ToDoItem.types.ts","statementMap":{},"fnMap":{},"branchMap":{},"s":{},"f":{},"b":{}}
,"/home/runner/work/Typescript_Capacitor_SecurePlanner/Typescript_Capacitor_SecurePlanner/src/custom_components/types/ToDoList.types.ts": {"path":"/home/runner/work/Typescript_Capacitor_SecurePlanner/Typescript_Capacitor_SecurePlanner/src/custom_components/types/ToDoList.types.ts","statementMap":{},"fnMap":{},"branchMap":{},"s":{},"f":{},"b":{}}
,"/home/runner/work/Typescript_Capacitor_SecurePlanner/Typescript_Capacitor_SecurePlanner/src/custom_components/types/ToDoListKey.types.ts": {"path":"/home/runner/work/Typescript_Capacitor_SecurePlanner/Typescript_Capacitor_SecurePlanner/src/custom_components/types/ToDoListKey.types.ts","statementMap":{},"fnMap":{},"branchMap":{},"s":{},"f":{},"b":{}}
,"/home/runner/work/Typescript_Capacitor_SecurePlanner/Typescript_Capacitor_SecurePlanner/src/modules/app_configuration/app_texts.ts": {"path":"/home/runner/work/Typescript_Capacitor_SecurePlanner/Typescript_Capacitor_SecurePlanner/src/modules/app_configuration/app_texts.ts","statementMap":{"0":{"start":{"line":1,"column":32},"end":{"line":1,"column":14908}},"1":{"start":{"line":1,"column":14939},"end":{"line":1,"column":15239}}},"fnMap":{},"branchMap":{},"s":{"0":2,"1":2},"f":{},"b":{},"_coverageSchema":"1a1c01bbd47fc00a2c39e90264f33305004495a9","hash":"c5f9f30e28c15b8178a085846085628d680f5bf9"}
,"/home/runner/work/Typescript_Capacitor_SecurePlanner/Typescript_Capacitor_SecurePlanner/src/modules/legal/codeToTextParser.tsx": {"path":"/home/runner/work/Typescript_Capacitor_SecurePlanner/Typescript_Capacitor_SecurePlanner/src/modules/legal/codeToTextParser.tsx","statementMap":{"0":{"start":{"line":7,"column":61},"end":{"line":39,"column":1}},"1":{"start":{"line":8,"column":31},"end":{"line":36,"column":3}},"2":{"start":{"line":9,"column":22},"end":{"line":9,"column":48}},"3":{"start":{"line":10,"column":18},"end":{"line":10,"column":38}},"4":{"start":{"line":11,"column":4},"end":{"line":35,"column":7}},"5":{"start":{"line":12,"column":25},"end":{"line":12,"column":26}},"6":{"start":{"line":13,"column":23},"end":{"line":13,"column":25}},"7":{"start":{"line":14,"column":18},"end":{"line":14,"column":38}},"8":{"start":{"line":15,"column":6},"end":{"line":24,"column":7}},"9":{"start":{"line":16,"column":23},"end":{"line":16,"column":60}},"10":{"start":{"line":17,"column":8},"end":{"line":19,"column":9}},"11":{"start":{"line":18,"column":10},"end":{"line":18,"column":85}},"12":{"start":{"line":20,"column":21},"end":{"line":20,"column":29}},"13":{"start":{"line":21,"column":8},"end":{"line":21,"column":95}},"14":{"start":{"line":22,"column":8},"end":{"line":22,"column":53}},"15":{"start":{"line":23,"column":8},"end":{"line":23,"column":37}},"16":{"start":{"line":25,"column":24},"end":{"line":25,"column":48}},"17":{"start":{"line":26,"column":6},"end":{"line":28,"column":7}},"18":{"start":{"line":27,"column":8},"end":{"line":27,"column":90}},"19":{"start":{"line":29,"column":6},"end":{"line":34,"column":8}},"20":{"start":{"line":38,"column":2},"end":{"line":38,"column":43}}},"fnMap":{"0":{"name":"(anonymous_0)","decl":{"start":{"line":7,"column":61},"end":{"line":7,"column":62}},"loc":{"start":{"line":7,"column":75},"end":{"line":39,"column":1}},"line":7},"1":{"name":"(anonymous_1)","decl":{"start":{"line":8,"column":31},"end":{"line":8,"column":32}},"loc":{"start":{"line":8,"column":49},"end":{"line":36,"column":3}},"line":8},"2":{"name":"(anonymous_2)","decl":{"start":{"line":11,"column":21},"end":{"line":11,"column":22}},"loc":{"start":{"line":11,"column":38},"end":{"line":35,"column":5}},"line":11}},"branchMap":{"0":{"loc":{"start":{"line":17,"column":8},"end":{"line":19,"column":9}},"type":"if","locations":[{"start":{"line":17,"column":8},"end":{"line":19,"column":9}},{"start":{},"end":{}}],"line":17},"1":{"loc":{"start":{"line":26,"column":6},"end":{"line":28,"column":7}},"type":"if","locations":[{"start":{"line":26,"column":6},"end":{"line":28,"column":7}},{"start":{},"end":{}}],"line":26},"2":{"loc":{"start":{"line":32,"column":11},"end":{"line":32,"column":45}},"type":"binary-expr","locations":[{"start":{"line":32,"column":11},"end":{"line":32,"column":35}},{"start":{"line":32,"column":39},"end":{"line":32,"column":45}}],"line":32}},"s":{"0":5,"1":11,"2":11,"3":11,"4":11,"5":12,"6":12,"7":12,"8":12,"9":6,"10":6,"11":5,"12":6,"13":6,"14":6,"15":6,"16":12,"17":12,"18":10,"19":12,"20":11},"f":{"0":11,"1":11,"2":12},"b":{"0":[5,1],"1":[10,2],"2":[12,1]},"_coverageSchema":"1a1c01bbd47fc00a2c39e90264f33305004495a9","hash":"0b079e2503a36552f40e70ae28ba70cbeae721c1"}
,"/home/runner/work/Typescript_Capacitor_SecurePlanner/Typescript_Capacitor_SecurePlanner/src/modules/legal/datenschutz.tsx": {"path":"/home/runner/work/Typescript_Capacitor_SecurePlanner/Typescript_Capacitor_SecurePlanner/src/modules/legal/datenschutz.tsx","statementMap":{"0":{"start":{"line":8,"column":30},"end":{"line":44,"column":1}},"1":{"start":{"line":9,"column":28},"end":{"line":9,"column":68}},"2":{"start":{"line":11,"column":2},"end":{"line":43,"column":4}}},"fnMap":{"0":{"name":"(anonymous_0)","decl":{"start":{"line":8,"column":30},"end":{"line":8,"column":31}},"loc":{"start":{"line":8,"column":36},"end":{"line":44,"column":1}},"line":8}},"branchMap":{"0":{"loc":{"start":{"line":14,"column":12},"end":{"line":22,"column":13}},"type":"cond-expr","locations":[{"start":{"line":15,"column":12},"end":{"line":15,"column":14}},{"start":{"line":16,"column":12},"end":{"line":22,"column":13}}],"line":14},"1":{"loc":{"start":{"line":30,"column":9},"end":{"line":32,"column":9}},"type":"binary-expr","locations":[{"start":{"line":30,"column":9},"end":{"line":30,"column":27}},{"start":{"line":31,"column":10},"end":{"line":31,"column":29}}],"line":30}},"s":{"0":3,"1":2,"2":2},"f":{"0":2},"b":{"0":[2,0],"1":[2,0]},"_coverageSchema":"1a1c01bbd47fc00a2c39e90264f33305004495a9","hash":"4d450bd2207500d3d2f1abe512c5d92758b80321"}
,"/home/runner/work/Typescript_Capacitor_SecurePlanner/Typescript_Capacitor_SecurePlanner/src/modules/legal/impressum.tsx": {"path":"/home/runner/work/Typescript_Capacitor_SecurePlanner/Typescript_Capacitor_SecurePlanner/src/modules/legal/impressum.tsx","statementMap":{"0":{"start":{"line":8,"column":28},"end":{"line":44,"column":1}},"1":{"start":{"line":9,"column":28},"end":{"line":9,"column":68}},"2":{"start":{"line":11,"column":2},"end":{"line":43,"column":4}}},"fnMap":{"0":{"name":"(anonymous_0)","decl":{"start":{"line":8,"column":28},"end":{"line":8,"column":29}},"loc":{"start":{"line":8,"column":34},"end":{"line":44,"column":1}},"line":8}},"branchMap":{"0":{"loc":{"start":{"line":14,"column":12},"end":{"line":22,"column":13}},"type":"cond-expr","locations":[{"start":{"line":15,"column":12},"end":{"line":15,"column":14}},{"start":{"line":16,"column":12},"end":{"line":22,"column":13}}],"line":14},"1":{"loc":{"start":{"line":30,"column":9},"end":{"line":32,"column":9}},"type":"binary-expr","locations":[{"start":{"line":30,"column":9},"end":{"line":30,"column":27}},{"start":{"line":31,"column":10},"end":{"line":31,"column":29}}],"line":30}},"s":{"0":3,"1":2,"2":2},"f":{"0":2},"b":{"0":[2,0],"1":[2,0]},"_coverageSchema":"1a1c01bbd47fc00a2c39e90264f33305004495a9","hash":"79d4c3d6d625bef8d42770646f98dfa99576098b"}
,"/home/runner/work/Typescript_Capacitor_SecurePlanner/Typescript_Capacitor_SecurePlanner/src/modules/legal/usedLibs/container_usedLibList.tsx": {"path":"/home/runner/work/Typescript_Capacitor_SecurePlanner/Typescript_Capacitor_SecurePlanner/src/modules/legal/usedLibs/container_usedLibList.tsx","statementMap":{"0":{"start":{"line":27,"column":40},"end":{"line":63,"column":1}},"1":{"start":{"line":28,"column":26},"end":{"line":28,"column":41}},"2":{"start":{"line":29,"column":16},"end":{"line":29,"column":32}},"3":{"start":{"line":31,"column":34},"end":{"line":39,"column":4}},"4":{"start":{"line":32,"column":28},"end":{"line":32,"column":42}},"5":{"start":{"line":33,"column":4},"end":{"line":38,"column":6}},"6":{"start":{"line":43,"column":26},"end":{"line":45,"column":3}},"7":{"start":{"line":44,"column":4},"end":{"line":44,"column":18}},"8":{"start":{"line":47,"column":22},"end":{"line":49,"column":3}},"9":{"start":{"line":48,"column":4},"end":{"line":48,"column":19}},"10":{"start":{"line":51,"column":2},"end":{"line":62,"column":4}}},"fnMap":{"0":{"name":"(anonymous_0)","decl":{"start":{"line":27,"column":40},"end":{"line":27,"column":41}},"loc":{"start":{"line":27,"column":46},"end":{"line":63,"column":1}},"line":27},"1":{"name":"(anonymous_1)","decl":{"start":{"line":31,"column":96},"end":{"line":31,"column":97}},"loc":{"start":{"line":31,"column":114},"end":{"line":39,"column":3}},"line":31},"2":{"name":"(anonymous_2)","decl":{"start":{"line":43,"column":26},"end":{"line":43,"column":27}},"loc":{"start":{"line":43,"column":32},"end":{"line":45,"column":3}},"line":43},"3":{"name":"(anonymous_3)","decl":{"start":{"line":47,"column":22},"end":{"line":47,"column":23}},"loc":{"start":{"line":47,"column":28},"end":{"line":49,"column":3}},"line":47}},"branchMap":{},"s":{"0":5,"1":24,"2":24,"3":24,"4":6264,"5":6264,"6":24,"7":2,"8":24,"9":1,"10":24},"f":{"0":24,"1":6264,"2":2,"3":1},"b":{},"_coverageSchema":"1a1c01bbd47fc00a2c39e90264f33305004495a9","hash":"7cbe9d7516126da53e1aa66dcc776be19fc908ef"}
,"/home/runner/work/Typescript_Capacitor_SecurePlanner/Typescript_Capacitor_SecurePlanner/src/modules/legal/usedLibs/screen_usedLibList.tsx": {"path":"/home/runner/work/Typescript_Capacitor_SecurePlanner/Typescript_Capacitor_SecurePlanner/src/modules/legal/usedLibs/screen_usedLibList.tsx","statementMap":{"0":{"start":{"line":13,"column":18},"end":{"line":17,"column":2}},"1":{"start":{"line":32,"column":60},"end":{"line":75,"column":1}},"2":{"start":{"line":37,"column":16},"end":{"line":37,"column":32}},"3":{"start":{"line":38,"column":28},"end":{"line":40,"column":3}},"4":{"start":{"line":39,"column":4},"end":{"line":39,"column":31}},"5":{"start":{"line":42,"column":2},"end":{"line":74,"column":4}},"6":{"start":{"line":55,"column":14},"end":{"line":63,"column":25}},"7":{"start":{"line":57,"column":31},"end":{"line":57,"column":67}}},"fnMap":{"0":{"name":"(anonymous_0)","decl":{"start":{"line":32,"column":60},"end":{"line":32,"column":61}},"loc":{"start":{"line":36,"column":6},"end":{"line":75,"column":1}},"line":36},"1":{"name":"(anonymous_1)","decl":{"start":{"line":38,"column":28},"end":{"line":38,"column":29}},"loc":{"start":{"line":38,"column":45},"end":{"line":40,"column":3}},"line":38},"2":{"name":"(anonymous_2)","decl":{"start":{"line":54,"column":28},"end":{"line":54,"column":29}},"loc":{"start":{"line":55,"column":14},"end":{"line":63,"column":25}},"line":55},"3":{"name":"(anonymous_3)","decl":{"start":{"line":57,"column":25},"end":{"line":57,"column":26}},"loc":{"start":{"line":57,"column":31},"end":{"line":57,"column":67}},"line":57}},"branchMap":{},"s":{"0":6,"1":6,"2":25,"3":25,"4":1,"5":25,"6":6265,"7":1},"f":{"0":25,"1":1,"2":6265,"3":1},"b":{},"_coverageSchema":"1a1c01bbd47fc00a2c39e90264f33305004495a9","hash":"09efeb48073e57f5df3d49d311e8001a5882eb4d"}
,"/home/runner/work/Typescript_Capacitor_SecurePlanner/Typescript_Capacitor_SecurePlanner/src/modules/ui/floatingBtn/floatingBtn.tsx": {"path":"/home/runner/work/Typescript_Capacitor_SecurePlanner/Typescript_Capacitor_SecurePlanner/src/modules/ui/floatingBtn/floatingBtn.tsx","statementMap":{"0":{"start":{"line":19,"column":48},"end":{"line":70,"column":1}},"1":{"start":{"line":23,"column":2},"end":{"line":51,"column":3}},"2":{"start":{"line":25,"column":6},"end":{"line":31,"column":8}},"3":{"start":{"line":32,"column":6},"end":{"line":32,"column":12}},"4":{"start":{"line":34,"column":6},"end":{"line":40,"column":8}},"5":{"start":{"line":41,"column":6},"end":{"line":41,"column":12}},"6":{"start":{"line":43,"column":6},"end":{"line":49,"column":8}},"7":{"start":{"line":50,"column":6},"end":{"line":50,"column":12}},"8":{"start":{"line":53,"column":2},"end":{"line":69,"column":4}}},"fnMap":{"0":{"name":"(anonymous_0)","decl":{"start":{"line":19,"column":48},"end":{"line":19,"column":49}},"loc":{"start":{"line":19,"column":82},"end":{"line":70,"column":1}},"line":19}},"branchMap":{"0":{"loc":{"start":{"line":23,"column":2},"end":{"line":51,"column":3}},"type":"switch","locations":[{"start":{"line":24,"column":4},"end":{"line":32,"column":12}},{"start":{"line":33,"column":4},"end":{"line":41,"column":12}},{"start":{"line":42,"column":4},"end":{"line":50,"column":12}}],"line":23}},"s":{"0":8,"1":72,"2":13,"3":13,"4":14,"5":14,"6":45,"7":45,"8":72},"f":{"0":72},"b":{"0":[13,14,45]},"_coverageSchema":"1a1c01bbd47fc00a2c39e90264f33305004495a9","hash":"9878c81415cf2e449414fbdc929e63538bee0082"}
,"/home/runner/work/Typescript_Capacitor_SecurePlanner/Typescript_Capacitor_SecurePlanner/src/modules/ui/progress/progressCircle/progressCircle.tsx": {"path":"/home/runner/work/Typescript_Capacitor_SecurePlanner/Typescript_Capacitor_SecurePlanner/src/modules/ui/progress/progressCircle/progressCircle.tsx","statementMap":{"0":{"start":{"line":8,"column":54},"end":{"line":67,"column":1}},"1":{"start":{"line":9,"column":27},"end":{"line":19,"column":3}},"2":{"start":{"line":10,"column":4},"end":{"line":18,"column":5}},"3":{"start":{"line":11,"column":6},"end":{"line":11,"column":23}},"4":{"start":{"line":12,"column":11},"end":{"line":18,"column":5}},"5":{"start":{"line":13,"column":6},"end":{"line":13,"column":23}},"6":{"start":{"line":14,"column":11},"end":{"line":18,"column":5}},"7":{"start":{"line":15,"column":6},"end":{"line":15,"column":23}},"8":{"start":{"line":17,"column":6},"end":{"line":17,"column":23}},"9":{"start":{"line":21,"column":16},"end":{"line":21,"column":42}},"10":{"start":{"line":22,"column":17},"end":{"line":22,"column":19}},"11":{"start":{"line":23,"column":22},"end":{"line":23,"column":24}},"12":{"start":{"line":24,"column":27},"end":{"line":24,"column":51}},"13":{"start":{"line":25,"column":24},"end":{"line":25,"column":54}},"14":{"start":{"line":26,"column":27},"end":{"line":26,"column":75}},"15":{"start":{"line":28,"column":2},"end":{"line":66,"column":4}}},"fnMap":{"0":{"name":"(anonymous_0)","decl":{"start":{"line":8,"column":54},"end":{"line":8,"column":55}},"loc":{"start":{"line":8,"column":79},"end":{"line":67,"column":1}},"line":8},"1":{"name":"(anonymous_1)","decl":{"start":{"line":9,"column":27},"end":{"line":9,"column":28}},"loc":{"start":{"line":9,"column":57},"end":{"line":19,"column":3}},"line":9}},"branchMap":{"0":{"loc":{"start":{"line":10,"column":4},"end":{"line":18,"column":5}},"type":"if","locations":[{"start":{"line":10,"column":4},"end":{"line":18,"column":5}},{"start":{"line":12,"column":11},"end":{"line":18,"column":5}}],"line":10},"1":{"loc":{"start":{"line":12,"column":11},"end":{"line":18,"column":5}},"type":"if","locations":[{"start":{"line":12,"column":11},"end":{"line":18,"column":5}},{"start":{"line":14,"column":11},"end":{"line":18,"column":5}}],"line":12},"2":{"loc":{"start":{"line":14,"column":11},"end":{"line":18,"column":5}},"type":"if","locations":[{"start":{"line":14,"column":11},"end":{"line":18,"column":5}},{"start":{"line":16,"column":11},"end":{"line":18,"column":5}}],"line":14}},"s":{"0":9,"1":68,"2":68,"3":35,"4":33,"5":1,"6":32,"7":1,"8":31,"9":68,"10":68,"11":68,"12":68,"13":68,"14":68,"15":68},"f":{"0":68,"1":68},"b":{"0":[35,33],"1":[1,32],"2":[1,31]},"_coverageSchema":"1a1c01bbd47fc00a2c39e90264f33305004495a9","hash":"2be74f60adc0f34f2c05104144e3919acf608746"}
}
