TN:
SF:src/App.tsx
FN:18,(anonymous_0)
FNF:1
FNH:1
FNDA:11,(anonymous_0)
DA:18,2
DA:19,11
DA:20,11
DA:22,11
DA:23,11
DA:25,11
LF:6
LH:6
BRDA:27,0,0,10
BRDA:27,0,1,1
BRDA:27,1,0,11
BRDA:27,1,1,10
BRF:4
BRH:4
end_of_record
TN:
SF:src/darkModeDetector.ts
FN:3,useDarkMode
FN:6,(anonymous_1)
FN:8,(anonymous_2)
FN:14,(anonymous_3)
FNF:4
FNH:3
FNDA:11,useDarkMode
FNDA:5,(anonymous_1)
FNDA:0,(anonymous_2)
FNDA:5,(anonymous_3)
DA:4,11
DA:6,11
DA:7,5
DA:8,5
DA:10,5
DA:12,5
DA:14,5
DA:17,11
LF:8
LH:8
BRDA:8,0,0,0
BRDA:8,0,1,0
BRDA:12,1,0,5
BRDA:12,1,1,0
BRF:4
BRH:1
end_of_record
TN:
SF:src/i18n.ts
FNF:0
FNH:0
DA:24,53
DA:44,53
LF:2
LH:2
BRF:0
BRH:0
end_of_record
TN:
SF:src/index.tsx
FNF:0
FNH:0
DA:6,1
DA:9,1
LF:2
LH:2
BRF:0
BRH:0
end_of_record
TN:
SF:src/custom_components/config/featureFlags.ts
FNF:0
FNH:0
DA:1,19
DA:2,19
DA:4,19
DA:5,19
DA:7,19
DA:9,19
LF:6
LH:6
BRF:0
BRH:0
end_of_record
TN:
SF:src/custom_components/config/notAllowedStrings.ts
FNF:0
FNH:0
DA:5,13
LF:1
LH:1
BRF:0
BRH:0
end_of_record
TN:
SF:src/custom_components/config/toIgnoreKeys.ts
FNF:0
FNH:0
DA:2,4
LF:1
LH:1
BRF:0
BRH:0
end_of_record
TN:
SF:src/custom_components/enums/SecurityLevel.enum.ts
FNF:0
FNH:0
LF:0
LH:0
BRF:0
BRH:0
end_of_record
TN:
SF:src/custom_components/enums/priority.enum.ts
FNF:0
FNH:0
LF:0
LH:0
BRF:0
BRH:0
end_of_record
TN:
SF:src/custom_components/handleNotes/editNote/container/container-editNote.tsx
FN:22,(anonymous_0)
FN:31,(anonymous_1)
FN:56,(anonymous_2)
FN:91,(anonymous_3)
FN:113,(anonymous_4)
FN:117,(anonymous_5)
FN:136,(anonymous_6)
FN:142,(anonymous_7)
FN:154,(anonymous_8)
FN:157,(anonymous_9)
FN:160,(anonymous_10)
FN:167,(anonymous_11)
FN:172,(anonymous_12)
FN:182,handleAdd
FN:188,(anonymous_14)
FN:192,(anonymous_15)
FN:202,(anonymous_16)
FN:205,(anonymous_17)
FN:218,(anonymous_18)
FN:262,(anonymous_19)
FNF:20
FNH:8
FNDA:15,(anonymous_0)
FNDA:29,(anonymous_1)
FNDA:7,(anonymous_2)
FNDA:4,(anonymous_3)
FNDA:4,(anonymous_4)
FNDA:11,(anonymous_5)
FNDA:11,(anonymous_6)
FNDA:0,(anonymous_7)
FNDA:0,(anonymous_8)
FNDA:0,(anonymous_9)
FNDA:0,(anonymous_10)
FNDA:0,(anonymous_11)
FNDA:5,(anonymous_12)
FNDA:0,handleAdd
FNDA:0,(anonymous_14)
FNDA:0,(anonymous_15)
FNDA:0,(anonymous_16)
FNDA:0,(anonymous_17)
FNDA:0,(anonymous_18)
FNDA:0,(anonymous_19)
DA:22,3
DA:25,15
DA:26,15
DA:27,15
DA:28,15
DA:29,15
DA:31,15
DA:32,29
DA:35,15
DA:38,15
DA:46,15
DA:54,15
DA:56,15
DA:57,7
DA:58,7
DA:60,7
DA:61,7
DA:62,0
DA:63,0
DA:68,0
DA:69,0
DA:74,0
DA:75,0
DA:84,0
DA:91,15
DA:92,4
DA:93,4
DA:94,4
DA:95,4
DA:96,2
DA:100,2
DA:101,2
DA:102,2
DA:103,0
DA:105,2
DA:108,0
DA:113,15
DA:114,4
DA:117,15
DA:118,11
DA:119,11
DA:120,11
DA:126,7
DA:127,7
DA:128,7
DA:129,7
DA:131,0
DA:136,15
DA:137,11
DA:140,15
DA:142,0
DA:144,15
DA:150,15
DA:152,15
DA:155,0
DA:157,0
DA:160,15
DA:161,0
DA:167,15
DA:168,0
DA:169,0
DA:172,15
DA:176,5
DA:177,5
DA:178,5
DA:179,5
DA:183,0
DA:184,0
DA:185,0
DA:188,15
DA:189,0
DA:190,0
DA:191,0
DA:192,0
DA:195,0
DA:202,15
DA:203,0
DA:205,0
DA:206,0
DA:207,0
DA:209,0
DA:212,0
DA:218,15
DA:219,0
DA:226,0
DA:227,0
DA:228,0
DA:230,0
DA:235,15
DA:243,15
DA:262,0
LF:91
LH:55
BRDA:32,0,0,10
BRDA:32,0,1,19
BRDA:60,1,0,7
BRDA:60,1,1,0
BRDA:62,2,0,0
BRDA:62,2,1,0
BRDA:68,3,0,0
BRDA:68,3,1,0
BRDA:74,4,0,0
BRDA:74,4,1,0
BRDA:92,5,0,4
BRDA:92,5,1,0
BRDA:95,6,0,2
BRDA:95,6,1,2
BRDA:102,7,0,0
BRDA:102,7,1,2
BRDA:120,8,0,7
BRDA:120,8,1,4
BRDA:121,9,0,11
BRDA:121,9,1,11
BRDA:121,9,2,4
BRDA:121,9,3,4
BRDA:155,10,0,0
BRDA:155,10,1,0
BRDA:190,11,0,0
BRDA:190,11,1,0
BRDA:206,12,0,0
BRDA:206,12,1,0
BRDA:227,13,0,0
BRDA:227,13,1,0
BRF:30
BRH:13
end_of_record
TN:
SF:src/custom_components/handleNotes/editNote/screen/screen-editNote.tsx
FN:44,(anonymous_0)
FN:96,(anonymous_1)
FN:109,(anonymous_2)
FN:126,(anonymous_3)
FN:139,(anonymous_4)
FN:177,(anonymous_5)
FN:194,(anonymous_6)
FNF:7
FNH:3
FNDA:15,(anonymous_0)
FNDA:3,(anonymous_1)
FNDA:2,(anonymous_2)
FNDA:0,(anonymous_3)
FNDA:0,(anonymous_4)
FNDA:0,(anonymous_5)
FNDA:0,(anonymous_6)
DA:44,3
DA:65,15
DA:68,15
DA:96,3
DA:109,2
DA:127,0
DA:140,0
DA:177,0
DA:194,0
LF:9
LH:5
BRDA:72,0,0,15
BRDA:72,0,1,0
BRDA:124,1,0,15
BRDA:124,1,1,15
BRDA:124,1,2,15
BRDA:145,2,0,0
BRDA:145,2,1,0
BRDA:153,3,0,0
BRDA:153,3,1,0
BRDA:216,4,0,15
BRDA:216,4,1,15
BRDA:224,5,0,15
BRDA:224,5,1,5
BRDA:224,5,2,5
BRF:14
BRH:9
end_of_record
TN:
SF:src/custom_components/handleNotes/editNote/screen/ui/dateWithClock/dateWithClock.tsx
FN:9,(anonymous_0)
FNF:1
FNH:1
FNDA:14,(anonymous_0)
DA:9,3
DA:10,14
LF:2
LH:2
BRF:0
BRH:0
end_of_record
TN:
SF:src/custom_components/handleNotes/editNote/screen/ui/progressBar/progressBar.tsx
FN:12,(anonymous_0)
FN:21,(anonymous_1)
FNF:2
FNH:2
FNDA:77,(anonymous_0)
FNDA:77,(anonymous_1)
DA:12,5
DA:21,77
DA:22,77
DA:23,58
DA:24,19
DA:25,1
DA:26,18
DA:27,3
DA:29,15
DA:33,77
DA:35,77
DA:43,77
DA:55,77
DA:67,77
DA:75,77
DA:89,77
LF:16
LH:16
BRDA:18,0,0,8
BRDA:22,1,0,58
BRDA:22,1,1,19
BRDA:24,2,0,1
BRDA:24,2,1,18
BRDA:26,3,0,3
BRDA:26,3,1,15
BRDA:40,4,0,15
BRDA:40,4,1,62
BRDA:86,5,0,2
BRDA:86,5,1,75
BRDA:95,6,0,77
BRDA:95,6,1,2
BRDA:95,6,2,1
BRF:14
BRH:14
end_of_record
TN:
SF:src/custom_components/handleNotes/editNote/screen/ui/progressBarMenu/progressBarMenu.tsx
FN:14,(anonymous_0)
FN:28,(anonymous_1)
FN:36,(anonymous_2)
FN:43,(anonymous_3)
FNF:4
FNH:4
FNDA:23,(anonymous_0)
FNDA:3,(anonymous_1)
FNDA:17,(anonymous_2)
FNDA:1,(anonymous_3)
DA:14,4
DA:21,23
DA:22,23
DA:24,23
DA:28,3
DA:37,17
DA:43,1
LF:7
LH:7
BRDA:31,0,0,4
BRDA:31,0,1,19
BRDA:35,1,0,4
BRDA:35,1,1,19
BRF:4
BRH:4
end_of_record
TN:
SF:src/custom_components/handleNotes/editNote/screen/ui/progressBarMenu/progressBarScreen.tsx
FN:16,(anonymous_0)
FN:30,(anonymous_1)
FN:45,(anonymous_2)
FN:55,(anonymous_3)
FN:65,(anonymous_4)
FN:75,(anonymous_5)
FNF:6
FNH:2
FNDA:23,(anonymous_0)
FNDA:3,(anonymous_1)
FNDA:0,(anonymous_2)
FNDA:0,(anonymous_3)
FNDA:0,(anonymous_4)
FNDA:0,(anonymous_5)
DA:16,4
DA:25,23
DA:26,23
DA:27,23
DA:30,23
DA:31,3
DA:32,3
DA:33,3
DA:36,23
DA:45,0
DA:55,0
DA:65,0
DA:75,0
LF:13
LH:9
BRDA:31,0,0,0
BRDA:31,0,1,3
BRF:2
BRH:1
end_of_record
TN:
SF:src/custom_components/handleNotes/editToDoElement/container/container-editToDo.tsx
FN:21,(anonymous_0)
FN:48,(anonymous_1)
FN:50,(anonymous_2)
FN:85,(anonymous_3)
FN:87,(anonymous_4)
FN:107,(anonymous_5)
FN:108,(anonymous_6)
FN:122,(anonymous_7)
FN:150,(anonymous_8)
FN:162,(anonymous_9)
FN:164,(anonymous_10)
FN:174,(anonymous_11)
FN:215,(anonymous_12)
FNF:13
FNH:13
FNDA:15,(anonymous_0)
FNDA:4,(anonymous_1)
FNDA:4,(anonymous_2)
FNDA:9,(anonymous_3)
FNDA:10,(anonymous_4)
FNDA:5,(anonymous_5)
FNDA:5,(anonymous_6)
FNDA:1,(anonymous_7)
FNDA:10,(anonymous_8)
FNDA:4,(anonymous_9)
FNDA:4,(anonymous_10)
FNDA:4,(anonymous_11)
FNDA:1,(anonymous_12)
DA:21,4
DA:26,15
DA:27,15
DA:28,15
DA:29,15
DA:32,15
DA:48,15
DA:50,4
DA:51,4
DA:52,4
DA:55,4
DA:56,4
DA:60,4
DA:61,0
DA:64,0
DA:65,0
DA:67,0
DA:68,0
DA:69,0
DA:74,0
DA:82,4
DA:85,15
DA:86,9
DA:87,9
DA:88,10
DA:89,0
DA:93,9
DA:97,15
DA:107,15
DA:108,5
DA:110,5
DA:116,1
DA:119,1
DA:120,1
DA:121,1
DA:122,1
DA:124,1
DA:125,1
DA:127,0
DA:129,1
DA:132,1
DA:133,1
DA:139,0
DA:146,5
DA:147,5
DA:150,15
DA:152,10
DA:158,10
DA:159,10
DA:162,15
DA:164,4
DA:165,4
DA:169,4
DA:170,4
DA:171,4
DA:172,4
DA:173,4
DA:174,4
DA:176,4
DA:177,0
DA:181,0
DA:183,4
DA:189,0
DA:196,0
DA:204,4
DA:205,4
DA:215,15
DA:219,1
DA:220,1
DA:221,1
DA:225,1
DA:228,15
DA:230,15
DA:231,0
DA:234,15
LF:75
LH:60
BRDA:28,0,0,15
BRDA:28,0,1,0
BRDA:51,1,0,4
BRDA:51,1,1,0
BRDA:60,2,0,0
BRDA:60,2,1,4
BRDA:67,3,0,0
BRDA:67,3,1,0
BRDA:68,4,0,0
BRDA:68,4,1,0
BRDA:88,5,0,0
BRDA:88,5,1,10
BRDA:88,6,0,10
BRDA:88,6,1,0
BRDA:110,7,0,1
BRDA:110,7,1,4
BRDA:111,8,0,5
BRDA:111,8,1,5
BRDA:111,8,2,5
BRDA:111,8,3,4
BRDA:124,9,0,1
BRDA:124,9,1,0
BRDA:169,10,0,4
BRDA:169,10,1,0
BRDA:169,11,0,4
BRDA:169,11,1,4
BRDA:169,11,2,4
BRDA:171,12,0,4
BRDA:171,12,1,0
BRDA:172,13,0,4
BRDA:172,13,1,0
BRDA:176,14,0,0
BRDA:176,14,1,4
BRDA:220,15,0,1
BRDA:220,15,1,0
BRDA:220,16,0,1
BRDA:220,16,1,1
BRDA:230,17,0,0
BRDA:230,17,1,15
BRDA:242,18,0,15
BRDA:242,18,1,0
BRF:41
BRH:24
end_of_record
TN:
SF:src/custom_components/handleNotes/editToDoElement/screens/screen-editToDo-TooMuch.tsx
FN:6,(anonymous_0)
FNF:1
FNH:1
FNDA:1,(anonymous_0)
DA:6,5
DA:7,1
DA:9,1
LF:3
LH:3
BRF:0
BRH:0
end_of_record
TN:
SF:src/custom_components/handleNotes/editToDoElement/screens/screen-editToDo.tsx
FN:24,(anonymous_0)
FN:52,(anonymous_1)
FN:78,(anonymous_2)
FN:83,(anonymous_3)
FN:100,(anonymous_4)
FNF:5
FNH:3
FNDA:13,(anonymous_0)
FNDA:1,(anonymous_1)
FNDA:0,(anonymous_2)
FNDA:0,(anonymous_3)
FNDA:2,(anonymous_4)
DA:24,5
DA:34,13
DA:36,13
DA:52,1
DA:79,0
DA:84,0
DA:100,2
LF:7
LH:5
BRF:0
BRH:0
end_of_record
TN:
SF:src/custom_components/handleNotes/editToDoElement/screens/ui/dataPicker/dataPicker.tsx
FN:14,(anonymous_0)
FN:37,(anonymous_1)
FN:41,(anonymous_2)
FNF:3
FNH:2
FNDA:14,(anonymous_0)
FNDA:14,(anonymous_1)
FNDA:0,(anonymous_2)
DA:13,6
DA:15,14
DA:37,6
DA:38,14
DA:41,0
LF:5
LH:4
BRDA:30,0,0,14
BRDA:30,0,1,0
BRF:2
BRH:1
end_of_record
TN:
SF:src/custom_components/handleNotes/editToDoElement/screens/ui/priorityIndicator/priorityIndicator.tsx
FN:21,(anonymous_0)
FN:25,(anonymous_1)
FN:35,(anonymous_2)
FN:38,(anonymous_3)
FN:47,(anonymous_4)
FNF:5
FNH:5
FNDA:24,(anonymous_0)
FNDA:12,(anonymous_1)
FNDA:3,(anonymous_2)
FNDA:12,(anonymous_3)
FNDA:13,(anonymous_4)
DA:6,6
DA:21,6
DA:25,24
DA:31,24
DA:35,24
DA:36,3
DA:37,3
DA:38,12
DA:41,3
DA:42,2
DA:43,2
DA:47,24
DA:48,13
DA:51,24
DA:52,24
DA:54,24
LF:16
LH:16
BRDA:41,0,0,2
BRDA:41,0,1,1
BRF:2
BRH:2
end_of_record
TN:
SF:src/custom_components/handleNotes/viewNote/container/container-viewNote.tsx
FN:15,(anonymous_0)
FN:22,(anonymous_1)
FN:26,(anonymous_2)
FN:35,(anonymous_3)
FN:38,(anonymous_4)
FN:42,(anonymous_5)
FN:46,(anonymous_6)
FN:66,(anonymous_7)
FNF:8
FNH:7
FNDA:13,(anonymous_0)
FNDA:1,(anonymous_1)
FNDA:1,(anonymous_2)
FNDA:14,(anonymous_3)
FNDA:0,(anonymous_4)
FNDA:21,(anonymous_5)
FNDA:7,(anonymous_6)
FNDA:27,(anonymous_7)
DA:15,4
DA:16,13
DA:17,13
DA:18,13
DA:20,13
DA:22,13
DA:23,1
DA:26,13
DA:27,1
DA:28,0
DA:31,1
DA:35,13
DA:36,14
DA:38,0
DA:42,13
DA:43,21
DA:46,13
DA:47,7
DA:48,7
DA:50,7
DA:51,14
DA:52,14
DA:53,7
DA:54,42
DA:57,14
DA:58,14
DA:60,14
DA:61,14
DA:63,7
DA:66,13
DA:67,27
DA:68,0
DA:71,13
LF:33
LH:30
BRDA:27,0,0,0
BRDA:27,0,1,1
BRDA:27,1,0,1
BRDA:27,1,1,1
BRDA:52,2,0,7
BRDA:52,2,1,7
BRDA:52,3,0,14
BRDA:52,3,1,7
BRDA:53,4,0,49
BRDA:53,4,1,42
BRDA:57,5,0,14
BRDA:57,5,1,0
BRDA:67,6,0,27
BRDA:67,6,1,0
BRF:14
BRH:11
end_of_record
TN:
SF:src/custom_components/handleNotes/viewNote/container/getNotes.ts
FN:9,(anonymous_0)
FN:16,(anonymous_1)
FN:17,(anonymous_2)
FN:31,(anonymous_3)
FN:32,(anonymous_4)
FN:40,(anonymous_5)
FN:45,(anonymous_6)
FN:46,(anonymous_7)
FN:53,(anonymous_8)
FNF:9
FNH:9
FNDA:13,(anonymous_0)
FNDA:7,(anonymous_1)
FNDA:7,(anonymous_2)
FNDA:11,(anonymous_3)
FNDA:13,(anonymous_4)
FNDA:11,(anonymous_5)
FNDA:18,(anonymous_6)
FNDA:18,(anonymous_7)
FNDA:5,(anonymous_8)
DA:9,5
DA:14,13
DA:16,13
DA:17,7
DA:18,7
DA:19,7
DA:20,7
DA:21,7
DA:22,7
DA:25,7
DA:28,13
DA:31,5
DA:32,11
DA:33,13
DA:34,11
DA:35,2
DA:40,5
DA:44,11
DA:45,18
DA:47,18
DA:48,18
DA:49,18
DA:54,5
DA:59,11
LF:24
LH:24
BRDA:19,0,0,7
BRDA:19,0,1,0
BRDA:33,1,0,2
BRDA:33,1,1,11
BRDA:34,2,0,9
BRDA:34,2,1,2
BRDA:50,3,0,18
BRDA:50,3,1,7
BRDA:50,3,2,5
BRDA:54,4,0,5
BRDA:54,4,1,5
BRF:11
BRH:10
end_of_record
TN:
SF:src/custom_components/handleNotes/viewNote/screen/screen-viewNote.tsx
FN:26,(anonymous_0)
FN:41,(anonymous_1)
FN:45,(anonymous_2)
FNF:3
FNH:3
FNDA:13,(anonymous_0)
FNDA:14,(anonymous_1)
FNDA:1,(anonymous_2)
DA:26,4
DA:35,13
DA:37,13
DA:42,14
DA:45,1
LF:5
LH:5
BRDA:39,0,0,7
BRDA:39,0,1,6
BRDA:54,1,0,7
BRDA:54,1,1,7
BRDA:67,2,0,7
BRDA:67,2,1,7
BRF:6
BRH:6
end_of_record
TN:
SF:src/custom_components/notNotesRelated/encryption_modal/container/container-encryption-modal.tsx
FN:25,(anonymous_0)
FN:34,(anonymous_1)
FN:35,(anonymous_2)
FN:43,checkPasswordLength
FN:48,(anonymous_4)
FN:60,(anonymous_5)
FN:79,(anonymous_6)
FN:82,(anonymous_7)
FN:85,(anonymous_8)
FN:91,(anonymous_9)
FN:97,(anonymous_10)
FN:100,(anonymous_11)
FN:111,(anonymous_12)
FN:119,closeWelcomeOverlay
FN:147,(anonymous_14)
FNF:15
FNH:13
FNDA:26,(anonymous_0)
FNDA:12,(anonymous_1)
FNDA:12,(anonymous_2)
FNDA:3,checkPasswordLength
FNDA:0,(anonymous_4)
FNDA:3,(anonymous_5)
FNDA:4,(anonymous_6)
FNDA:2,(anonymous_7)
FNDA:1,(anonymous_8)
FNDA:1,(anonymous_9)
FNDA:1,(anonymous_10)
FNDA:1,(anonymous_11)
FNDA:12,(anonymous_12)
FNDA:0,closeWelcomeOverlay
FNDA:1,(anonymous_14)
DA:25,3
DA:26,26
DA:27,26
DA:28,26
DA:29,26
DA:30,26
DA:32,26
DA:34,26
DA:35,12
DA:36,12
DA:37,7
DA:40,12
DA:44,3
DA:45,1
DA:47,0
DA:48,0
DA:49,0
DA:52,1
DA:54,1
DA:56,2
DA:60,26
DA:61,3
DA:62,3
DA:63,2
DA:64,2
DA:65,0
DA:69,0
DA:71,0
DA:74,2
DA:79,26
DA:80,4
DA:83,2
DA:86,1
DA:87,1
DA:88,1
DA:89,1
DA:92,1
DA:98,1
DA:101,1
DA:107,26
DA:111,26
DA:113,12
DA:114,12
DA:115,0
DA:120,0
DA:121,0
DA:127,0
DA:128,0
DA:129,0
DA:133,0
DA:136,26
DA:147,1
LF:52
LH:39
BRDA:29,0,0,26
BRDA:29,0,1,8
BRDA:36,1,0,7
BRDA:36,1,1,5
BRDA:44,2,0,1
BRDA:44,2,1,2
BRDA:45,3,0,0
BRDA:45,3,1,1
BRDA:62,4,0,2
BRDA:62,4,1,1
BRDA:64,5,0,0
BRDA:64,5,1,2
BRDA:65,6,0,0
BRDA:65,6,1,0
BRDA:84,7,0,2
BRDA:84,7,1,0
BRDA:114,8,0,0
BRDA:114,8,1,12
BRDA:121,9,0,0
BRDA:121,9,1,0
BRDA:123,10,0,0
BRDA:123,10,1,0
BRDA:128,11,0,0
BRDA:128,11,1,0
BRDA:138,12,0,0
BRDA:138,12,1,26
BRDA:138,13,0,26
BRDA:138,13,1,0
BRF:28
BRH:14
end_of_record
TN:
SF:src/custom_components/notNotesRelated/encryption_modal/screen/screen-encryption-modal.tsx
FN:24,(anonymous_0)
FN:73,(anonymous_1)
FNF:2
FNH:2
FNDA:30,(anonymous_0)
FNDA:5,(anonymous_1)
DA:24,4
DA:33,30
DA:35,30
DA:73,5
LF:4
LH:4
BRDA:40,0,0,30
BRDA:40,0,1,12
BRDA:62,1,0,30
BRDA:62,1,1,1
BRDA:69,2,0,30
BRDA:69,2,1,12
BRDA:82,3,0,30
BRDA:82,3,1,9
BRF:8
BRH:8
end_of_record
TN:
SF:src/custom_components/notNotesRelated/navBar/container/container-navBar.tsx
FN:10,(anonymous_0)
FN:11,(anonymous_1)
FN:23,(anonymous_2)
FN:31,(anonymous_3)
FN:35,(anonymous_4)
FN:40,(anonymous_5)
FN:45,(anonymous_6)
FNF:7
FNH:5
FNDA:12,(anonymous_0)
FNDA:0,(anonymous_1)
FNDA:1,(anonymous_2)
FNDA:1,(anonymous_3)
FNDA:2,(anonymous_4)
FNDA:1,(anonymous_5)
FNDA:0,(anonymous_6)
DA:10,7
DA:13,12
DA:14,12
DA:15,12
DA:16,12
DA:17,12
DA:20,12
DA:21,12
DA:23,12
DA:24,1
DA:25,1
DA:27,0
DA:31,12
DA:32,1
DA:35,12
DA:36,2
DA:37,2
DA:40,12
DA:41,1
DA:42,1
DA:45,12
DA:46,0
DA:47,0
DA:48,0
DA:52,12
LF:25
LH:21
BRDA:11,0,0,0
BRDA:24,1,0,1
BRDA:24,1,1,0
BRDA:46,2,0,0
BRDA:46,2,1,0
BRDA:46,3,0,0
BRDA:46,3,1,0
BRDA:56,4,0,12
BRDA:56,4,1,10
BRDA:56,4,2,10
BRDA:56,4,3,10
BRDA:56,4,4,10
BRDA:63,5,0,12
BRDA:63,5,1,12
BRDA:66,6,0,12
BRDA:66,6,1,0
BRF:16
BRH:9
end_of_record
TN:
SF:src/custom_components/notNotesRelated/navBar/screen/screen-navBar.tsx
FN:21,(anonymous_0)
FNF:1
FNH:1
FNDA:10,(anonymous_0)
DA:21,7
DA:33,10
LF:2
LH:2
BRDA:39,0,0,2
BRDA:39,0,1,8
BRDA:48,1,0,2
BRDA:48,1,1,0
BRDA:71,2,0,10
BRDA:71,2,1,10
BRF:6
BRH:5
end_of_record
TN:
SF:src/custom_components/notNotesRelated/settings/container/container_settings.tsx
FN:10,(anonymous_0)
FN:13,(anonymous_1)
FN:20,(anonymous_2)
FN:32,(anonymous_3)
FN:33,(anonymous_4)
FN:41,(anonymous_5)
FN:62,(anonymous_6)
FN:69,(anonymous_7)
FN:83,deleteKeysFromLocalStorage
FN:84,(anonymous_9)
FN:90,(anonymous_10)
FN:104,(anonymous_11)
FNF:12
FNH:5
FNDA:8,(anonymous_0)
FNDA:0,(anonymous_1)
FNDA:0,(anonymous_2)
FNDA:4,(anonymous_3)
FNDA:4,(anonymous_4)
FNDA:0,(anonymous_5)
FNDA:1,(anonymous_6)
FNDA:1,(anonymous_7)
FNDA:0,deleteKeysFromLocalStorage
FNDA:0,(anonymous_9)
FNDA:0,(anonymous_10)
FNDA:0,(anonymous_11)
DA:10,3
DA:11,8
DA:13,8
DA:14,0
DA:15,0
DA:17,0
DA:20,8
DA:21,0
DA:22,0
DA:24,0
DA:28,8
DA:29,8
DA:31,8
DA:32,8
DA:33,4
DA:34,4
DA:35,4
DA:38,4
DA:41,8
DA:45,0
DA:46,0
DA:47,0
DA:48,0
DA:49,0
DA:53,0
DA:56,0
DA:57,0
DA:58,0
DA:62,8
DA:63,1
DA:64,1
DA:65,1
DA:69,8
DA:70,1
DA:71,1
DA:72,1
DA:75,1
DA:77,0
DA:78,0
DA:84,0
DA:85,0
DA:87,0
DA:90,8
DA:91,0
DA:94,8
DA:104,0
LF:46
LH:24
BRDA:14,0,0,0
BRDA:14,0,1,0
BRDA:21,1,0,0
BRDA:21,1,1,0
BRDA:34,2,0,4
BRDA:34,2,1,0
BRDA:45,3,0,0
BRDA:45,3,1,0
BRDA:47,4,0,0
BRDA:47,4,1,0
BRDA:63,5,0,1
BRDA:63,5,1,0
BRDA:70,6,0,1
BRDA:70,6,1,0
BRF:14
BRH:3
end_of_record
TN:
SF:src/custom_components/notNotesRelated/settings/screen/screen_settings.tsx
FN:25,(anonymous_0)
FN:95,(anonymous_1)
FN:102,(anonymous_2)
FN:109,(anonymous_3)
FN:148,(anonymous_4)
FN:155,(anonymous_5)
FNF:6
FNH:6
FNDA:16,(anonymous_0)
FNDA:1,(anonymous_1)
FNDA:2,(anonymous_2)
FNDA:2,(anonymous_3)
FNDA:1,(anonymous_4)
FNDA:1,(anonymous_5)
DA:25,4
DA:37,16
DA:38,16
DA:40,16
DA:95,1
DA:102,2
DA:109,2
DA:148,1
DA:155,1
LF:9
LH:9
BRDA:44,0,0,16
BRDA:44,0,1,0
BRDA:59,1,0,16
BRDA:59,1,1,0
BRDA:65,2,0,16
BRDA:65,2,1,0
BRDA:65,2,2,16
BRDA:69,3,0,16
BRDA:69,3,1,12
BRDA:81,4,0,16
BRDA:81,4,1,0
BRF:11
BRH:7
end_of_record
TN:
SF:src/custom_components/notNotesRelated/welcomeScreen/container/container-welcomeScreen.tsx
FN:15,(anonymous_0)
FN:20,(anonymous_1)
FN:20,(anonymous_2)
FN:21,(anonymous_3)
FN:21,(anonymous_4)
FN:28,(anonymous_5)
FN:29,(anonymous_6)
FN:34,(anonymous_7)
FNF:8
FNH:8
FNDA:8,(anonymous_0)
FNDA:2,(anonymous_1)
FNDA:2,(anonymous_2)
FNDA:1,(anonymous_3)
FNDA:1,(anonymous_4)
FNDA:2,(anonymous_5)
FNDA:1,(anonymous_6)
FNDA:32,(anonymous_7)
DA:15,4
DA:16,8
DA:17,8
DA:20,8
DA:21,8
DA:22,1
DA:23,1
DA:27,8
DA:28,2
DA:29,1
DA:34,8
DA:35,32
DA:36,28
DA:39,8
LF:14
LH:14
BRDA:22,0,0,0
BRDA:22,0,1,1
BRDA:35,1,0,4
BRDA:35,1,1,28
BRDA:54,2,0,4
BRDA:54,2,1,4
BRF:6
BRH:5
end_of_record
TN:
SF:src/custom_components/notNotesRelated/welcomeScreen/container/SubContainer/container-welcome1.tsx
FN:10,(anonymous_0)
FNF:1
FNH:1
FNDA:8,(anonymous_0)
DA:10,4
DA:14,8
DA:16,8
LF:3
LH:3
BRF:0
BRH:0
end_of_record
TN:
SF:src/custom_components/notNotesRelated/welcomeScreen/container/SubContainer/container-welcome2.tsx
FN:10,(anonymous_0)
FNF:1
FNH:1
FNDA:8,(anonymous_0)
DA:10,4
DA:14,8
DA:16,8
LF:3
LH:3
BRF:0
BRH:0
end_of_record
TN:
SF:src/custom_components/notNotesRelated/welcomeScreen/container/SubContainer/container-welcome3.tsx
FN:11,(anonymous_0)
FN:20,(anonymous_1)
FN:24,(anonymous_2)
FN:27,(anonymous_3)
FN:29,(anonymous_4)
FN:34,(anonymous_5)
FNF:6
FNH:6
FNDA:11,(anonymous_0)
FNDA:9,(anonymous_1)
FNDA:9,(anonymous_2)
FNDA:5,(anonymous_3)
FNDA:3,(anonymous_4)
FNDA:1,(anonymous_5)
DA:11,5
DA:16,11
DA:17,11
DA:18,11
DA:20,11
DA:24,9
DA:27,11
DA:28,5
DA:29,1
DA:30,3
DA:31,3
DA:32,3
DA:34,1
DA:36,4
DA:37,4
DA:38,4
DA:42,11
DA:45,11
LF:18
LH:18
BRDA:24,0,0,9
BRDA:24,0,1,0
BRDA:28,1,0,1
BRDA:28,1,1,4
BRF:4
BRH:3
end_of_record
TN:
SF:src/custom_components/notNotesRelated/welcomeScreen/container/SubContainer/container-welcome4.tsx
FN:16,(anonymous_0)
FN:25,(anonymous_1)
FN:32,(anonymous_2)
FNF:3
FNH:3
FNDA:15,(anonymous_0)
FNDA:8,(anonymous_1)
FNDA:2,(anonymous_2)
DA:16,5
DA:22,15
DA:23,15
DA:25,15
DA:26,8
DA:27,8
DA:28,8
DA:29,8
DA:32,15
DA:33,2
DA:34,2
DA:35,2
DA:37,2
DA:38,1
DA:40,1
DA:41,1
DA:46,1
DA:50,1
DA:52,1
DA:56,15
LF:20
LH:20
BRDA:26,0,0,2
BRDA:26,0,1,6
BRDA:37,1,0,1
BRDA:37,1,1,1
BRF:4
BRH:4
end_of_record
TN:
SF:src/custom_components/notNotesRelated/welcomeScreen/container/SubContainer/container-welcome5.tsx
FN:5,(anonymous_0)
FN:15,(anonymous_1)
FN:19,(anonymous_2)
FNF:3
FNH:2
FNDA:11,(anonymous_0)
FNDA:1,(anonymous_1)
FNDA:0,(anonymous_2)
DA:5,5
DA:10,11
DA:11,11
DA:12,11
DA:13,11
DA:15,11
DA:16,1
DA:18,1
DA:19,1
DA:21,0
DA:22,0
DA:26,0
DA:30,11
LF:13
LH:10
BRDA:16,0,0,1
BRDA:16,0,1,0
BRDA:24,1,0,0
BRDA:24,1,1,0
BRF:4
BRH:1
end_of_record
TN:
SF:src/custom_components/notNotesRelated/welcomeScreen/screens/screen-welcome1.tsx
FN:8,(anonymous_0)
FNF:1
FNH:1
FNDA:7,(anonymous_0)
DA:8,5
DA:17,7
LF:2
LH:2
BRDA:19,0,0,1
BRDA:19,0,1,6
BRF:2
BRH:2
end_of_record
TN:
SF:src/custom_components/notNotesRelated/welcomeScreen/screens/screen-welcome2.tsx
FN:8,(anonymous_0)
FNF:1
FNH:1
FNDA:7,(anonymous_0)
DA:8,5
DA:18,7
LF:2
LH:2
BRF:0
BRH:0
end_of_record
TN:
SF:src/custom_components/notNotesRelated/welcomeScreen/screens/screen-welcome3.tsx
FN:17,(anonymous_0)
FNF:1
FNH:1
FNDA:10,(anonymous_0)
DA:17,6
DA:25,10
LF:2
LH:2
BRF:0
BRH:0
end_of_record
TN:
SF:src/custom_components/notNotesRelated/welcomeScreen/screens/screen-welcome4.tsx
FN:18,(anonymous_0)
FNF:1
FNH:1
FNDA:13,(anonymous_0)
DA:18,6
DA:27,13
LF:2
LH:2
BRDA:58,0,0,13
BRDA:58,0,1,2
BRDA:72,1,0,3
BRDA:72,1,1,10
BRF:4
BRH:4
end_of_record
TN:
SF:src/custom_components/notNotesRelated/welcomeScreen/screens/screen-welcome5.tsx
FN:19,(anonymous_0)
FN:56,(anonymous_1)
FNF:2
FNH:1
FNDA:11,(anonymous_0)
FNDA:0,(anonymous_1)
DA:19,6
DA:28,11
DA:56,0
LF:3
LH:2
BRDA:57,0,0,11
BRDA:57,0,1,2
BRF:2
BRH:2
end_of_record
TN:
SF:src/custom_components/notNotesRelated/welcomeScreen/screens/ui/continueBtn/continue-button.tsx
FN:9,(anonymous_0)
FNF:1
FNH:1
FNDA:49,(anonymous_0)
DA:9,13
DA:10,49
LF:2
LH:2
BRF:0
BRH:0
end_of_record
TN:
SF:src/custom_components/notNotesRelated/welcomeScreen/screens/ui/passwordInputField/passwordInputField.tsx
FN:9,(anonymous_0)
FNF:1
FNH:1
FNDA:14,(anonymous_0)
DA:9,7
DA:10,14
DA:12,14
LF:3
LH:3
BRF:0
BRH:0
end_of_record
TN:
SF:src/custom_components/notNotesRelated/welcomeScreen/screens/ui/progressDots/progressDots.tsx
FN:9,(anonymous_0)
FN:13,(anonymous_1)
FNF:2
FNH:2
FNDA:50,(anonymous_0)
FNDA:219,(anonymous_1)
DA:9,13
DA:10,50
DA:14,219
LF:3
LH:3
BRDA:16,0,0,47
BRDA:16,0,1,172
BRDA:17,1,0,47
BRDA:17,1,1,172
BRF:4
BRH:4
end_of_record
TN:
SF:src/custom_components/notNotesRelated/welcomeScreen/screens/ui/radioBtns/generic-radioBtn.tsx
FN:11,(anonymous_0)
FN:18,(anonymous_1)
FNF:2
FNH:2
FNDA:65,(anonymous_0)
FNDA:3,(anonymous_1)
DA:11,9
DA:17,65
DA:18,65
DA:21,65
LF:4
LH:4
BRDA:23,0,0,23
BRDA:23,0,1,42
BRDA:30,1,0,23
BRDA:30,1,1,42
BRF:4
BRH:4
end_of_record
TN:
SF:src/custom_components/services/encryptionEngine/encryptionEngine.ts
FN:8,(anonymous_0)
FN:24,(anonymous_1)
FN:39,(anonymous_2)
FN:80,(anonymous_3)
FN:103,(anonymous_4)
FN:121,(anonymous_5)
FN:151,(anonymous_6)
FN:156,(anonymous_7)
FN:186,(anonymous_8)
FNF:9
FNH:9
FNDA:43,(anonymous_0)
FNDA:4,(anonymous_1)
FNDA:28,(anonymous_2)
FNDA:26,(anonymous_3)
FNDA:26,(anonymous_4)
FNDA:25,(anonymous_5)
FNDA:61,(anonymous_6)
FNDA:3,(anonymous_7)
FNDA:1,(anonymous_8)
DA:8,13
DA:12,43
DA:13,43
DA:15,43
DA:16,43
DA:18,43
DA:24,13
DA:25,4
DA:26,4
DA:28,4
DA:29,4
DA:31,4
DA:36,4
DA:39,13
DA:45,28
DA:46,28
DA:48,28
DA:49,4
DA:50,3
DA:55,3
DA:56,1
DA:58,2
DA:59,2
DA:63,2
DA:66,1
DA:68,1
DA:72,1
DA:75,24
DA:77,28
DA:80,13
DA:84,26
DA:85,26
DA:86,26
DA:88,26
DA:94,26
DA:95,26
DA:100,26
DA:103,13
DA:107,26
DA:109,26
DA:110,3
DA:113,23
DA:114,23
DA:115,1
DA:117,22
DA:121,13
DA:125,25
DA:126,1
DA:129,24
DA:134,24
DA:135,24
DA:136,17
DA:137,17
DA:143,17
DA:145,17
DA:147,7
DA:151,13
DA:152,61
DA:153,61
DA:156,13
DA:160,3
DA:161,3
DA:162,0
DA:168,3
DA:169,3
DA:170,3
DA:176,3
DA:177,0
DA:178,0
DA:180,3
DA:186,13
DA:189,1
DA:190,1
DA:191,1
DA:198,1
DA:199,1
DA:200,0
DA:203,1
DA:204,0
DA:205,0
DA:208,1
LF:81
LH:75
BRDA:16,0,0,0
BRDA:16,0,1,43
BRDA:29,1,0,1
BRDA:29,1,1,3
BRDA:48,2,0,4
BRDA:48,2,1,24
BRDA:49,3,0,3
BRDA:49,3,1,1
BRDA:49,4,0,4
BRDA:49,4,1,4
BRDA:55,5,0,1
BRDA:55,5,1,2
BRDA:63,6,0,1
BRDA:63,6,1,1
BRDA:109,7,0,3
BRDA:109,7,1,23
BRDA:114,8,0,1
BRDA:114,8,1,22
BRDA:125,9,0,1
BRDA:125,9,1,24
BRDA:135,10,0,17
BRDA:135,10,1,7
BRDA:135,11,0,24
BRDA:135,11,1,17
BRDA:135,11,2,17
BRDA:161,12,0,0
BRDA:161,12,1,3
BRDA:176,13,0,0
BRDA:176,13,1,3
BRDA:199,14,0,0
BRDA:199,14,1,1
BRDA:203,15,0,0
BRDA:203,15,1,1
BRF:33
BRH:28
end_of_record
TN:
SF:src/custom_components/services/equals/equals.ts
FN:1,isEqual
FNF:1
FNH:1
FNDA:24,isEqual
DA:2,24
DA:3,2
DA:5,22
DA:6,12
DA:8,10
DA:9,5
DA:10,1
DA:12,4
DA:13,4
DA:14,1
DA:17,3
DA:19,5
DA:20,5
DA:21,5
DA:22,1
DA:24,4
DA:25,7
DA:26,3
DA:29,1
LF:19
LH:19
BRDA:2,0,0,2
BRDA:2,0,1,22
BRDA:5,1,0,12
BRDA:5,1,1,10
BRDA:8,2,0,5
BRDA:8,2,1,5
BRDA:9,3,0,1
BRDA:9,3,1,4
BRDA:13,4,0,1
BRDA:13,4,1,3
BRDA:21,5,0,1
BRDA:21,5,1,4
BRDA:25,6,0,3
BRDA:25,6,1,4
BRF:14
BRH:14
end_of_record
TN:
SF:src/custom_components/services/fileHandler/fileHandler.ts
FN:13,(anonymous_0)
FN:53,(anonymous_1)
FNF:2
FNH:2
FNDA:1,(anonymous_0)
FNDA:5,(anonymous_1)
DA:13,4
DA:14,1
DA:15,1
DA:16,2
DA:17,2
DA:18,2
DA:19,2
DA:20,2
DA:21,2
DA:26,1
DA:27,1
DA:28,1
DA:30,1
DA:36,1
DA:37,1
DA:42,1
DA:46,1
DA:49,0
DA:53,4
DA:57,5
DA:59,5
DA:60,1
DA:61,1
DA:64,4
DA:65,2
DA:67,2
DA:68,2
DA:70,0
DA:71,0
DA:75,3
DA:76,3
DA:77,2
DA:78,2
DA:79,2
DA:82,1
LF:35
LH:32
BRDA:17,0,0,2
BRDA:17,0,1,0
BRDA:19,1,0,2
BRDA:19,1,1,0
BRDA:57,2,0,5
BRDA:57,2,1,0
BRDA:59,3,0,1
BRDA:59,3,1,4
BRDA:59,4,0,5
BRDA:59,4,1,5
BRDA:64,5,0,2
BRDA:64,5,1,2
BRDA:65,6,0,0
BRDA:65,6,1,2
BRDA:65,7,0,2
BRDA:65,7,1,2
BRDA:67,8,0,2
BRDA:67,8,1,0
BRDA:68,9,0,1
BRDA:68,9,1,1
BRDA:68,10,0,2
BRDA:68,10,1,1
BRDA:70,11,0,0
BRDA:70,11,1,0
BRDA:70,12,0,0
BRDA:70,12,1,0
BRDA:77,13,0,2
BRDA:77,13,1,0
BRF:28
BRH:18
end_of_record
TN:
SF:src/custom_components/services/fileHandler/fileHandlerHelper.ts
FN:5,(anonymous_0)
FN:17,(anonymous_1)
FN:29,(anonymous_2)
FN:44,(anonymous_3)
FN:45,(anonymous_4)
FN:48,(anonymous_5)
FN:53,(anonymous_6)
FNF:7
FNH:7
FNDA:2,(anonymous_0)
FNDA:2,(anonymous_1)
FNDA:1,(anonymous_2)
FNDA:2,(anonymous_3)
FNDA:2,(anonymous_4)
FNDA:1,(anonymous_5)
FNDA:1,(anonymous_6)
DA:5,5
DA:6,2
DA:7,2
DA:8,2
DA:9,2
DA:10,2
DA:11,2
DA:12,2
DA:14,2
DA:17,5
DA:18,2
DA:19,2
DA:20,2
DA:21,2
DA:22,2
DA:23,2
DA:24,2
DA:25,2
DA:29,5
DA:30,1
DA:31,1
DA:32,3
DA:33,3
DA:34,3
DA:35,3
DA:37,3
DA:38,2
DA:39,2
DA:44,5
DA:45,2
DA:46,2
DA:48,2
DA:49,1
DA:50,1
DA:53,2
DA:54,1
DA:55,1
DA:56,1
DA:59,2
LF:39
LH:39
BRDA:33,0,0,3
BRDA:33,0,1,1
BRDA:37,1,0,2
BRDA:37,1,1,1
BRDA:54,2,0,1
BRDA:54,2,1,0
BRF:6
BRH:5
end_of_record
TN:
SF:src/custom_components/services/fingerprintLogic/fingerprintLogic.ts
FN:7,(anonymous_0)
FN:12,(anonymous_1)
FN:32,(anonymous_2)
FN:33,(anonymous_3)
FN:66,(anonymous_4)
FN:100,(anonymous_5)
FNF:6
FNH:6
FNDA:2,(anonymous_0)
FNDA:5,(anonymous_1)
FNDA:2,(anonymous_2)
FNDA:1,(anonymous_3)
FNDA:4,(anonymous_4)
FNDA:5,(anonymous_5)
DA:7,3
DA:8,2
DA:9,2
DA:12,3
DA:20,5
DA:21,5
DA:23,5
DA:24,1
DA:25,1
DA:28,3
DA:32,2
DA:33,1
DA:35,3
DA:36,1
DA:37,1
DA:40,2
DA:42,2
DA:43,1
DA:44,1
DA:45,1
DA:48,1
DA:49,1
DA:53,1
DA:55,1
DA:57,1
DA:58,1
DA:59,1
DA:61,0
DA:66,3
DA:73,4
DA:74,4
DA:76,4
DA:77,1
DA:78,1
DA:81,3
DA:82,1
DA:83,1
DA:86,1
DA:87,1
DA:93,1
DA:95,1
DA:96,1
DA:100,3
DA:101,5
DA:102,5
DA:104,5
DA:105,5
LF:47
LH:46
BRDA:23,0,0,1
BRDA:23,0,1,3
BRDA:35,1,0,1
BRDA:35,1,1,2
BRDA:42,2,0,1
BRDA:42,2,1,1
BRDA:58,3,0,1
BRDA:58,3,1,0
BRDA:76,4,0,1
BRDA:76,4,1,3
BRDA:76,5,0,4
BRDA:76,5,1,3
BRDA:81,6,0,1
BRDA:81,6,1,1
BRF:14
BRH:13
end_of_record
TN:
SF:src/custom_components/services/formatDate/formatDate.ts
FN:1,formatDate
FN:21,getTodayWithoutHours
FNF:2
FNH:2
FNDA:3,formatDate
FNDA:6,getTodayWithoutHours
DA:2,3
DA:3,3
DA:4,1
DA:7,2
DA:8,2
DA:9,2
DA:10,2
DA:12,2
DA:13,2
DA:15,2
DA:16,1
DA:18,2
DA:22,6
DA:23,6
DA:24,6
LF:15
LH:15
BRDA:3,0,0,1
BRDA:3,0,1,2
BRDA:15,1,0,1
BRDA:15,1,1,1
BRF:4
BRH:4
end_of_record
TN:
SF:src/custom_components/services/logger/loggerFeatureFlags.ts
FN:4,logError
FN:10,logAllDebugMessages
FNF:2
FNH:2
FNDA:18,logError
FNDA:160,logAllDebugMessages
DA:5,18
DA:6,1
DA:11,160
DA:12,1
LF:4
LH:4
BRDA:5,0,0,1
BRDA:5,0,1,17
BRDA:11,1,0,1
BRDA:11,1,1,159
BRF:4
BRH:4
end_of_record
TN:
SF:src/custom_components/services/progressToDoListService/progressToDoListService.ts
FN:15,(anonymous_0)
FN:38,(anonymous_1)
FN:39,(anonymous_2)
FN:45,(anonymous_3)
FN:55,(anonymous_4)
FN:63,(anonymous_5)
FN:74,(anonymous_6)
FN:79,(anonymous_7)
FN:82,(anonymous_8)
FNF:9
FNH:5
FNDA:8,(anonymous_0)
FNDA:52,(anonymous_1)
FNDA:2,(anonymous_2)
FNDA:2,(anonymous_3)
FNDA:99,(anonymous_4)
FNDA:0,(anonymous_5)
FNDA:0,(anonymous_6)
FNDA:0,(anonymous_7)
FNDA:0,(anonymous_8)
DA:14,6
DA:16,8
DA:17,8
DA:18,8
DA:19,8
DA:20,8
DA:25,8
DA:30,8
DA:35,8
DA:39,52
DA:40,2
DA:45,52
DA:46,2
DA:48,52
DA:60,99
DA:61,35
DA:63,64
DA:64,64
DA:65,64
DA:67,64
DA:68,64
DA:69,64
DA:79,0
DA:82,0
DA:85,0
DA:86,0
DA:88,0
LF:27
LH:22
BRDA:35,0,0,8
BRDA:35,0,1,7
BRDA:41,1,0,2
BRDA:41,1,1,1
BRDA:60,2,0,35
BRDA:60,2,1,64
BRDA:63,3,0,64
BRDA:63,3,1,16
BRDA:69,4,0,2
BRDA:69,4,1,62
BRDA:88,5,0,0
BRDA:88,5,1,0
BRF:12
BRH:10
end_of_record
TN:
SF:src/custom_components/services/textValidation/containsNotAllowedCharacters.ts
FN:4,containsNotAllowedCharacters
FNF:1
FNH:1
FNDA:6,containsNotAllowedCharacters
DA:5,6
DA:6,187
DA:7,1
DA:8,1
DA:11,5
LF:5
LH:5
BRDA:6,0,0,1
BRDA:6,0,1,186
BRF:2
BRH:2
end_of_record
TN:
SF:src/custom_components/services/toDoListHandler/IToDoListService.ts
FNF:0
FNH:0
LF:0
LH:0
BRF:0
BRH:0
end_of_record
TN:
SF:src/custom_components/services/toDoListHandler/toDoListHandler.ts
FNF:0
FNH:0
DA:8,7
LF:1
LH:1
BRF:0
BRH:0
end_of_record
TN:
SF:src/custom_components/services/toDoListHandler/Categories/categories.ts
FN:3,(anonymous_0)
FN:5,(anonymous_1)
FNF:2
FNH:2
FNDA:10,(anonymous_0)
FNDA:4,(anonymous_1)
DA:3,8
DA:4,10
DA:5,10
DA:6,4
DA:7,3
DA:11,10
LF:6
LH:6
BRDA:6,0,0,3
BRDA:6,0,1,1
BRDA:6,1,0,4
BRDA:6,1,1,3
BRF:4
BRH:4
end_of_record
TN:
SF:src/custom_components/services/toDoListHandler/Filter/toDoListFilter.ts
FN:5,(anonymous_0)
FN:13,(anonymous_1)
FN:25,(anonymous_2)
FN:29,(anonymous_3)
FN:39,(anonymous_4)
FN:43,(anonymous_5)
FNF:6
FNH:6
FNDA:3,(anonymous_0)
FNDA:8,(anonymous_1)
FNDA:2,(anonymous_2)
FNDA:8,(anonymous_3)
FNDA:2,(anonymous_4)
FNDA:8,(anonymous_5)
DA:5,8
DA:9,3
DA:10,3
DA:11,3
DA:13,3
DA:14,8
DA:15,8
DA:16,8
DA:19,3
DA:25,8
DA:29,2
DA:30,8
DA:33,2
DA:39,8
DA:43,2
DA:44,8
DA:47,2
LF:17
LH:17
BRDA:16,0,0,8
BRDA:16,0,1,0
BRF:2
BRH:1
end_of_record
TN:
SF:src/custom_components/services/toDoListHandler/Persistence/toDoListPersistence.ts
FN:9,(anonymous_0)
FN:20,(anonymous_1)
FN:48,(anonymous_2)
FN:57,(anonymous_3)
FN:72,(anonymous_4)
FN:74,(anonymous_5)
FN:82,(anonymous_6)
FNF:7
FNH:4
FNDA:11,(anonymous_0)
FNDA:9,(anonymous_1)
FNDA:4,(anonymous_2)
FNDA:0,(anonymous_3)
FNDA:0,(anonymous_4)
FNDA:0,(anonymous_5)
FNDA:10,(anonymous_6)
DA:9,7
DA:10,11
DA:11,11
DA:12,11
DA:14,0
DA:15,0
DA:20,7
DA:23,9
DA:24,9
DA:25,9
DA:26,19
DA:27,19
DA:28,18
DA:29,18
DA:30,18
DA:31,16
DA:32,11
DA:33,11
DA:36,2
DA:40,9
DA:43,0
DA:44,0
DA:48,7
DA:52,4
DA:53,4
DA:54,4
DA:55,4
DA:57,2
DA:58,0
DA:59,0
DA:62,2
DA:63,2
DA:65,2
DA:67,2
DA:68,2
DA:72,7
DA:73,0
DA:74,0
DA:75,0
DA:76,0
DA:79,0
DA:82,7
DA:87,10
DA:88,10
DA:89,10
DA:90,10
DA:91,10
DA:97,1
LF:48
LH:37
BRDA:12,0,0,11
BRDA:12,0,1,11
BRDA:27,1,0,1
BRDA:27,1,1,18
BRDA:27,2,0,19
BRDA:27,2,1,19
BRDA:28,3,0,18
BRDA:28,3,1,0
BRDA:31,4,0,11
BRDA:31,4,1,5
BRDA:31,5,0,16
BRDA:31,5,1,11
BRDA:58,6,0,0
BRDA:58,6,1,0
BRDA:94,7,0,10
BRDA:94,7,1,2
BRF:16
BRH:13
end_of_record
TN:
SF:src/custom_components/services/toDoListHandler/Sorter/toDoListSort.ts
FN:4,(anonymous_0)
FN:8,(anonymous_1)
FNF:2
FNH:2
FNDA:10,(anonymous_0)
FNDA:20,(anonymous_1)
DA:4,7
DA:6,10
DA:9,20
DA:10,3
DA:11,17
DA:12,6
DA:13,11
DA:19,2
DA:20,9
DA:26,0
DA:27,9
DA:29,1
DA:35,8
LF:13
LH:12
BRDA:9,0,0,3
BRDA:9,0,1,17
BRDA:9,1,0,20
BRDA:9,1,1,4
BRDA:11,2,0,6
BRDA:11,2,1,11
BRDA:11,3,0,17
BRDA:11,3,1,16
BRDA:13,4,0,2
BRDA:13,4,1,9
BRDA:14,5,0,11
BRDA:14,5,1,10
BRDA:14,5,2,10
BRDA:14,5,3,2
BRDA:20,6,0,0
BRDA:20,6,1,9
BRDA:21,7,0,9
BRDA:21,7,1,8
BRDA:21,7,2,8
BRDA:21,7,3,0
BRDA:27,8,0,1
BRDA:27,8,1,8
BRDA:27,9,0,9
BRDA:27,9,1,1
BRF:24
BRH:22
end_of_record
TN:
SF:src/custom_components/types/ToDoItem.types.ts
FNF:0
FNH:0
LF:0
LH:0
BRF:0
BRH:0
end_of_record
TN:
SF:src/custom_components/types/ToDoList.types.ts
FNF:0
FNH:0
LF:0
LH:0
BRF:0
BRH:0
end_of_record
TN:
SF:src/custom_components/types/ToDoListKey.types.ts
FNF:0
FNH:0
LF:0
LH:0
BRF:0
BRH:0
end_of_record
TN:
SF:src/modules/app_configuration/app_texts.ts
FNF:0
FNH:0
DA:1,2
LF:1
LH:1
BRF:0
BRH:0
end_of_record
TN:
SF:src/modules/legal/codeToTextParser.tsx
FN:7,(anonymous_0)
FN:8,(anonymous_1)
FN:11,(anonymous_2)
FNF:3
FNH:3
FNDA:11,(anonymous_0)
FNDA:11,(anonymous_1)
FNDA:12,(anonymous_2)
DA:7,5
DA:8,11
DA:9,11
DA:10,11
DA:11,11
DA:12,12
DA:13,12
DA:14,12
DA:15,12
DA:16,6
DA:17,6
DA:18,5
DA:20,6
DA:21,6
DA:22,6
DA:23,6
DA:25,12
DA:26,12
DA:27,10
DA:29,12
DA:38,11
LF:21
LH:21
BRDA:17,0,0,5
BRDA:17,0,1,1
BRDA:26,1,0,10
BRDA:26,1,1,2
BRDA:32,2,0,12
BRDA:32,2,1,1
BRF:6
BRH:6
end_of_record
TN:
SF:src/modules/legal/datenschutz.tsx
FN:8,(anonymous_0)
FNF:1
FNH:1
FNDA:2,(anonymous_0)
DA:8,3
DA:9,2
DA:11,2
LF:3
LH:3
BRDA:14,0,0,2
BRDA:14,0,1,0
BRDA:30,1,0,2
BRDA:30,1,1,0
BRF:4
BRH:2
end_of_record
TN:
SF:src/modules/legal/impressum.tsx
FN:8,(anonymous_0)
FNF:1
FNH:1
FNDA:2,(anonymous_0)
DA:8,3
DA:9,2
DA:11,2
LF:3
LH:3
BRDA:14,0,0,2
BRDA:14,0,1,0
BRDA:30,1,0,2
BRDA:30,1,1,0
BRF:4
BRH:2
end_of_record
TN:
SF:src/modules/legal/usedLibs/container_usedLibList.tsx
FN:27,(anonymous_0)
FN:31,(anonymous_1)
FN:43,(anonymous_2)
FN:47,(anonymous_3)
FNF:4
FNH:4
FNDA:24,(anonymous_0)
FNDA:6264,(anonymous_1)
FNDA:2,(anonymous_2)
FNDA:1,(anonymous_3)
DA:27,5
DA:28,24
DA:29,24
DA:31,24
DA:32,6264
DA:33,6264
DA:43,24
DA:44,2
DA:47,24
DA:48,1
DA:51,24
LF:11
LH:11
BRF:0
BRH:0
end_of_record
TN:
SF:src/modules/legal/usedLibs/screen_usedLibList.tsx
FN:32,(anonymous_0)
FN:38,(anonymous_1)
FN:54,(anonymous_2)
FN:57,(anonymous_3)
FNF:4
FNH:4
FNDA:25,(anonymous_0)
FNDA:1,(anonymous_1)
FNDA:6265,(anonymous_2)
FNDA:1,(anonymous_3)
DA:13,6
DA:32,6
DA:37,25
DA:38,25
DA:39,1
DA:42,25
DA:55,6265
DA:57,1
LF:8
LH:8
BRF:0
BRH:0
end_of_record
TN:
SF:src/modules/ui/floatingBtn/floatingBtn.tsx
FN:19,(anonymous_0)
FNF:1
FNH:1
FNDA:72,(anonymous_0)
DA:19,8
DA:23,72
DA:25,13
DA:32,13
DA:34,14
DA:41,14
DA:43,45
DA:50,45
DA:53,72
LF:9
LH:9
BRDA:23,0,0,13
BRDA:23,0,1,14
BRDA:23,0,2,45
BRF:3
BRH:3
end_of_record
TN:
SF:src/modules/ui/progress/progressCircle/progressCircle.tsx
FN:8,(anonymous_0)
FN:9,(anonymous_1)
FNF:2
FNH:2
FNDA:68,(anonymous_0)
FNDA:68,(anonymous_1)
DA:8,9
DA:9,68
DA:10,68
DA:11,35
DA:12,33
DA:13,1
DA:14,32
DA:15,1
DA:17,31
DA:21,68
DA:22,68
DA:23,68
DA:24,68
DA:25,68
DA:26,68
DA:28,68
LF:16
LH:16
BRDA:10,0,0,35
BRDA:10,0,1,33
BRDA:12,1,0,1
BRDA:12,1,1,32
BRDA:14,2,0,1
BRDA:14,2,1,31
BRF:6
BRH:6
end_of_record
